<testsuites id="" name="" tests="1" failures="0" skipped="0" errors="0" time="6.191485000000001">
<testsuite name="google-ads-kpi-debug.spec.ts" timestamp="2025-08-18T13:56:34.090Z" hostname="chromium" tests="1" failures="0" skipped="0" time="5.147" errors="0">
<testcase name="Google Ads KPI 데이터 진단 › 관리자 페이지 로그인 및 Google Ads KPI 확인" classname="google-ads-kpi-debug.spec.ts" time="5.147">
<system-out>
<![CDATA[로그인 후 페이지 URL: http://localhost:3000/admin
로그인 후 페이지 제목: 
로그인 성공! 로그아웃 버튼 발견
찾은 텍스트: "Google Ads" (2개)
찾은 텍스트: "Google Ads 캠페인" (1개)
찾은 텍스트: "캠페인 KPI" (1개)
찾은 텍스트: "Ads" (2개)
찾은 텍스트: "KPI" (1개)
페이지에 포함된 주요 텍스트: MASGOLF 관리자로그아웃대시보드퍼널 관리캠페인 관리예약상담관리마케팅 콘텐츠팀 관리Google Ads 캠페인 KPI (현재 월)모의 데이터새로고침모의 데이터 표시 중실제 Google Ads 데이터를 보려면 API 연결을 완료하세요.기간: 2025-08-01 ~ 2025-08-18 (모의 데이터)총 노출수24,340총 클릭수1,459총 비용$4,236.12총 전환68전체 CTR5.99%전체 CPC$2.90전체 ROAS5.05x현재 월 활성 캠페인MASGOLF 현재 월 캠페인활성노출수15,420클릭수892비용$2,345.67CTR5.79%2025-08-01 ~ 2025-08-18골프 클럽 특가 캠페인활성노출수8,920클릭수567비용$1,890.45CTR6.36%2025-08-01 ~ 2025-08-18마지막 업데이트: 10:56:36 PM데이터 기간: 2025-08-01 ~ 2025-08-18 (모의 데이터)GA4 실시간 데이터실시간 데이터🔄새로고침실시간 (현재 접속자)현재 접속자2실시간 페이지뷰5실시간 이벤트26오늘 시간대별 트렌드오늘 방문자526오늘 페이지뷰687오늘 이벤트3350오늘 시간대별 방문자 (0-24시)00시03시06시09시12시15시18시21시020406080현재 시간: 22시 56분이번달 일별 트렌드이번달 방문자7465이번달 페이지뷰11861이번달 이벤트42192현재월 일별 방문자 (1일-말일)31일3일6일9일12일15일18일20일23일26일29일025050075010007월 31일 ~ 8월 29일총 방문자: 7,965명마지막 업데이트: 10:56:39 PMGA4 속성 ID: 497433231{"props":{"pageProps":{}},"page":"/admin","query":{},"buildId":"development","nextExport":true,"autoExport":true,"isFallback":false,"scriptLoader":[]}
            feather.replace();
          250
]]>
</system-out>
</testcase>
</testsuite>
</testsuites>