<testsuites id="" name="" tests="6" failures="5" skipped="1" errors="0" time="15.836913">
<testsuite name="product-composition-gallery.spec.ts" timestamp="2025-12-29T10:37:02.853Z" hostname="chromium" tests="2" failures="1" skipped="1" time="18.094" errors="0">
<testcase name="제품 합성 관리 - 갤러리 이미지 선택 › 갤러리에서 이미지 선택 모달 열기 및 이미지 로딩 확인" classname="product-composition-gallery.spec.ts" time="14.15">
<failure message="product-composition-gallery.spec.ts:14:7 갤러리에서 이미지 선택 모달 열기 및 이미지 로딩 확인" type="FAILURE">
<![CDATA[  [chromium] › product-composition-gallery.spec.ts:14:7 › 제품 합성 관리 - 갤러리 이미지 선택 › 갤러리에서 이미지 선택 모달 열기 및 이미지 로딩 확인 

    TimeoutError: page.waitForSelector: Timeout 10000ms exceeded.
    Call log:
      - waiting for locator('text=제품 합성 관리') to be visible


      14 |   test('갤러리에서 이미지 선택 모달 열기 및 이미지 로딩 확인', async ({ page }) => {
      15 |     // 제품 목록이 로드될 때까지 대기
    > 16 |     await page.waitForSelector('text=제품 합성 관리', { timeout: 10000 });
         |                ^
      17 |     
      18 |     // 제품 수정 버튼이 있는지 확인 (첫 번째 제품)
      19 |     const editButtons = page.locator('button:has-text("수정")');
        at /Users/m2/MASLABS/win.masgolf.co.kr/tests/product-composition-gallery.spec.ts:16:16

    attachment #1: screenshot (image/png) ──────────────────────────────────────────────────────────
    ../test-results/product-composition-galler-90eff-에서-이미지-선택-모달-열기-및-이미지-로딩-확인-chromium/test-failed-1.png
    ────────────────────────────────────────────────────────────────────────────────────────────────

    attachment #2: video (video/webm) ──────────────────────────────────────────────────────────────
    ../test-results/product-composition-galler-90eff-에서-이미지-선택-모달-열기-및-이미지-로딩-확인-chromium/video.webm
    ────────────────────────────────────────────────────────────────────────────────────────────────

    Error Context: ../test-results/product-composition-galler-90eff-에서-이미지-선택-모달-열기-및-이미지-로딩-확인-chromium/error-context.md
]]>
</failure>
<system-out>
<![CDATA[
[[ATTACHMENT|product-composition-galler-90eff-에서-이미지-선택-모달-열기-및-이미지-로딩-확인-chromium/test-failed-1.png]]

[[ATTACHMENT|product-composition-galler-90eff-에서-이미지-선택-모달-열기-및-이미지-로딩-확인-chromium/video.webm]]

[[ATTACHMENT|product-composition-galler-90eff-에서-이미지-선택-모달-열기-및-이미지-로딩-확인-chromium/error-context.md]]
]]>
</system-out>
</testcase>
<testcase name="제품 합성 관리 - 갤러리 이미지 선택 › 갤러리 모달에서 API 응답 확인" classname="product-composition-gallery.spec.ts" time="3.944">
<properties>
<property name="skip" value="">
</property>
</properties>
<skipped>
</skipped>
</testcase>
</testsuite>
<testsuite name="product-composition-gallery.spec.ts" timestamp="2025-12-29T10:37:02.853Z" hostname="firefox" tests="2" failures="2" skipped="0" time="6.051" errors="0">
<testcase name="제품 합성 관리 - 갤러리 이미지 선택 › 갤러리에서 이미지 선택 모달 열기 및 이미지 로딩 확인" classname="product-composition-gallery.spec.ts" time="2.753">
<failure message="product-composition-gallery.spec.ts:14:7 갤러리에서 이미지 선택 모달 열기 및 이미지 로딩 확인" type="FAILURE">
<![CDATA[  [firefox] › product-composition-gallery.spec.ts:14:7 › 제품 합성 관리 - 갤러리 이미지 선택 › 갤러리에서 이미지 선택 모달 열기 및 이미지 로딩 확인 

    Error: page.goto: NS_BINDING_ABORTED
    Call log:
      - navigating to "http://localhost:3000/admin/product-composition", waiting until "load"


       8 |     
       9 |     // 제품 합성 관리 페이지로 이동
    > 10 |     await page.goto('http://localhost:3000/admin/product-composition');
         |                ^
      11 |     await page.waitForLoadState('networkidle');
      12 |   });
      13 |
        at /Users/m2/MASLABS/win.masgolf.co.kr/tests/product-composition-gallery.spec.ts:10:16

    attachment #1: screenshot (image/png) ──────────────────────────────────────────────────────────
    ../test-results/product-composition-galler-90eff-에서-이미지-선택-모달-열기-및-이미지-로딩-확인-firefox/test-failed-1.png
    ────────────────────────────────────────────────────────────────────────────────────────────────

    attachment #2: video (video/webm) ──────────────────────────────────────────────────────────────
    ../test-results/product-composition-galler-90eff-에서-이미지-선택-모달-열기-및-이미지-로딩-확인-firefox/video.webm
    ────────────────────────────────────────────────────────────────────────────────────────────────

    Error Context: ../test-results/product-composition-galler-90eff-에서-이미지-선택-모달-열기-및-이미지-로딩-확인-firefox/error-context.md
]]>
</failure>
<system-out>
<![CDATA[
[[ATTACHMENT|product-composition-galler-90eff-에서-이미지-선택-모달-열기-및-이미지-로딩-확인-firefox/test-failed-1.png]]

[[ATTACHMENT|product-composition-galler-90eff-에서-이미지-선택-모달-열기-및-이미지-로딩-확인-firefox/video.webm]]

[[ATTACHMENT|product-composition-galler-90eff-에서-이미지-선택-모달-열기-및-이미지-로딩-확인-firefox/error-context.md]]
]]>
</system-out>
</testcase>
<testcase name="제품 합성 관리 - 갤러리 이미지 선택 › 갤러리 모달에서 API 응답 확인" classname="product-composition-gallery.spec.ts" time="3.298">
<failure message="product-composition-gallery.spec.ts:146:7 갤러리 모달에서 API 응답 확인" type="FAILURE">
<![CDATA[  [firefox] › product-composition-gallery.spec.ts:146:7 › 제품 합성 관리 - 갤러리 이미지 선택 › 갤러리 모달에서 API 응답 확인 

    Error: page.goto: NS_BINDING_ABORTED; maybe frame was detached?
    Call log:
      - navigating to "http://localhost:3000/admin/product-composition", waiting until "load"


       8 |     
       9 |     // 제품 합성 관리 페이지로 이동
    > 10 |     await page.goto('http://localhost:3000/admin/product-composition');
         |                ^
      11 |     await page.waitForLoadState('networkidle');
      12 |   });
      13 |
        at /Users/m2/MASLABS/win.masgolf.co.kr/tests/product-composition-gallery.spec.ts:10:16

    attachment #1: screenshot (image/png) ──────────────────────────────────────────────────────────
    ../test-results/product-composition-galler-ea3da-리-이미지-선택-갤러리-모달에서-API-응답-확인-firefox/test-failed-1.png
    ────────────────────────────────────────────────────────────────────────────────────────────────

    attachment #2: video (video/webm) ──────────────────────────────────────────────────────────────
    ../test-results/product-composition-galler-ea3da-리-이미지-선택-갤러리-모달에서-API-응답-확인-firefox/video.webm
    ────────────────────────────────────────────────────────────────────────────────────────────────

    Error Context: ../test-results/product-composition-galler-ea3da-리-이미지-선택-갤러리-모달에서-API-응답-확인-firefox/error-context.md
]]>
</failure>
<system-out>
<![CDATA[
[[ATTACHMENT|product-composition-galler-ea3da-리-이미지-선택-갤러리-모달에서-API-응답-확인-firefox/test-failed-1.png]]

[[ATTACHMENT|product-composition-galler-ea3da-리-이미지-선택-갤러리-모달에서-API-응답-확인-firefox/video.webm]]

[[ATTACHMENT|product-composition-galler-ea3da-리-이미지-선택-갤러리-모달에서-API-응답-확인-firefox/error-context.md]]
]]>
</system-out>
</testcase>
</testsuite>
<testsuite name="product-composition-gallery.spec.ts" timestamp="2025-12-29T10:37:02.853Z" hostname="webkit" tests="2" failures="2" skipped="0" time="5.295" errors="0">
<testcase name="제품 합성 관리 - 갤러리 이미지 선택 › 갤러리에서 이미지 선택 모달 열기 및 이미지 로딩 확인" classname="product-composition-gallery.spec.ts" time="2.657">
<failure message="product-composition-gallery.spec.ts:14:7 갤러리에서 이미지 선택 모달 열기 및 이미지 로딩 확인" type="FAILURE">
<![CDATA[  [webkit] › product-composition-gallery.spec.ts:14:7 › 제품 합성 관리 - 갤러리 이미지 선택 › 갤러리에서 이미지 선택 모달 열기 및 이미지 로딩 확인 

    Error: page.goto: Navigation to "http://localhost:3000/admin/product-composition" is interrupted by another navigation to "http://localhost:3000/api/auth/error"
    Call log:
      - navigating to "http://localhost:3000/admin/product-composition", waiting until "load"


       8 |     
       9 |     // 제품 합성 관리 페이지로 이동
    > 10 |     await page.goto('http://localhost:3000/admin/product-composition');
         |                ^
      11 |     await page.waitForLoadState('networkidle');
      12 |   });
      13 |
        at /Users/m2/MASLABS/win.masgolf.co.kr/tests/product-composition-gallery.spec.ts:10:16

    attachment #1: screenshot (image/png) ──────────────────────────────────────────────────────────
    ../test-results/product-composition-galler-90eff-에서-이미지-선택-모달-열기-및-이미지-로딩-확인-webkit/test-failed-1.png
    ────────────────────────────────────────────────────────────────────────────────────────────────

    attachment #2: video (video/webm) ──────────────────────────────────────────────────────────────
    ../test-results/product-composition-galler-90eff-에서-이미지-선택-모달-열기-및-이미지-로딩-확인-webkit/video.webm
    ────────────────────────────────────────────────────────────────────────────────────────────────

    Error Context: ../test-results/product-composition-galler-90eff-에서-이미지-선택-모달-열기-및-이미지-로딩-확인-webkit/error-context.md
]]>
</failure>
<system-out>
<![CDATA[
[[ATTACHMENT|product-composition-galler-90eff-에서-이미지-선택-모달-열기-및-이미지-로딩-확인-webkit/test-failed-1.png]]

[[ATTACHMENT|product-composition-galler-90eff-에서-이미지-선택-모달-열기-및-이미지-로딩-확인-webkit/video.webm]]

[[ATTACHMENT|product-composition-galler-90eff-에서-이미지-선택-모달-열기-및-이미지-로딩-확인-webkit/error-context.md]]
]]>
</system-out>
</testcase>
<testcase name="제품 합성 관리 - 갤러리 이미지 선택 › 갤러리 모달에서 API 응답 확인" classname="product-composition-gallery.spec.ts" time="2.638">
<failure message="product-composition-gallery.spec.ts:146:7 갤러리 모달에서 API 응답 확인" type="FAILURE">
<![CDATA[  [webkit] › product-composition-gallery.spec.ts:146:7 › 제품 합성 관리 - 갤러리 이미지 선택 › 갤러리 모달에서 API 응답 확인 

    Error: page.goto: Navigation to "http://localhost:3000/admin/product-composition" is interrupted by another navigation to "http://localhost:3000/api/auth/error"
    Call log:
      - navigating to "http://localhost:3000/admin/product-composition", waiting until "load"


       8 |     
       9 |     // 제품 합성 관리 페이지로 이동
    > 10 |     await page.goto('http://localhost:3000/admin/product-composition');
         |                ^
      11 |     await page.waitForLoadState('networkidle');
      12 |   });
      13 |
        at /Users/m2/MASLABS/win.masgolf.co.kr/tests/product-composition-gallery.spec.ts:10:16

    attachment #1: screenshot (image/png) ──────────────────────────────────────────────────────────
    ../test-results/product-composition-galler-ea3da-리-이미지-선택-갤러리-모달에서-API-응답-확인-webkit/test-failed-1.png
    ────────────────────────────────────────────────────────────────────────────────────────────────

    attachment #2: video (video/webm) ──────────────────────────────────────────────────────────────
    ../test-results/product-composition-galler-ea3da-리-이미지-선택-갤러리-모달에서-API-응답-확인-webkit/video.webm
    ────────────────────────────────────────────────────────────────────────────────────────────────

    Error Context: ../test-results/product-composition-galler-ea3da-리-이미지-선택-갤러리-모달에서-API-응답-확인-webkit/error-context.md
]]>
</failure>
<system-out>
<![CDATA[
[[ATTACHMENT|product-composition-galler-ea3da-리-이미지-선택-갤러리-모달에서-API-응답-확인-webkit/test-failed-1.png]]

[[ATTACHMENT|product-composition-galler-ea3da-리-이미지-선택-갤러리-모달에서-API-응답-확인-webkit/video.webm]]

[[ATTACHMENT|product-composition-galler-ea3da-리-이미지-선택-갤러리-모달에서-API-응답-확인-webkit/error-context.md]]
]]>
</system-out>
</testcase>
</testsuite>
</testsuites>