<testsuites id="" name="" tests="3" failures="0" skipped="0" errors="0" time="4.217367">
<testsuite name="simple-admin-test.spec.ts" timestamp="2025-08-19T04:37:02.499Z" hostname="chromium" tests="1" failures="0" skipped="0" time="2.676" errors="0">
<testcase name="관리자 페이지 내용 확인 › 관리자 페이지 로그인 및 내용 확인" classname="simple-admin-test.spec.ts" time="2.676">
<system-out>
<![CDATA[페이지 제목: 
퍼널 관리 탭 발견
총 버튼 개수: [33m7[39m
버튼 0: 로그아웃
버튼 1: 대시보드
버튼 2: 퍼널 관리
버튼 3: 캠페인 관리
버튼 4: 예약상담관리
버튼 5: 마케팅 콘텐츠
버튼 6: 팀 관리
2025년 월 버튼 개수: [33m4[39m
월 버튼 0: 2025-05
월 버튼 1: 2025-06
월 버튼 2: 2025-07
월 버튼 3: 2025-08
페이지 전체 텍스트: MASGOLF 관리자로그아웃대시보드퍼널 관리캠페인 관리예약상담관리마케팅 콘텐츠팀 관리퍼널 관리총 6개의 퍼널 파일마지막 업데이트: 2025. 8. 19. 오후 1:37:052025-052025-062025-072025-082025-08 주력 페이지 성능 비교funnel-2025-08-live-a.html테스트 중페이지뷰 시작일:2025년 8월 6일 오후 03:48누적 페이지뷰7708월 15일 ~ 8월 19일 (5일)전환율NA실제 전환 데이터 필요성능 점수NA로드 시간:1.2s첫 번째 페인트:0.8s최대 페인트:1.5s평균 세션:NA바운스율:NA페이지/세션:NA미리보기funnel-2025-08-live-b.html현재 활성페이지뷰 시작일:2025년 8월 16일 오후 10:32누적 페이지뷰1,4658월 15일 ~ 8월 19일 (5일)전환율NA실제 전환 데이터 필요성능 점수NA로드 시간:1.1s첫 번째 페인트:0.7s최대 페인트:1.3s평균 세션:NA바운스율:NA페이지/세션:NA미리보기🏆 현재 승자: funnel-2025-08-live-b.html - 전환율 +0.6%스크롤 깊이 분석funnel-2025-08-live-a.html 스크롤 깊이총 사용자: 770명NA실제 스크롤 깊이 데이터 필요평균 스크롤 깊이: NAfunnel-2025-08-live-b.html 스크롤 깊이총 사용자: 1465명NA실제 스크롤 깊이 데이터 필요평균 스크롤 깊이: NA📊 실제 스크롤 깊이 데이터 연동 필요{"props":{"pageProps":{}},"page":"/admin","query":{},"buildId":"development","nextExport":true,"autoExport":true,"isFallback":false,"scriptLoader":[]}
            feather.replace();
          250
]]>
</system-out>
</testcase>
</testsuite>
<testsuite name="simple-admin-test.spec.ts" timestamp="2025-08-19T04:37:02.499Z" hostname="firefox" tests="1" failures="0" skipped="0" time="2.88" errors="0">
<testcase name="관리자 페이지 내용 확인 › 관리자 페이지 로그인 및 내용 확인" classname="simple-admin-test.spec.ts" time="2.88">
<system-out>
<![CDATA[페이지 제목: 
퍼널 관리 탭 발견
총 버튼 개수: [33m7[39m
버튼 0: 로그아웃
버튼 1: 대시보드
버튼 2: 퍼널 관리
버튼 3: 캠페인 관리
버튼 4: 예약상담관리
버튼 5: 마케팅 콘텐츠
버튼 6: 팀 관리
2025년 월 버튼 개수: [33m4[39m
월 버튼 0: 2025-05
월 버튼 1: 2025-06
월 버튼 2: 2025-07
월 버튼 3: 2025-08
페이지 전체 텍스트: MASGOLF 관리자로그아웃대시보드퍼널 관리캠페인 관리예약상담관리마케팅 콘텐츠팀 관리퍼널 관리총 6개의 퍼널 파일마지막 업데이트: 2025. 8. 19. 오후 1:37:062025-052025-062025-072025-082025-08 주력 페이지 성능 비교funnel-2025-08-live-a.html테스트 중페이지뷰 시작일:2025년 8월 6일 오후 03:48누적 페이지뷰7708월 15일 ~ 8월 19일 (5일)전환율NA실제 전환 데이터 필요성능 점수NA로드 시간:1.2s첫 번째 페인트:0.8s최대 페인트:1.5s평균 세션:NA바운스율:NA페이지/세션:NA미리보기funnel-2025-08-live-b.html현재 활성페이지뷰 시작일:2025년 8월 16일 오후 10:32누적 페이지뷰1,4658월 15일 ~ 8월 19일 (5일)전환율NA실제 전환 데이터 필요성능 점수NA로드 시간:1.1s첫 번째 페인트:0.7s최대 페인트:1.3s평균 세션:NA바운스율:NA페이지/세션:NA미리보기🏆 현재 승자: funnel-2025-08-live-b.html - 전환율 +0.6%스크롤 깊이 분석funnel-2025-08-live-a.html 스크롤 깊이총 사용자: 770명NA실제 스크롤 깊이 데이터 필요평균 스크롤 깊이: NAfunnel-2025-08-live-b.html 스크롤 깊이총 사용자: 1465명NA실제 스크롤 깊이 데이터 필요평균 스크롤 깊이: NA📊 실제 스크롤 깊이 데이터 연동 필요{"props":{"pageProps":{}},"page":"/admin","query":{},"buildId":"development","nextExport":true,"autoExport":true,"isFallback":false,"scriptLoader":[]}
            feather.replace();
          250
]]>
</system-out>
</testcase>
</testsuite>
<testsuite name="simple-admin-test.spec.ts" timestamp="2025-08-19T04:37:02.499Z" hostname="webkit" tests="1" failures="0" skipped="0" time="2.888" errors="0">
<testcase name="관리자 페이지 내용 확인 › 관리자 페이지 로그인 및 내용 확인" classname="simple-admin-test.spec.ts" time="2.888">
<system-out>
<![CDATA[페이지 제목: 
퍼널 관리 탭 발견
총 버튼 개수: [33m7[39m
버튼 0: 로그아웃
버튼 1: 대시보드
버튼 2: 퍼널 관리
버튼 3: 캠페인 관리
버튼 4: 예약상담관리
버튼 5: 마케팅 콘텐츠
버튼 6: 팀 관리
2025년 월 버튼 개수: [33m4[39m
월 버튼 0: 2025-05
월 버튼 1: 2025-06
월 버튼 2: 2025-07
월 버튼 3: 2025-08
페이지 전체 텍스트: MASGOLF 관리자로그아웃대시보드퍼널 관리캠페인 관리예약상담관리마케팅 콘텐츠팀 관리퍼널 관리총 6개의 퍼널 파일마지막 업데이트: 2025. 8. 19. 오후 1:37:052025-052025-062025-072025-082025-08 주력 페이지 성능 비교funnel-2025-08-live-a.html테스트 중페이지뷰 시작일:2025년 8월 6일 오후 03:48누적 페이지뷰7708월 15일 ~ 8월 19일 (5일)전환율NA실제 전환 데이터 필요성능 점수NA로드 시간:1.2s첫 번째 페인트:0.8s최대 페인트:1.5s평균 세션:NA바운스율:NA페이지/세션:NA미리보기funnel-2025-08-live-b.html현재 활성페이지뷰 시작일:2025년 8월 16일 오후 10:32누적 페이지뷰1,4658월 15일 ~ 8월 19일 (5일)전환율NA실제 전환 데이터 필요성능 점수NA로드 시간:1.1s첫 번째 페인트:0.7s최대 페인트:1.3s평균 세션:NA바운스율:NA페이지/세션:NA미리보기🏆 현재 승자: funnel-2025-08-live-b.html - 전환율 +0.6%스크롤 깊이 분석funnel-2025-08-live-a.html 스크롤 깊이총 사용자: 770명NA실제 스크롤 깊이 데이터 필요평균 스크롤 깊이: NAfunnel-2025-08-live-b.html 스크롤 깊이총 사용자: 1465명NA실제 스크롤 깊이 데이터 필요평균 스크롤 깊이: NA📊 실제 스크롤 깊이 데이터 연동 필요{"props":{"pageProps":{}},"page":"/admin","query":{},"buildId":"development","nextExport":true,"autoExport":true,"isFallback":false,"scriptLoader":[]}
            feather.replace();
          250
]]>
</system-out>
</testcase>
</testsuite>
</testsuites>