<testsuites id="" name="" tests="1" failures="1" skipped="0" errors="0" time="6.78865">
<testsuite name="deployment-verification-final.spec.ts" timestamp="2025-08-18T13:20:38.656Z" hostname="chromium" tests="1" failures="1" skipped="0" time="6.192" errors="0">
<testcase name="배포 후 최종 검증 › 로컬 관리자 페이지도 정상적으로 작동하는지 확인" classname="deployment-verification-final.spec.ts" time="6.192">
<failure message="deployment-verification-final.spec.ts:110:7 로컬 관리자 페이지도 정상적으로 작동하는지 확인" type="FAILURE">
<![CDATA[  [chromium] › deployment-verification-final.spec.ts:110:7 › 배포 후 최종 검증 › 로컬 관리자 페이지도 정상적으로 작동하는지 확인 

    Error: Timed out 5000ms waiting for expect(locator).toBeVisible()

    Locator: locator('text=로그아웃')
    Expected: visible
    Received: <element(s) not found>
    Call log:
      - Expect "toBeVisible" with timeout 5000ms
      - waiting for locator('text=로그아웃')


      123 |     
      124 |     // 로그인 성공 확인 (URL이 변경되었는지 또는 특정 요소가 표시되는지)
    > 125 |     await expect(page.locator('text=로그아웃')).toBeVisible();
          |                                             ^
      126 |   });
      127 |
      128 |   test('API 엔드포인트들이 정상적으로 작동하는지 확인', async ({ page }) => {
        at /Users/m2/MASLABS/win.masgolf.co.kr/tests/deployment-verification-final.spec.ts:125:45

    attachment #1: screenshot (image/png) ──────────────────────────────────────────────────────────
    ../test-results/deployment-verification-fi-27b8c--로컬-관리자-페이지도-정상적으로-작동하는지-확인-chromium/test-failed-1.png
    ────────────────────────────────────────────────────────────────────────────────────────────────

    attachment #2: video (video/webm) ──────────────────────────────────────────────────────────────
    ../test-results/deployment-verification-fi-27b8c--로컬-관리자-페이지도-정상적으로-작동하는지-확인-chromium/video.webm
    ────────────────────────────────────────────────────────────────────────────────────────────────

    Error Context: ../test-results/deployment-verification-fi-27b8c--로컬-관리자-페이지도-정상적으로-작동하는지-확인-chromium/error-context.md
]]>
</failure>
<system-out>
<![CDATA[
[[ATTACHMENT|deployment-verification-fi-27b8c--로컬-관리자-페이지도-정상적으로-작동하는지-확인-chromium/test-failed-1.png]]

[[ATTACHMENT|deployment-verification-fi-27b8c--로컬-관리자-페이지도-정상적으로-작동하는지-확인-chromium/video.webm]]

[[ATTACHMENT|deployment-verification-fi-27b8c--로컬-관리자-페이지도-정상적으로-작동하는지-확인-chromium/error-context.md]]
]]>
</system-out>
</testcase>
</testsuite>
</testsuites>