<testsuites id="" name="" tests="16" failures="8" skipped="0" errors="0" time="18.184614">
<testsuite name="deployment-verification-final.spec.ts" timestamp="2025-08-19T15:04:02.782Z" hostname="chromium" tests="9" failures="5" skipped="0" time="53.88" errors="0">
<testcase name="배포 후 최종 검증 › 새로운 홈페이지가 정상적으로 로드되는지 확인" classname="deployment-verification-final.spec.ts" time="2.083">
</testcase>
<testcase name="배포 후 최종 검증 › 8월 퍼널이 정상적으로 작동하는지 확인" classname="deployment-verification-final.spec.ts" time="6.89">
<failure message="deployment-verification-final.spec.ts:24:7 8월 퍼널이 정상적으로 작동하는지 확인" type="FAILURE">
<![CDATA[  [chromium] › deployment-verification-final.spec.ts:24:7 › 배포 후 최종 검증 › 8월 퍼널이 정상적으로 작동하는지 확인 ─────

    Error: Timed out 5000ms waiting for expect(page).toHaveURL(expected)

    Expected pattern: /.*\/25-08/
    Received string:  "https://win.masgolf.co.kr/"
    Call log:
      - Expect "toHaveURL" with timeout 5000ms
        9 × unexpected value "https://win.masgolf.co.kr/"


      26 |     
      27 |     // 자동으로 /25-08로 리다이렉트되는지 확인
    > 28 |     await expect(page).toHaveURL(/.*\/25-08/);
         |                        ^
      29 |     
      30 |     // 퍼널 페이지 제목 확인
      31 |     await expect(page.locator('title')).toContainText('MAS Golf 8월 퍼널');
        at /Users/m2/MASLABS/win.masgolf.co.kr/tests/deployment-verification-final.spec.ts:28:24

    attachment #1: screenshot (image/png) ──────────────────────────────────────────────────────────
    ../test-results/deployment-verification-fi-97fbb-최종-검증-8월-퍼널이-정상적으로-작동하는지-확인-chromium/test-failed-1.png
    ────────────────────────────────────────────────────────────────────────────────────────────────

    attachment #2: video (video/webm) ──────────────────────────────────────────────────────────────
    ../test-results/deployment-verification-fi-97fbb-최종-검증-8월-퍼널이-정상적으로-작동하는지-확인-chromium/video.webm
    ────────────────────────────────────────────────────────────────────────────────────────────────

    Error Context: ../test-results/deployment-verification-fi-97fbb-최종-검증-8월-퍼널이-정상적으로-작동하는지-확인-chromium/error-context.md
]]>
</failure>
<system-out>
<![CDATA[
[[ATTACHMENT|deployment-verification-fi-97fbb-최종-검증-8월-퍼널이-정상적으로-작동하는지-확인-chromium/test-failed-1.png]]

[[ATTACHMENT|deployment-verification-fi-97fbb-최종-검증-8월-퍼널이-정상적으로-작동하는지-확인-chromium/video.webm]]

[[ATTACHMENT|deployment-verification-fi-97fbb-최종-검증-8월-퍼널이-정상적으로-작동하는지-확인-chromium/error-context.md]]
]]>
</system-out>
</testcase>
<testcase name="배포 후 최종 검증 › 관리자 페이지 로그인이 정상적으로 작동하는지 확인" classname="deployment-verification-final.spec.ts" time="7.17">
<failure message="deployment-verification-final.spec.ts:38:7 관리자 페이지 로그인이 정상적으로 작동하는지 확인" type="FAILURE">
<![CDATA[  [chromium] › deployment-verification-final.spec.ts:38:7 › 배포 후 최종 검증 › 관리자 페이지 로그인이 정상적으로 작동하는지 확인 

    Error: Timed out 5000ms waiting for expect(locator).toBeVisible()

    Locator: locator('text=퍼널 관리')
    Expected: visible
    Received: <element(s) not found>
    Call log:
      - Expect "toBeVisible" with timeout 5000ms
      - waiting for locator('text=퍼널 관리')


      47 |     
      48 |     // 로그인 성공 후 대시보드 확인
    > 49 |     await expect(page.locator('text=퍼널 관리')).toBeVisible();
         |                                              ^
      50 |     await expect(page.locator('text=실시간 A/B 테스트 성능 비교')).toBeVisible();
      51 |   });
      52 |
        at /Users/m2/MASLABS/win.masgolf.co.kr/tests/deployment-verification-final.spec.ts:49:46

    attachment #1: screenshot (image/png) ──────────────────────────────────────────────────────────
    ../test-results/deployment-verification-fi-d7e3e-관리자-페이지-로그인이-정상적으로-작동하는지-확인-chromium/test-failed-1.png
    ────────────────────────────────────────────────────────────────────────────────────────────────

    attachment #2: video (video/webm) ──────────────────────────────────────────────────────────────
    ../test-results/deployment-verification-fi-d7e3e-관리자-페이지-로그인이-정상적으로-작동하는지-확인-chromium/video.webm
    ────────────────────────────────────────────────────────────────────────────────────────────────

    Error Context: ../test-results/deployment-verification-fi-d7e3e-관리자-페이지-로그인이-정상적으로-작동하는지-확인-chromium/error-context.md
]]>
</failure>
<system-out>
<![CDATA[
[[ATTACHMENT|deployment-verification-fi-d7e3e-관리자-페이지-로그인이-정상적으로-작동하는지-확인-chromium/test-failed-1.png]]

[[ATTACHMENT|deployment-verification-fi-d7e3e-관리자-페이지-로그인이-정상적으로-작동하는지-확인-chromium/video.webm]]

[[ATTACHMENT|deployment-verification-fi-d7e3e-관리자-페이지-로그인이-정상적으로-작동하는지-확인-chromium/error-context.md]]
]]>
</system-out>
</testcase>
<testcase name="배포 후 최종 검증 › 관리자 페이지 퍼널 관리 탭이 정상적으로 작동하는지 확인" classname="deployment-verification-final.spec.ts" time="10.323">
<failure message="deployment-verification-final.spec.ts:53:7 관리자 페이지 퍼널 관리 탭이 정상적으로 작동하는지 확인" type="FAILURE">
<![CDATA[  [chromium] › deployment-verification-final.spec.ts:53:7 › 배포 후 최종 검증 › 관리자 페이지 퍼널 관리 탭이 정상적으로 작동하는지 확인 

    Test timeout of 10000ms exceeded.

    Error: page.click: Test timeout of 10000ms exceeded.
    Call log:
      - waiting for locator('text=퍼널 관리')


      59 |     
      60 |     // 퍼널 관리 탭 클릭
    > 61 |     await page.click('text=퍼널 관리');
         |                ^
      62 |     
      63 |     // 2025-08 탭 확인
      64 |     await expect(page.locator('text=2025-08')).toBeVisible();
        at /Users/m2/MASLABS/win.masgolf.co.kr/tests/deployment-verification-final.spec.ts:61:16

    attachment #1: screenshot (image/png) ──────────────────────────────────────────────────────────
    ../test-results/deployment-verification-fi-8cf7d-페이지-퍼널-관리-탭이-정상적으로-작동하는지-확인-chromium/test-failed-1.png
    ────────────────────────────────────────────────────────────────────────────────────────────────

    attachment #2: video (video/webm) ──────────────────────────────────────────────────────────────
    ../test-results/deployment-verification-fi-8cf7d-페이지-퍼널-관리-탭이-정상적으로-작동하는지-확인-chromium/video.webm
    ────────────────────────────────────────────────────────────────────────────────────────────────

    Error Context: ../test-results/deployment-verification-fi-8cf7d-페이지-퍼널-관리-탭이-정상적으로-작동하는지-확인-chromium/error-context.md
]]>
</failure>
<system-out>
<![CDATA[
[[ATTACHMENT|deployment-verification-fi-8cf7d-페이지-퍼널-관리-탭이-정상적으로-작동하는지-확인-chromium/test-failed-1.png]]

[[ATTACHMENT|deployment-verification-fi-8cf7d-페이지-퍼널-관리-탭이-정상적으로-작동하는지-확인-chromium/video.webm]]

[[ATTACHMENT|deployment-verification-fi-8cf7d-페이지-퍼널-관리-탭이-정상적으로-작동하는지-확인-chromium/error-context.md]]
]]>
</system-out>
</testcase>
<testcase name="배포 후 최종 검증 › 관리자 페이지 GA4 데이터가 정상적으로 로드되는지 확인" classname="deployment-verification-final.spec.ts" time="10.28">
<failure message="deployment-verification-final.spec.ts:71:7 관리자 페이지 GA4 데이터가 정상적으로 로드되는지 확인" type="FAILURE">
<![CDATA[  [chromium] › deployment-verification-final.spec.ts:71:7 › 배포 후 최종 검증 › 관리자 페이지 GA4 데이터가 정상적으로 로드되는지 확인 

    Test timeout of 10000ms exceeded.

    Error: page.click: Test timeout of 10000ms exceeded.
    Call log:
      - waiting for locator('text=퍼널 관리')


      77 |     
      78 |     // 퍼널 관리 탭 클릭
    > 79 |     await page.click('text=퍼널 관리');
         |                ^
      80 |     
      81 |     // 2025-08 탭 클릭
      82 |     await page.click('text=2025-08');
        at /Users/m2/MASLABS/win.masgolf.co.kr/tests/deployment-verification-final.spec.ts:79:16

    attachment #1: screenshot (image/png) ──────────────────────────────────────────────────────────
    ../test-results/deployment-verification-fi-c20f1-페이지-GA4-데이터가-정상적으로-로드되는지-확인-chromium/test-failed-1.png
    ────────────────────────────────────────────────────────────────────────────────────────────────

    attachment #2: video (video/webm) ──────────────────────────────────────────────────────────────
    ../test-results/deployment-verification-fi-c20f1-페이지-GA4-데이터가-정상적으로-로드되는지-확인-chromium/video.webm
    ────────────────────────────────────────────────────────────────────────────────────────────────

    Error Context: ../test-results/deployment-verification-fi-c20f1-페이지-GA4-데이터가-정상적으로-로드되는지-확인-chromium/error-context.md
]]>
</failure>
<system-out>
<![CDATA[
[[ATTACHMENT|deployment-verification-fi-c20f1-페이지-GA4-데이터가-정상적으로-로드되는지-확인-chromium/test-failed-1.png]]

[[ATTACHMENT|deployment-verification-fi-c20f1-페이지-GA4-데이터가-정상적으로-로드되는지-확인-chromium/video.webm]]

[[ATTACHMENT|deployment-verification-fi-c20f1-페이지-GA4-데이터가-정상적으로-로드되는지-확인-chromium/error-context.md]]
]]>
</system-out>
</testcase>
<testcase name="배포 후 최종 검증 › 로컬 서버도 정상적으로 작동하는지 확인" classname="deployment-verification-final.spec.ts" time="1.54">
</testcase>
<testcase name="배포 후 최종 검증 › 로컬 8월 퍼널도 정상적으로 작동하는지 확인" classname="deployment-verification-final.spec.ts" time="1.445">
</testcase>
<testcase name="배포 후 최종 검증 › 로컬 관리자 페이지도 정상적으로 작동하는지 확인" classname="deployment-verification-final.spec.ts" time="6.331">
<failure message="deployment-verification-final.spec.ts:110:7 로컬 관리자 페이지도 정상적으로 작동하는지 확인" type="FAILURE">
<![CDATA[  [chromium] › deployment-verification-final.spec.ts:110:7 › 배포 후 최종 검증 › 로컬 관리자 페이지도 정상적으로 작동하는지 확인 

    Error: Timed out 5000ms waiting for expect(locator).toBeVisible()

    Locator: locator('text=로그아웃')
    Expected: visible
    Received: <element(s) not found>
    Call log:
      - Expect "toBeVisible" with timeout 5000ms
      - waiting for locator('text=로그아웃')


      123 |     
      124 |     // 로그인 성공 확인 (URL이 변경되었는지 또는 특정 요소가 표시되는지)
    > 125 |     await expect(page.locator('text=로그아웃')).toBeVisible();
          |                                             ^
      126 |   });
      127 |
      128 |   test('API 엔드포인트들이 정상적으로 작동하는지 확인', async ({ page }) => {
        at /Users/m2/MASLABS/win.masgolf.co.kr/tests/deployment-verification-final.spec.ts:125:45

    attachment #1: screenshot (image/png) ──────────────────────────────────────────────────────────
    ../test-results/deployment-verification-fi-27b8c--로컬-관리자-페이지도-정상적으로-작동하는지-확인-chromium/test-failed-1.png
    ────────────────────────────────────────────────────────────────────────────────────────────────

    attachment #2: video (video/webm) ──────────────────────────────────────────────────────────────
    ../test-results/deployment-verification-fi-27b8c--로컬-관리자-페이지도-정상적으로-작동하는지-확인-chromium/video.webm
    ────────────────────────────────────────────────────────────────────────────────────────────────

    Error Context: ../test-results/deployment-verification-fi-27b8c--로컬-관리자-페이지도-정상적으로-작동하는지-확인-chromium/error-context.md
]]>
</failure>
<system-out>
<![CDATA[
[[ATTACHMENT|deployment-verification-fi-27b8c--로컬-관리자-페이지도-정상적으로-작동하는지-확인-chromium/test-failed-1.png]]

[[ATTACHMENT|deployment-verification-fi-27b8c--로컬-관리자-페이지도-정상적으로-작동하는지-확인-chromium/video.webm]]

[[ATTACHMENT|deployment-verification-fi-27b8c--로컬-관리자-페이지도-정상적으로-작동하는지-확인-chromium/error-context.md]]
]]>
</system-out>
</testcase>
<testcase name="배포 후 최종 검증 › API 엔드포인트들이 정상적으로 작동하는지 확인" classname="deployment-verification-final.spec.ts" time="7.818">
</testcase>
</testsuite>
<testsuite name="deployment-verification.spec.ts" timestamp="2025-08-19T15:04:02.782Z" hostname="chromium" tests="7" failures="3" skipped="0" time="26.951" errors="0">
<testcase name="배포 검증 테스트 › 관리자 페이지 로그인 화면이 정상적으로 표시되는지 확인" classname="deployment-verification.spec.ts" time="1.331">
</testcase>
<testcase name="배포 검증 테스트 › 8월 퍼널 A 파일이 정상적으로 접근 가능한지 확인" classname="deployment-verification.spec.ts" time="8.271">
<failure message="deployment-verification.spec.ts:16:7 8월 퍼널 A 파일이 정상적으로 접근 가능한지 확인" type="FAILURE">
<![CDATA[  [chromium] › deployment-verification.spec.ts:16:7 › 배포 검증 테스트 › 8월 퍼널 A 파일이 정상적으로 접근 가능한지 확인 ─────

    Error: Timed out 5000ms waiting for expect(locator).toBeVisible()

    Locator: locator('title:has-text("MASGOLF")')
    Expected: visible
    Received: <element(s) not found>
    Call log:
      - Expect "toBeVisible" with timeout 5000ms
      - waiting for locator('title:has-text("MASGOLF")')


      18 |     
      19 |     // 페이지가 정상적으로 로드되는지 확인
    > 20 |     await expect(page.locator('title:has-text("MASGOLF")')).toBeVisible();
         |                                                             ^
      21 |     await expect(page.locator('meta[name="file-created"]')).toBeVisible();
      22 |   });
      23 |
        at /Users/m2/MASLABS/win.masgolf.co.kr/tests/deployment-verification.spec.ts:20:61

    attachment #1: screenshot (image/png) ──────────────────────────────────────────────────────────
    ../test-results/deployment-verification-배포-72845-월-퍼널-A-파일이-정상적으로-접근-가능한지-확인-chromium/test-failed-1.png
    ────────────────────────────────────────────────────────────────────────────────────────────────

    attachment #2: video (video/webm) ──────────────────────────────────────────────────────────────
    ../test-results/deployment-verification-배포-72845-월-퍼널-A-파일이-정상적으로-접근-가능한지-확인-chromium/video.webm
    ────────────────────────────────────────────────────────────────────────────────────────────────

    Error Context: ../test-results/deployment-verification-배포-72845-월-퍼널-A-파일이-정상적으로-접근-가능한지-확인-chromium/error-context.md
]]>
</failure>
<system-out>
<![CDATA[
[[ATTACHMENT|deployment-verification-배포-72845-월-퍼널-A-파일이-정상적으로-접근-가능한지-확인-chromium/test-failed-1.png]]

[[ATTACHMENT|deployment-verification-배포-72845-월-퍼널-A-파일이-정상적으로-접근-가능한지-확인-chromium/video.webm]]

[[ATTACHMENT|deployment-verification-배포-72845-월-퍼널-A-파일이-정상적으로-접근-가능한지-확인-chromium/error-context.md]]
]]>
</system-out>
</testcase>
<testcase name="배포 검증 테스트 › 8월 퍼널 B 파일이 정상적으로 접근 가능한지 확인" classname="deployment-verification.spec.ts" time="7.481">
<failure message="deployment-verification.spec.ts:24:7 8월 퍼널 B 파일이 정상적으로 접근 가능한지 확인" type="FAILURE">
<![CDATA[  [chromium] › deployment-verification.spec.ts:24:7 › 배포 검증 테스트 › 8월 퍼널 B 파일이 정상적으로 접근 가능한지 확인 ─────

    Error: Timed out 5000ms waiting for expect(locator).toBeVisible()

    Locator: locator('title:has-text("MASGOLF")')
    Expected: visible
    Received: <element(s) not found>
    Call log:
      - Expect "toBeVisible" with timeout 5000ms
      - waiting for locator('title:has-text("MASGOLF")')


      26 |     
      27 |     // 페이지가 정상적으로 로드되는지 확인
    > 28 |     await expect(page.locator('title:has-text("MASGOLF")')).toBeVisible();
         |                                                             ^
      29 |     await expect(page.locator('meta[name="file-created"]')).toBeVisible();
      30 |   });
      31 |
        at /Users/m2/MASLABS/win.masgolf.co.kr/tests/deployment-verification.spec.ts:28:61

    attachment #1: screenshot (image/png) ──────────────────────────────────────────────────────────
    ../test-results/deployment-verification-배포-851ca-월-퍼널-B-파일이-정상적으로-접근-가능한지-확인-chromium/test-failed-1.png
    ────────────────────────────────────────────────────────────────────────────────────────────────

    attachment #2: video (video/webm) ──────────────────────────────────────────────────────────────
    ../test-results/deployment-verification-배포-851ca-월-퍼널-B-파일이-정상적으로-접근-가능한지-확인-chromium/video.webm
    ────────────────────────────────────────────────────────────────────────────────────────────────

    Error Context: ../test-results/deployment-verification-배포-851ca-월-퍼널-B-파일이-정상적으로-접근-가능한지-확인-chromium/error-context.md
]]>
</failure>
<system-out>
<![CDATA[
[[ATTACHMENT|deployment-verification-배포-851ca-월-퍼널-B-파일이-정상적으로-접근-가능한지-확인-chromium/test-failed-1.png]]

[[ATTACHMENT|deployment-verification-배포-851ca-월-퍼널-B-파일이-정상적으로-접근-가능한지-확인-chromium/video.webm]]

[[ATTACHMENT|deployment-verification-배포-851ca-월-퍼널-B-파일이-정상적으로-접근-가능한지-확인-chromium/error-context.md]]
]]>
</system-out>
</testcase>
<testcase name="배포 검증 테스트 › API 엔드포인트들이 정상적으로 응답하는지 확인" classname="deployment-verification.spec.ts" time="5.05">
</testcase>
<testcase name="배포 검증 테스트 › 퍼널 관리 API가 8월 퍼널 파일들을 정확히 반환하는지 확인" classname="deployment-verification.spec.ts" time="0.594">
</testcase>
<testcase name="배포 검증 테스트 › GA4 사용자 행동 API가 올바른 데이터 구조를 반환하는지 확인" classname="deployment-verification.spec.ts" time="1.966">
</testcase>
<testcase name="배포 검증 테스트 › 성능 메트릭 API가 올바른 데이터 구조를 반환하는지 확인" classname="deployment-verification.spec.ts" time="2.258">
<failure message="deployment-verification.spec.ts:82:7 성능 메트릭 API가 올바른 데이터 구조를 반환하는지 확인" type="FAILURE">
<![CDATA[  [chromium] › deployment-verification.spec.ts:82:7 › 배포 검증 테스트 › 성능 메트릭 API가 올바른 데이터 구조를 반환하는지 확인 ─

    Error: expect(received).toHaveProperty(path)

    Expected path: "status"
    Received path: []

    Received value: {"abTestPerformance": {"versionA": {"fileSize": 201197, "firstContentfulPaint": 0.8, "largestContentfulPaint": 1.5, "pageLoadTime": 1.2, "performanceScore": 85}, "versionB": {"fileSize": 62754, "firstContentfulPaint": 0.7, "largestContentfulPaint": 1.3, "pageLoadTime": 1.1, "performanceScore": 92}}, "devicePerformance": [{"avgSessionDuration": 50.219746542544414, "bounceRate": 0.669540445310743, "device": "mobile", "pageViews": 16770}, {"avgSessionDuration": 349.05436978892214, "bounceRate": 0.35479041916167664, "device": "desktop", "pageViews": 1678}, {"avgSessionDuration": 194.10961953999998, "bounceRate": 0.38, "device": "tablet", "pageViews": 81}], "hourlyPerformance": [{"hour": "8", "pageViews": 1812, "sessions": 1537}, {"hour": "18", "pageViews": 1550, "sessions": 950}, {"hour": "11", "pageViews": 1474, "sessions": 1149}, {"hour": "15", "pageViews": 1381, "sessions": 1060}, {"hour": "10", "pageViews": 1369, "sessions": 1106}, {"hour": "12", "pageViews": 1331, "sessions": 1077}, {"hour": "14", "pageViews": 1310, "sessions": 1097}, {"hour": "13", "pageViews": 1114, "sessions": 916}, {"hour": "9", "pageViews": 1073, "sessions": 944}, {"hour": "6", "pageViews": 973, "sessions": 861}, …], "overallMetrics": {"avgBounceRate": 0.46811028815747324, "avgSessionDurationMinutes": 3.2965763103970365, "performanceScore": 66.56612660787215, "totalPageViews": 16250}, "pagePerformance": [{"avgSessionDuration": 36.939137318039435, "page": "/versions/funnel-2025-08-live.html", "pageViews": 6893}, {"avgSessionDuration": 55.59898386487084, "page": "/versions/funnel-2025-07-complete.html", "pageViews": 5970}, {"avgSessionDuration": 66.29503272906045, "page": "/versions/funnel-2025-08-live-b.html", "pageViews": 1743}, {"avgSessionDuration": 88.77511772648515, "page": "/", "pageViews": 871}, {"avgSessionDuration": 65.8575262467742, "page": "/versions/funnel-2025-08-live-a.html", "pageViews": 773}], "period": "30daysAgo to today", "timestamp": "2025-08-19T15:04:17.264Z"}

      90 |     expect(data).toHaveProperty('overallMetrics');
      91 |     expect(data).toHaveProperty('abTestPerformance');
    > 92 |     expect(data).toHaveProperty('status');
         |                  ^
      93 |     
      94 |     // A/B 테스트 성능 데이터가 있는지 확인
      95 |     expect(data.abTestPerformance).toHaveProperty('versionA');
        at /Users/m2/MASLABS/win.masgolf.co.kr/tests/deployment-verification.spec.ts:92:18

    attachment #1: screenshot (image/png) ──────────────────────────────────────────────────────────
    ../test-results/deployment-verification-배포-9e331-릭-API가-올바른-데이터-구조를-반환하는지-확인-chromium/test-failed-1.png
    ────────────────────────────────────────────────────────────────────────────────────────────────

    attachment #2: video (video/webm) ──────────────────────────────────────────────────────────────
    ../test-results/deployment-verification-배포-9e331-릭-API가-올바른-데이터-구조를-반환하는지-확인-chromium/video.webm
    ────────────────────────────────────────────────────────────────────────────────────────────────
]]>
</failure>
<system-out>
<![CDATA[
[[ATTACHMENT|deployment-verification-배포-9e331-릭-API가-올바른-데이터-구조를-반환하는지-확인-chromium/test-failed-1.png]]

[[ATTACHMENT|deployment-verification-배포-9e331-릭-API가-올바른-데이터-구조를-반환하는지-확인-chromium/video.webm]]
]]>
</system-out>
</testcase>
</testsuite>
</testsuites>