<testsuites id="" name="" tests="6" failures="0" skipped="0" errors="0" time="5.804862999999999">
<testsuite name="vip-image-fixed-test.spec.ts" timestamp="2025-08-21T00:30:46.015Z" hostname="chromium" tests="2" failures="0" skipped="0" time="5.625" errors="0">
<testcase name="VIP 이미지 수정 테스트 › 수정된 VIP 이미지들이 정상적으로 로드되는지 확인" classname="vip-image-fixed-test.spec.ts" time="2.909">
<system-out>
<![CDATA[Dev-01 퍼널에서 VIP 이미지 개수: 5
✅ Dev-01 이미지: /campaigns/2025-09/vip-badge-senior-fixed.jpg
✅ /campaigns/2025-09/vip-badge-senior-fixed.jpg - 정상 로드됨
✅ Dev-01 이미지: /campaigns/2025-09/vip-round-senior-fixed.jpg
✅ /campaigns/2025-09/vip-round-senior-fixed.jpg - 정상 로드됨
✅ Dev-01 이미지: /campaigns/2025-09/vip-product-gold-fixed.jpg
✅ /campaigns/2025-09/vip-product-gold-fixed.jpg - 정상 로드됨
✅ Dev-01 이미지: /campaigns/2025-09/vip-product-black-fixed.jpg
✅ /campaigns/2025-09/vip-product-black-fixed.jpg - 정상 로드됨
✅ Dev-01 이미지: /campaigns/2025-09/vip-product-silver-fixed.jpg
✅ /campaigns/2025-09/vip-product-silver-fixed.jpg - 정상 로드됨
Dev-02 퍼널에서 VIP 이미지 개수: 5
✅ Dev-02 이미지: /campaigns/2025-09/vip-badge-modern-fixed.jpg
✅ /campaigns/2025-09/vip-badge-modern-fixed.jpg - 정상 로드됨
✅ Dev-02 이미지: /campaigns/2025-09/vip-round-modern-fixed.jpg
✅ /campaigns/2025-09/vip-round-modern-fixed.jpg - 정상 로드됨
✅ Dev-02 이미지: /campaigns/2025-09/vip-product-gold-fixed.jpg
✅ /campaigns/2025-09/vip-product-gold-fixed.jpg - 정상 로드됨
✅ Dev-02 이미지: /campaigns/2025-09/vip-product-black-fixed.jpg
✅ /campaigns/2025-09/vip-product-black-fixed.jpg - 정상 로드됨
✅ Dev-02 이미지: /campaigns/2025-09/vip-product-silver-fixed.jpg
✅ /campaigns/2025-09/vip-product-silver-fixed.jpg - 정상 로드됨
]]>
</system-out>
</testcase>
<testcase name="VIP 이미지 수정 테스트 › 개별 이미지 파일들이 정상적으로 접근 가능한지 확인" classname="vip-image-fixed-test.spec.ts" time="2.716">
<system-out>
<![CDATA[🔍 확인 중: /campaigns/2025-09/vip-header-senior-fixed.jpg
✅ /campaigns/2025-09/vip-header-senior-fixed.jpg - 크기: 960x720
🔍 확인 중: /campaigns/2025-09/vip-header-modern-fixed.jpg
✅ /campaigns/2025-09/vip-header-modern-fixed.jpg - 크기: 960x720
🔍 확인 중: /campaigns/2025-09/vip-product-gold-fixed.jpg
✅ /campaigns/2025-09/vip-product-gold-fixed.jpg - 크기: 960x720
🔍 확인 중: /campaigns/2025-09/vip-product-black-fixed.jpg
✅ /campaigns/2025-09/vip-product-black-fixed.jpg - 크기: 960x720
🔍 확인 중: /campaigns/2025-09/vip-product-silver-fixed.jpg
✅ /campaigns/2025-09/vip-product-silver-fixed.jpg - 크기: 960x720
🔍 확인 중: /campaigns/2025-09/vip-round-senior-fixed.jpg
✅ /campaigns/2025-09/vip-round-senior-fixed.jpg - 크기: 960x720
🔍 확인 중: /campaigns/2025-09/vip-round-modern-fixed.jpg
✅ /campaigns/2025-09/vip-round-modern-fixed.jpg - 크기: 960x720
🔍 확인 중: /campaigns/2025-09/vip-badge-senior-fixed.jpg
✅ /campaigns/2025-09/vip-badge-senior-fixed.jpg - 크기: 960x720
🔍 확인 중: /campaigns/2025-09/vip-badge-modern-fixed.jpg
✅ /campaigns/2025-09/vip-badge-modern-fixed.jpg - 크기: 960x720
]]>
</system-out>
</testcase>
</testsuite>
<testsuite name="vip-image-fixed-test.spec.ts" timestamp="2025-08-21T00:30:46.015Z" hostname="firefox" tests="2" failures="0" skipped="0" time="6.725" errors="0">
<testcase name="VIP 이미지 수정 테스트 › 수정된 VIP 이미지들이 정상적으로 로드되는지 확인" classname="vip-image-fixed-test.spec.ts" time="4.208">
<system-out>
<![CDATA[Dev-01 퍼널에서 VIP 이미지 개수: 5
✅ Dev-01 이미지: /campaigns/2025-09/vip-badge-senior-fixed.jpg
✅ /campaigns/2025-09/vip-badge-senior-fixed.jpg - 정상 로드됨
✅ Dev-01 이미지: /campaigns/2025-09/vip-round-senior-fixed.jpg
✅ /campaigns/2025-09/vip-round-senior-fixed.jpg - 정상 로드됨
✅ Dev-01 이미지: /campaigns/2025-09/vip-product-gold-fixed.jpg
✅ /campaigns/2025-09/vip-product-gold-fixed.jpg - 정상 로드됨
✅ Dev-01 이미지: /campaigns/2025-09/vip-product-black-fixed.jpg
✅ /campaigns/2025-09/vip-product-black-fixed.jpg - 정상 로드됨
✅ Dev-01 이미지: /campaigns/2025-09/vip-product-silver-fixed.jpg
✅ /campaigns/2025-09/vip-product-silver-fixed.jpg - 정상 로드됨
Dev-02 퍼널에서 VIP 이미지 개수: 5
✅ Dev-02 이미지: /campaigns/2025-09/vip-badge-modern-fixed.jpg
✅ /campaigns/2025-09/vip-badge-modern-fixed.jpg - 정상 로드됨
✅ Dev-02 이미지: /campaigns/2025-09/vip-round-modern-fixed.jpg
✅ /campaigns/2025-09/vip-round-modern-fixed.jpg - 정상 로드됨
✅ Dev-02 이미지: /campaigns/2025-09/vip-product-gold-fixed.jpg
✅ /campaigns/2025-09/vip-product-gold-fixed.jpg - 정상 로드됨
✅ Dev-02 이미지: /campaigns/2025-09/vip-product-black-fixed.jpg
✅ /campaigns/2025-09/vip-product-black-fixed.jpg - 정상 로드됨
✅ Dev-02 이미지: /campaigns/2025-09/vip-product-silver-fixed.jpg
✅ /campaigns/2025-09/vip-product-silver-fixed.jpg - 정상 로드됨
]]>
</system-out>
</testcase>
<testcase name="VIP 이미지 수정 테스트 › 개별 이미지 파일들이 정상적으로 접근 가능한지 확인" classname="vip-image-fixed-test.spec.ts" time="2.517">
<system-out>
<![CDATA[🔍 확인 중: /campaigns/2025-09/vip-header-senior-fixed.jpg
✅ /campaigns/2025-09/vip-header-senior-fixed.jpg - 크기: 960x720
🔍 확인 중: /campaigns/2025-09/vip-header-modern-fixed.jpg
✅ /campaigns/2025-09/vip-header-modern-fixed.jpg - 크기: 960x720
🔍 확인 중: /campaigns/2025-09/vip-product-gold-fixed.jpg
✅ /campaigns/2025-09/vip-product-gold-fixed.jpg - 크기: 960x720
🔍 확인 중: /campaigns/2025-09/vip-product-black-fixed.jpg
✅ /campaigns/2025-09/vip-product-black-fixed.jpg - 크기: 960x720
🔍 확인 중: /campaigns/2025-09/vip-product-silver-fixed.jpg
✅ /campaigns/2025-09/vip-product-silver-fixed.jpg - 크기: 960x720
🔍 확인 중: /campaigns/2025-09/vip-round-senior-fixed.jpg
✅ /campaigns/2025-09/vip-round-senior-fixed.jpg - 크기: 960x720
🔍 확인 중: /campaigns/2025-09/vip-round-modern-fixed.jpg
✅ /campaigns/2025-09/vip-round-modern-fixed.jpg - 크기: 960x720
🔍 확인 중: /campaigns/2025-09/vip-badge-senior-fixed.jpg
✅ /campaigns/2025-09/vip-badge-senior-fixed.jpg - 크기: 960x720
🔍 확인 중: /campaigns/2025-09/vip-badge-modern-fixed.jpg
✅ /campaigns/2025-09/vip-badge-modern-fixed.jpg - 크기: 960x720
]]>
</system-out>
</testcase>
</testsuite>
<testsuite name="vip-image-fixed-test.spec.ts" timestamp="2025-08-21T00:30:46.015Z" hostname="webkit" tests="2" failures="0" skipped="0" time="6.414" errors="0">
<testcase name="VIP 이미지 수정 테스트 › 수정된 VIP 이미지들이 정상적으로 로드되는지 확인" classname="vip-image-fixed-test.spec.ts" time="3.627">
<system-out>
<![CDATA[Dev-01 퍼널에서 VIP 이미지 개수: 5
✅ Dev-01 이미지: /campaigns/2025-09/vip-badge-senior-fixed.jpg
✅ /campaigns/2025-09/vip-badge-senior-fixed.jpg - 정상 로드됨
✅ Dev-01 이미지: /campaigns/2025-09/vip-round-senior-fixed.jpg
✅ /campaigns/2025-09/vip-round-senior-fixed.jpg - 정상 로드됨
✅ Dev-01 이미지: /campaigns/2025-09/vip-product-gold-fixed.jpg
✅ /campaigns/2025-09/vip-product-gold-fixed.jpg - 정상 로드됨
✅ Dev-01 이미지: /campaigns/2025-09/vip-product-black-fixed.jpg
✅ /campaigns/2025-09/vip-product-black-fixed.jpg - 정상 로드됨
✅ Dev-01 이미지: /campaigns/2025-09/vip-product-silver-fixed.jpg
✅ /campaigns/2025-09/vip-product-silver-fixed.jpg - 정상 로드됨
Dev-02 퍼널에서 VIP 이미지 개수: 5
✅ Dev-02 이미지: /campaigns/2025-09/vip-badge-modern-fixed.jpg
✅ /campaigns/2025-09/vip-badge-modern-fixed.jpg - 정상 로드됨
✅ Dev-02 이미지: /campaigns/2025-09/vip-round-modern-fixed.jpg
✅ /campaigns/2025-09/vip-round-modern-fixed.jpg - 정상 로드됨
✅ Dev-02 이미지: /campaigns/2025-09/vip-product-gold-fixed.jpg
✅ /campaigns/2025-09/vip-product-gold-fixed.jpg - 정상 로드됨
✅ Dev-02 이미지: /campaigns/2025-09/vip-product-black-fixed.jpg
✅ /campaigns/2025-09/vip-product-black-fixed.jpg - 정상 로드됨
✅ Dev-02 이미지: /campaigns/2025-09/vip-product-silver-fixed.jpg
✅ /campaigns/2025-09/vip-product-silver-fixed.jpg - 정상 로드됨
]]>
</system-out>
</testcase>
<testcase name="VIP 이미지 수정 테스트 › 개별 이미지 파일들이 정상적으로 접근 가능한지 확인" classname="vip-image-fixed-test.spec.ts" time="2.787">
<system-out>
<![CDATA[🔍 확인 중: /campaigns/2025-09/vip-header-senior-fixed.jpg
✅ /campaigns/2025-09/vip-header-senior-fixed.jpg - 크기: 960x720
🔍 확인 중: /campaigns/2025-09/vip-header-modern-fixed.jpg
✅ /campaigns/2025-09/vip-header-modern-fixed.jpg - 크기: 960x720
🔍 확인 중: /campaigns/2025-09/vip-product-gold-fixed.jpg
✅ /campaigns/2025-09/vip-product-gold-fixed.jpg - 크기: 960x720
🔍 확인 중: /campaigns/2025-09/vip-product-black-fixed.jpg
✅ /campaigns/2025-09/vip-product-black-fixed.jpg - 크기: 960x720
🔍 확인 중: /campaigns/2025-09/vip-product-silver-fixed.jpg
✅ /campaigns/2025-09/vip-product-silver-fixed.jpg - 크기: 960x720
🔍 확인 중: /campaigns/2025-09/vip-round-senior-fixed.jpg
✅ /campaigns/2025-09/vip-round-senior-fixed.jpg - 크기: 960x720
🔍 확인 중: /campaigns/2025-09/vip-round-modern-fixed.jpg
✅ /campaigns/2025-09/vip-round-modern-fixed.jpg - 크기: 960x720
🔍 확인 중: /campaigns/2025-09/vip-badge-senior-fixed.jpg
✅ /campaigns/2025-09/vip-badge-senior-fixed.jpg - 크기: 960x720
🔍 확인 중: /campaigns/2025-09/vip-badge-modern-fixed.jpg
✅ /campaigns/2025-09/vip-badge-modern-fixed.jpg - 크기: 960x720
]]>
</system-out>
</testcase>
</testsuite>
</testsuites>