<testsuites id="" name="" tests="27" failures="0" skipped="27" errors="0" time="0.06502599999999996">
<testsuite name="booking.spec.ts" timestamp="2025-12-12T07:46:33.271Z" hostname="chromium" tests="5" failures="0" skipped="5" time="0" errors="0">
<testcase name="시타 예약 E2E 테스트 › 예약 생성 플로우" classname="booking.spec.ts" time="0">
<skipped>
</skipped>
</testcase>
<testcase name="시타 예약 E2E 테스트 › 예약 폼 유효성 검사" classname="booking.spec.ts" time="0">
<skipped>
</skipped>
</testcase>
<testcase name="시타 예약 E2E 테스트 › 관리자 페이지에서 예약 확인" classname="booking.spec.ts" time="0">
<skipped>
</skipped>
</testcase>
<testcase name="시타 예약 E2E 테스트 › 예약 확정 시 SMS 발송 확인" classname="booking.spec.ts" time="0">
<skipped>
</skipped>
</testcase>
<testcase name="시타 예약 E2E 테스트 › 예약 페이지 네비게이션" classname="booking.spec.ts" time="0">
<skipped>
</skipped>
</testcase>
</testsuite>
<testsuite name="survey.spec.ts" timestamp="2025-12-12T07:46:33.271Z" hostname="chromium" tests="4" failures="0" skipped="4" time="0" errors="0">
<testcase name="설문 조사 E2E 테스트 › 설문 조사 전체 플로우" classname="survey.spec.ts" time="0">
<skipped>
</skipped>
</testcase>
<testcase name="설문 조사 E2E 테스트 › 설문 랜딩 페이지 CTA 버튼 확인" classname="survey.spec.ts" time="0">
<skipped>
</skipped>
</testcase>
<testcase name="설문 조사 E2E 테스트 › 설문 폼 유효성 검사" classname="survey.spec.ts" time="0">
<skipped>
</skipped>
</testcase>
<testcase name="설문 조사 E2E 테스트 › 설문 진행률 표시 확인" classname="survey.spec.ts" time="0">
<skipped>
</skipped>
</testcase>
</testsuite>
<testsuite name="booking.spec.ts" timestamp="2025-12-12T07:46:33.271Z" hostname="firefox" tests="5" failures="0" skipped="5" time="0" errors="0">
<testcase name="시타 예약 E2E 테스트 › 예약 생성 플로우" classname="booking.spec.ts" time="0">
<skipped>
</skipped>
</testcase>
<testcase name="시타 예약 E2E 테스트 › 예약 폼 유효성 검사" classname="booking.spec.ts" time="0">
<skipped>
</skipped>
</testcase>
<testcase name="시타 예약 E2E 테스트 › 관리자 페이지에서 예약 확인" classname="booking.spec.ts" time="0">
<skipped>
</skipped>
</testcase>
<testcase name="시타 예약 E2E 테스트 › 예약 확정 시 SMS 발송 확인" classname="booking.spec.ts" time="0">
<skipped>
</skipped>
</testcase>
<testcase name="시타 예약 E2E 테스트 › 예약 페이지 네비게이션" classname="booking.spec.ts" time="0">
<skipped>
</skipped>
</testcase>
</testsuite>
<testsuite name="survey.spec.ts" timestamp="2025-12-12T07:46:33.271Z" hostname="firefox" tests="4" failures="0" skipped="4" time="0" errors="0">
<testcase name="설문 조사 E2E 테스트 › 설문 조사 전체 플로우" classname="survey.spec.ts" time="0">
<skipped>
</skipped>
</testcase>
<testcase name="설문 조사 E2E 테스트 › 설문 랜딩 페이지 CTA 버튼 확인" classname="survey.spec.ts" time="0">
<skipped>
</skipped>
</testcase>
<testcase name="설문 조사 E2E 테스트 › 설문 폼 유효성 검사" classname="survey.spec.ts" time="0">
<skipped>
</skipped>
</testcase>
<testcase name="설문 조사 E2E 테스트 › 설문 진행률 표시 확인" classname="survey.spec.ts" time="0">
<skipped>
</skipped>
</testcase>
</testsuite>
<testsuite name="booking.spec.ts" timestamp="2025-12-12T07:46:33.271Z" hostname="webkit" tests="5" failures="0" skipped="5" time="0" errors="0">
<testcase name="시타 예약 E2E 테스트 › 예약 생성 플로우" classname="booking.spec.ts" time="0">
<skipped>
</skipped>
</testcase>
<testcase name="시타 예약 E2E 테스트 › 예약 폼 유효성 검사" classname="booking.spec.ts" time="0">
<skipped>
</skipped>
</testcase>
<testcase name="시타 예약 E2E 테스트 › 관리자 페이지에서 예약 확인" classname="booking.spec.ts" time="0">
<skipped>
</skipped>
</testcase>
<testcase name="시타 예약 E2E 테스트 › 예약 확정 시 SMS 발송 확인" classname="booking.spec.ts" time="0">
<skipped>
</skipped>
</testcase>
<testcase name="시타 예약 E2E 테스트 › 예약 페이지 네비게이션" classname="booking.spec.ts" time="0">
<skipped>
</skipped>
</testcase>
</testsuite>
<testsuite name="survey.spec.ts" timestamp="2025-12-12T07:46:33.271Z" hostname="webkit" tests="4" failures="0" skipped="4" time="0" errors="0">
<testcase name="설문 조사 E2E 테스트 › 설문 조사 전체 플로우" classname="survey.spec.ts" time="0">
<skipped>
</skipped>
</testcase>
<testcase name="설문 조사 E2E 테스트 › 설문 랜딩 페이지 CTA 버튼 확인" classname="survey.spec.ts" time="0">
<skipped>
</skipped>
</testcase>
<testcase name="설문 조사 E2E 테스트 › 설문 폼 유효성 검사" classname="survey.spec.ts" time="0">
<skipped>
</skipped>
</testcase>
<testcase name="설문 조사 E2E 테스트 › 설문 진행률 표시 확인" classname="survey.spec.ts" time="0">
<skipped>
</skipped>
</testcase>
</testsuite>
</testsuites>