<testsuites id="" name="" tests="174" failures="145" skipped="0" errors="0" time="625.1186230000001">
<testsuite name="admin-complete.spec.ts" timestamp="2025-10-01T10:50:13.100Z" hostname="chromium" tests="7" failures="5" skipped="0" time="85.625" errors="0">
<testcase name="완전한 관리자 페이지 테스트 › 로그인 페이지 표시 확인" classname="admin-complete.spec.ts" time="7.949">
<failure message="admin-complete.spec.ts:9:7 로그인 페이지 표시 확인" type="FAILURE">
<![CDATA[  [chromium] › admin-complete.spec.ts:9:7 › 완전한 관리자 페이지 테스트 › 로그인 페이지 표시 확인 ────────────────────────

    Error: Timed out 5000ms waiting for expect(locator).toBeVisible()

    Locator: locator('text=마케팅 관리 시스템')
    Expected: visible
    Received: <element(s) not found>
    Call log:
      - Expect "toBeVisible" with timeout 5000ms
      - waiting for locator('text=마케팅 관리 시스템')


      15 |     
      16 |     // UI 요소 확인
    > 17 |     await expect(page.locator('text=마케팅 관리 시스템')).toBeVisible();
         |                                                   ^
      18 |   });
      19 |
      20 |   test('로그인 성공 및 대시보드 확인', async ({ page }) => {
        at /Users/m2/MASLABS/win.masgolf.co.kr/tests/admin-complete.spec.ts:17:51

    attachment #1: screenshot (image/png) ──────────────────────────────────────────────────────────
    ../test-results/admin-complete-완전한-관리자-페이지-테스트-로그인-페이지-표시-확인-chromium/test-failed-1.png
    ────────────────────────────────────────────────────────────────────────────────────────────────

    attachment #2: video (video/webm) ──────────────────────────────────────────────────────────────
    ../test-results/admin-complete-완전한-관리자-페이지-테스트-로그인-페이지-표시-확인-chromium/video.webm
    ────────────────────────────────────────────────────────────────────────────────────────────────

    Error Context: ../test-results/admin-complete-완전한-관리자-페이지-테스트-로그인-페이지-표시-확인-chromium/error-context.md
]]>
</failure>
<system-out>
<![CDATA[
[[ATTACHMENT|admin-complete-완전한-관리자-페이지-테스트-로그인-페이지-표시-확인-chromium/test-failed-1.png]]

[[ATTACHMENT|admin-complete-완전한-관리자-페이지-테스트-로그인-페이지-표시-확인-chromium/video.webm]]

[[ATTACHMENT|admin-complete-완전한-관리자-페이지-테스트-로그인-페이지-표시-확인-chromium/error-context.md]]
]]>
</system-out>
</testcase>
<testcase name="완전한 관리자 페이지 테스트 › 로그인 성공 및 대시보드 확인" classname="admin-complete.spec.ts" time="3.358">
<failure message="admin-complete.spec.ts:20:7 로그인 성공 및 대시보드 확인" type="FAILURE">
<![CDATA[  [chromium] › admin-complete.spec.ts:20:7 › 완전한 관리자 페이지 테스트 › 로그인 성공 및 대시보드 확인 ────────────────────

    Error: expect.toBeVisible: Error: strict mode violation: locator('text=대시보드') resolved to 2 elements:
        1) <button class="py-2 px-1 border-b-2 font-medium text-sm border-blue-500 text-blue-600">대시보드</button> aka getByRole('button', { name: '대시보드' })
        2) <h2 class="text-2xl font-bold text-gray-900 mb-4">📊 종합 대시보드</h2> aka getByRole('heading', { name: '📊 종합 대시보드' })

    Call log:
      - Expect "toBeVisible" with timeout 5000ms
      - waiting for locator('text=대시보드')


      30 |     
      31 |     // 사이드바 메뉴 확인
    > 32 |     await expect(page.locator('text=대시보드')).toBeVisible();
         |                                             ^
      33 |     await expect(page.locator('text=퍼널 관리')).toBeVisible();
      34 |     await expect(page.locator('text=캠페인 관리')).toBeVisible();
      35 |     await expect(page.locator('text=예약상담관리')).toBeVisible();
        at /Users/m2/MASLABS/win.masgolf.co.kr/tests/admin-complete.spec.ts:32:45

    attachment #1: screenshot (image/png) ──────────────────────────────────────────────────────────
    ../test-results/admin-complete-완전한-관리자-페이지-테스트-로그인-성공-및-대시보드-확인-chromium/test-failed-1.png
    ────────────────────────────────────────────────────────────────────────────────────────────────

    attachment #2: video (video/webm) ──────────────────────────────────────────────────────────────
    ../test-results/admin-complete-완전한-관리자-페이지-테스트-로그인-성공-및-대시보드-확인-chromium/video.webm
    ────────────────────────────────────────────────────────────────────────────────────────────────

    Error Context: ../test-results/admin-complete-완전한-관리자-페이지-테스트-로그인-성공-및-대시보드-확인-chromium/error-context.md
]]>
</failure>
<system-out>
<![CDATA[
[[ATTACHMENT|admin-complete-완전한-관리자-페이지-테스트-로그인-성공-및-대시보드-확인-chromium/test-failed-1.png]]

[[ATTACHMENT|admin-complete-완전한-관리자-페이지-테스트-로그인-성공-및-대시보드-확인-chromium/video.webm]]

[[ATTACHMENT|admin-complete-완전한-관리자-페이지-테스트-로그인-성공-및-대시보드-확인-chromium/error-context.md]]
]]>
</system-out>
</testcase>
<testcase name="완전한 관리자 페이지 테스트 › 사이드바 네비게이션 테스트" classname="admin-complete.spec.ts" time="30.432">
<failure message="admin-complete.spec.ts:45:7 사이드바 네비게이션 테스트" type="FAILURE">
<![CDATA[  [chromium] › admin-complete.spec.ts:45:7 › 완전한 관리자 페이지 테스트 › 사이드바 네비게이션 테스트 ──────────────────────

    Test timeout of 30000ms exceeded.

    Error: page.click: Test timeout of 30000ms exceeded.
    Call log:
      - waiting for locator('text=퍼널 관리')


      59 |
      60 |     for (const menu of menus) {
    > 61 |       await page.click(`text=${menu.name}`);
         |                  ^
      62 |       await expect(page.locator(`h2:has-text("${menu.expected}")`)).toBeVisible();
      63 |     }
      64 |   });
        at /Users/m2/MASLABS/win.masgolf.co.kr/tests/admin-complete.spec.ts:61:18

    attachment #1: screenshot (image/png) ──────────────────────────────────────────────────────────
    ../test-results/admin-complete-완전한-관리자-페이지-테스트-사이드바-네비게이션-테스트-chromium/test-failed-1.png
    ────────────────────────────────────────────────────────────────────────────────────────────────

    attachment #2: video (video/webm) ──────────────────────────────────────────────────────────────
    ../test-results/admin-complete-완전한-관리자-페이지-테스트-사이드바-네비게이션-테스트-chromium/video.webm
    ────────────────────────────────────────────────────────────────────────────────────────────────

    Error Context: ../test-results/admin-complete-완전한-관리자-페이지-테스트-사이드바-네비게이션-테스트-chromium/error-context.md
]]>
</failure>
<system-out>
<![CDATA[
[[ATTACHMENT|admin-complete-완전한-관리자-페이지-테스트-사이드바-네비게이션-테스트-chromium/test-failed-1.png]]

[[ATTACHMENT|admin-complete-완전한-관리자-페이지-테스트-사이드바-네비게이션-테스트-chromium/video.webm]]

[[ATTACHMENT|admin-complete-완전한-관리자-페이지-테스트-사이드바-네비게이션-테스트-chromium/error-context.md]]
]]>
</system-out>
</testcase>
<testcase name="완전한 관리자 페이지 테스트 › 사이드바 토글 기능" classname="admin-complete.spec.ts" time="30.421">
<failure message="admin-complete.spec.ts:66:7 사이드바 토글 기능" type="FAILURE">
<![CDATA[  [chromium] › admin-complete.spec.ts:66:7 › 완전한 관리자 페이지 테스트 › 사이드바 토글 기능 ──────────────────────────

    Test timeout of 30000ms exceeded.

    Error: page.click: Test timeout of 30000ms exceeded.
    Call log:
      - waiting for locator('button:has-text("Menu")')


      71 |     
      72 |     // 모바일에서 사이드바 토글 버튼 클릭 (실제 구조에 맞게 수정)
    > 73 |     await page.click('button:has-text("Menu")');
         |                ^
      74 |     
      75 |     // 사이드바가 표시되는지 확인
      76 |     await expect(page.locator('nav')).toBeVisible();
        at /Users/m2/MASLABS/win.masgolf.co.kr/tests/admin-complete.spec.ts:73:16

    attachment #1: screenshot (image/png) ──────────────────────────────────────────────────────────
    ../test-results/admin-complete-완전한-관리자-페이지-테스트-사이드바-토글-기능-chromium/test-failed-1.png
    ────────────────────────────────────────────────────────────────────────────────────────────────

    attachment #2: video (video/webm) ──────────────────────────────────────────────────────────────
    ../test-results/admin-complete-완전한-관리자-페이지-테스트-사이드바-토글-기능-chromium/video.webm
    ────────────────────────────────────────────────────────────────────────────────────────────────

    Error Context: ../test-results/admin-complete-완전한-관리자-페이지-테스트-사이드바-토글-기능-chromium/error-context.md
]]>
</failure>
<system-out>
<![CDATA[
[[ATTACHMENT|admin-complete-완전한-관리자-페이지-테스트-사이드바-토글-기능-chromium/test-failed-1.png]]

[[ATTACHMENT|admin-complete-완전한-관리자-페이지-테스트-사이드바-토글-기능-chromium/video.webm]]

[[ATTACHMENT|admin-complete-완전한-관리자-페이지-테스트-사이드바-토글-기능-chromium/error-context.md]]
]]>
</system-out>
</testcase>
<testcase name="완전한 관리자 페이지 테스트 › 로그아웃 기능" classname="admin-complete.spec.ts" time="3.437">
</testcase>
<testcase name="완전한 관리자 페이지 테스트 › 반응형 디자인 테스트" classname="admin-complete.spec.ts" time="8.02">
<failure message="admin-complete.spec.ts:92:7 반응형 디자인 테스트" type="FAILURE">
<![CDATA[  [chromium] › admin-complete.spec.ts:92:7 › 완전한 관리자 페이지 테스트 › 반응형 디자인 테스트 ─────────────────────────

    Error: Timed out 5000ms waiting for expect(locator).toBeVisible()

    Locator: locator('button:has-text("Menu")')
    Expected: visible
    Received: <element(s) not found>
    Call log:
      - Expect "toBeVisible" with timeout 5000ms
      - waiting for locator('button:has-text("Menu")')


      100 |     
      101 |     // 모바일에서 메뉴 버튼이 표시되는지 확인
    > 102 |     await expect(page.locator('button:has-text("Menu")')).toBeVisible();
          |                                                           ^
      103 |   });
      104 |
      105 |   test('접근성 테스트', async ({ page }) => {
        at /Users/m2/MASLABS/win.masgolf.co.kr/tests/admin-complete.spec.ts:102:59

    attachment #1: screenshot (image/png) ──────────────────────────────────────────────────────────
    ../test-results/admin-complete-완전한-관리자-페이지-테스트-반응형-디자인-테스트-chromium/test-failed-1.png
    ────────────────────────────────────────────────────────────────────────────────────────────────

    attachment #2: video (video/webm) ──────────────────────────────────────────────────────────────
    ../test-results/admin-complete-완전한-관리자-페이지-테스트-반응형-디자인-테스트-chromium/video.webm
    ────────────────────────────────────────────────────────────────────────────────────────────────

    Error Context: ../test-results/admin-complete-완전한-관리자-페이지-테스트-반응형-디자인-테스트-chromium/error-context.md
]]>
</failure>
<system-out>
<![CDATA[
[[ATTACHMENT|admin-complete-완전한-관리자-페이지-테스트-반응형-디자인-테스트-chromium/test-failed-1.png]]

[[ATTACHMENT|admin-complete-완전한-관리자-페이지-테스트-반응형-디자인-테스트-chromium/video.webm]]

[[ATTACHMENT|admin-complete-완전한-관리자-페이지-테스트-반응형-디자인-테스트-chromium/error-context.md]]
]]>
</system-out>
</testcase>
<testcase name="완전한 관리자 페이지 테스트 › 접근성 테스트" classname="admin-complete.spec.ts" time="2.008">
</testcase>
</testsuite>
<testsuite name="admin-new.spec.ts" timestamp="2025-10-01T10:50:13.100Z" hostname="chromium" tests="9" failures="9" skipped="0" time="250.722" errors="0">
<testcase name="새로운 관리자 페이지 테스트 › 로그인 페이지 표시 확인" classname="admin-new.spec.ts" time="5.664">
<failure message="admin-new.spec.ts:9:7 로그인 페이지 표시 확인" type="FAILURE">
<![CDATA[  [chromium] › admin-new.spec.ts:9:7 › 새로운 관리자 페이지 테스트 › 로그인 페이지 표시 확인 ─────────────────────────────

    Error: Timed out 5000ms waiting for expect(locator).toBeVisible()

    Locator: locator('h1:has-text("MASGOLF Admin")')
    Expected: visible
    Received: <element(s) not found>
    Call log:
      - Expect "toBeVisible" with timeout 5000ms
      - waiting for locator('h1:has-text("MASGOLF Admin")')


       9 |   test('로그인 페이지 표시 확인', async ({ page }) => {
      10 |     // 로그인 폼이 표시되는지 확인
    > 11 |     await expect(page.locator('h1:has-text("MASGOLF Admin")')).toBeVisible();
         |                                                                ^
      12 |     await expect(page.locator('input[name="username"]')).toBeVisible();
      13 |     await expect(page.locator('input[name="password"]')).toBeVisible();
      14 |     await expect(page.locator('button:has-text("로그인")')).toBeVisible();
        at /Users/m2/MASLABS/win.masgolf.co.kr/tests/admin-new.spec.ts:11:64

    attachment #1: screenshot (image/png) ──────────────────────────────────────────────────────────
    ../test-results/admin-new-새로운-관리자-페이지-테스트-로그인-페이지-표시-확인-chromium/test-failed-1.png
    ────────────────────────────────────────────────────────────────────────────────────────────────

    attachment #2: video (video/webm) ──────────────────────────────────────────────────────────────
    ../test-results/admin-new-새로운-관리자-페이지-테스트-로그인-페이지-표시-확인-chromium/video.webm
    ────────────────────────────────────────────────────────────────────────────────────────────────

    Error Context: ../test-results/admin-new-새로운-관리자-페이지-테스트-로그인-페이지-표시-확인-chromium/error-context.md
]]>
</failure>
<system-out>
<![CDATA[
[[ATTACHMENT|admin-new-새로운-관리자-페이지-테스트-로그인-페이지-표시-확인-chromium/test-failed-1.png]]

[[ATTACHMENT|admin-new-새로운-관리자-페이지-테스트-로그인-페이지-표시-확인-chromium/video.webm]]

[[ATTACHMENT|admin-new-새로운-관리자-페이지-테스트-로그인-페이지-표시-확인-chromium/error-context.md]]
]]>
</system-out>
</testcase>
<testcase name="새로운 관리자 페이지 테스트 › 로그인 성공" classname="admin-new.spec.ts" time="30.611">
<failure message="admin-new.spec.ts:17:7 로그인 성공" type="FAILURE">
<![CDATA[  [chromium] › admin-new.spec.ts:17:7 › 새로운 관리자 페이지 테스트 › 로그인 성공 ───────────────────────────────────

    Test timeout of 30000ms exceeded.

    Error: page.fill: Test timeout of 30000ms exceeded.
    Call log:
      - waiting for locator('input[name="username"]')


      17 |   test('로그인 성공', async ({ page }) => {
      18 |     // 로그인 정보 입력
    > 19 |     await page.fill('input[name="username"]', 'admin');
         |                ^
      20 |     await page.fill('input[name="password"]', 'password');
      21 |     
      22 |     // 로그인 버튼 클릭
        at /Users/m2/MASLABS/win.masgolf.co.kr/tests/admin-new.spec.ts:19:16

    attachment #1: screenshot (image/png) ──────────────────────────────────────────────────────────
    ../test-results/admin-new-새로운-관리자-페이지-테스트-로그인-성공-chromium/test-failed-1.png
    ────────────────────────────────────────────────────────────────────────────────────────────────

    attachment #2: video (video/webm) ──────────────────────────────────────────────────────────────
    ../test-results/admin-new-새로운-관리자-페이지-테스트-로그인-성공-chromium/video.webm
    ────────────────────────────────────────────────────────────────────────────────────────────────

    Error Context: ../test-results/admin-new-새로운-관리자-페이지-테스트-로그인-성공-chromium/error-context.md
]]>
</failure>
<system-out>
<![CDATA[
[[ATTACHMENT|admin-new-새로운-관리자-페이지-테스트-로그인-성공-chromium/test-failed-1.png]]

[[ATTACHMENT|admin-new-새로운-관리자-페이지-테스트-로그인-성공-chromium/video.webm]]

[[ATTACHMENT|admin-new-새로운-관리자-페이지-테스트-로그인-성공-chromium/error-context.md]]
]]>
</system-out>
</testcase>
<testcase name="새로운 관리자 페이지 테스트 › 사이드바 네비게이션" classname="admin-new.spec.ts" time="30.633">
<failure message="admin-new.spec.ts:30:7 사이드바 네비게이션" type="FAILURE">
<![CDATA[  [chromium] › admin-new.spec.ts:30:7 › 새로운 관리자 페이지 테스트 › 사이드바 네비게이션 ───────────────────────────────

    Test timeout of 30000ms exceeded.

    Error: page.fill: Test timeout of 30000ms exceeded.
    Call log:
      - waiting for locator('input[name="username"]')


      30 |   test('사이드바 네비게이션', async ({ page }) => {
      31 |     // 먼저 로그인
    > 32 |     await page.fill('input[name="username"]', 'admin');
         |                ^
      33 |     await page.fill('input[name="password"]', 'password');
      34 |     await page.click('button:has-text("로그인")');
      35 |     
        at /Users/m2/MASLABS/win.masgolf.co.kr/tests/admin-new.spec.ts:32:16

    attachment #1: screenshot (image/png) ──────────────────────────────────────────────────────────
    ../test-results/admin-new-새로운-관리자-페이지-테스트-사이드바-네비게이션-chromium/test-failed-1.png
    ────────────────────────────────────────────────────────────────────────────────────────────────

    attachment #2: video (video/webm) ──────────────────────────────────────────────────────────────
    ../test-results/admin-new-새로운-관리자-페이지-테스트-사이드바-네비게이션-chromium/video.webm
    ────────────────────────────────────────────────────────────────────────────────────────────────

    Error Context: ../test-results/admin-new-새로운-관리자-페이지-테스트-사이드바-네비게이션-chromium/error-context.md
]]>
</failure>
<system-out>
<![CDATA[
[[ATTACHMENT|admin-new-새로운-관리자-페이지-테스트-사이드바-네비게이션-chromium/test-failed-1.png]]

[[ATTACHMENT|admin-new-새로운-관리자-페이지-테스트-사이드바-네비게이션-chromium/video.webm]]

[[ATTACHMENT|admin-new-새로운-관리자-페이지-테스트-사이드바-네비게이션-chromium/error-context.md]]
]]>
</system-out>
</testcase>
<testcase name="새로운 관리자 페이지 테스트 › 테마 전환" classname="admin-new.spec.ts" time="30.613">
<failure message="admin-new.spec.ts:53:7 테마 전환" type="FAILURE">
<![CDATA[  [chromium] › admin-new.spec.ts:53:7 › 새로운 관리자 페이지 테스트 › 테마 전환 ────────────────────────────────────

    Test timeout of 30000ms exceeded.

    Error: page.fill: Test timeout of 30000ms exceeded.
    Call log:
      - waiting for locator('input[name="username"]')


      53 |   test('테마 전환', async ({ page }) => {
      54 |     // 먼저 로그인
    > 55 |     await page.fill('input[name="username"]', 'admin');
         |                ^
      56 |     await page.fill('input[name="password"]', 'password');
      57 |     await page.click('button:has-text("로그인")');
      58 |     
        at /Users/m2/MASLABS/win.masgolf.co.kr/tests/admin-new.spec.ts:55:16

    attachment #1: screenshot (image/png) ──────────────────────────────────────────────────────────
    ../test-results/admin-new-새로운-관리자-페이지-테스트-테마-전환-chromium/test-failed-1.png
    ────────────────────────────────────────────────────────────────────────────────────────────────

    attachment #2: video (video/webm) ──────────────────────────────────────────────────────────────
    ../test-results/admin-new-새로운-관리자-페이지-테스트-테마-전환-chromium/video.webm
    ────────────────────────────────────────────────────────────────────────────────────────────────

    Error Context: ../test-results/admin-new-새로운-관리자-페이지-테스트-테마-전환-chromium/error-context.md
]]>
</failure>
<system-out>
<![CDATA[
[[ATTACHMENT|admin-new-새로운-관리자-페이지-테스트-테마-전환-chromium/test-failed-1.png]]

[[ATTACHMENT|admin-new-새로운-관리자-페이지-테스트-테마-전환-chromium/video.webm]]

[[ATTACHMENT|admin-new-새로운-관리자-페이지-테스트-테마-전환-chromium/error-context.md]]
]]>
</system-out>
</testcase>
<testcase name="새로운 관리자 페이지 테스트 › 사이드바 토글" classname="admin-new.spec.ts" time="30.663">
<failure message="admin-new.spec.ts:70:7 사이드바 토글" type="FAILURE">
<![CDATA[  [chromium] › admin-new.spec.ts:70:7 › 새로운 관리자 페이지 테스트 › 사이드바 토글 ──────────────────────────────────

    Test timeout of 30000ms exceeded.

    Error: page.fill: Test timeout of 30000ms exceeded.
    Call log:
      - waiting for locator('input[name="username"]')


      70 |   test('사이드바 토글', async ({ page }) => {
      71 |     // 먼저 로그인
    > 72 |     await page.fill('input[name="username"]', 'admin');
         |                ^
      73 |     await page.fill('input[name="password"]', 'password');
      74 |     await page.click('button:has-text("로그인")');
      75 |     
        at /Users/m2/MASLABS/win.masgolf.co.kr/tests/admin-new.spec.ts:72:16

    attachment #1: screenshot (image/png) ──────────────────────────────────────────────────────────
    ../test-results/admin-new-새로운-관리자-페이지-테스트-사이드바-토글-chromium/test-failed-1.png
    ────────────────────────────────────────────────────────────────────────────────────────────────

    attachment #2: video (video/webm) ──────────────────────────────────────────────────────────────
    ../test-results/admin-new-새로운-관리자-페이지-테스트-사이드바-토글-chromium/video.webm
    ────────────────────────────────────────────────────────────────────────────────────────────────

    Error Context: ../test-results/admin-new-새로운-관리자-페이지-테스트-사이드바-토글-chromium/error-context.md
]]>
</failure>
<system-out>
<![CDATA[
[[ATTACHMENT|admin-new-새로운-관리자-페이지-테스트-사이드바-토글-chromium/test-failed-1.png]]

[[ATTACHMENT|admin-new-새로운-관리자-페이지-테스트-사이드바-토글-chromium/video.webm]]

[[ATTACHMENT|admin-new-새로운-관리자-페이지-테스트-사이드바-토글-chromium/error-context.md]]
]]>
</system-out>
</testcase>
<testcase name="새로운 관리자 페이지 테스트 › 대시보드 기능" classname="admin-new.spec.ts" time="30.633">
<failure message="admin-new.spec.ts:85:7 대시보드 기능" type="FAILURE">
<![CDATA[  [chromium] › admin-new.spec.ts:85:7 › 새로운 관리자 페이지 테스트 › 대시보드 기능 ──────────────────────────────────

    Test timeout of 30000ms exceeded.

    Error: page.fill: Test timeout of 30000ms exceeded.
    Call log:
      - waiting for locator('input[name="username"]')


      85 |   test('대시보드 기능', async ({ page }) => {
      86 |     // 먼저 로그인
    > 87 |     await page.fill('input[name="username"]', 'admin');
         |                ^
      88 |     await page.fill('input[name="password"]', 'password');
      89 |     await page.click('button:has-text("로그인")');
      90 |     
        at /Users/m2/MASLABS/win.masgolf.co.kr/tests/admin-new.spec.ts:87:16

    attachment #1: screenshot (image/png) ──────────────────────────────────────────────────────────
    ../test-results/admin-new-새로운-관리자-페이지-테스트-대시보드-기능-chromium/test-failed-1.png
    ────────────────────────────────────────────────────────────────────────────────────────────────

    attachment #2: video (video/webm) ──────────────────────────────────────────────────────────────
    ../test-results/admin-new-새로운-관리자-페이지-테스트-대시보드-기능-chromium/video.webm
    ────────────────────────────────────────────────────────────────────────────────────────────────

    Error Context: ../test-results/admin-new-새로운-관리자-페이지-테스트-대시보드-기능-chromium/error-context.md
]]>
</failure>
<system-out>
<![CDATA[
[[ATTACHMENT|admin-new-새로운-관리자-페이지-테스트-대시보드-기능-chromium/test-failed-1.png]]

[[ATTACHMENT|admin-new-새로운-관리자-페이지-테스트-대시보드-기능-chromium/video.webm]]

[[ATTACHMENT|admin-new-새로운-관리자-페이지-테스트-대시보드-기능-chromium/error-context.md]]
]]>
</system-out>
</testcase>
<testcase name="새로운 관리자 페이지 테스트 › 로그아웃" classname="admin-new.spec.ts" time="30.64">
<failure message="admin-new.spec.ts:99:7 로그아웃" type="FAILURE">
<![CDATA[  [chromium] › admin-new.spec.ts:99:7 › 새로운 관리자 페이지 테스트 › 로그아웃 ─────────────────────────────────────

    Test timeout of 30000ms exceeded.

    Error: page.fill: Test timeout of 30000ms exceeded.
    Call log:
      - waiting for locator('input[name="username"]')


       99 |   test('로그아웃', async ({ page }) => {
      100 |     // 먼저 로그인
    > 101 |     await page.fill('input[name="username"]', 'admin');
          |                ^
      102 |     await page.fill('input[name="password"]', 'password');
      103 |     await page.click('button:has-text("로그인")');
      104 |     
        at /Users/m2/MASLABS/win.masgolf.co.kr/tests/admin-new.spec.ts:101:16

    attachment #1: screenshot (image/png) ──────────────────────────────────────────────────────────
    ../test-results/admin-new-새로운-관리자-페이지-테스트-로그아웃-chromium/test-failed-1.png
    ────────────────────────────────────────────────────────────────────────────────────────────────

    attachment #2: video (video/webm) ──────────────────────────────────────────────────────────────
    ../test-results/admin-new-새로운-관리자-페이지-테스트-로그아웃-chromium/video.webm
    ────────────────────────────────────────────────────────────────────────────────────────────────

    Error Context: ../test-results/admin-new-새로운-관리자-페이지-테스트-로그아웃-chromium/error-context.md
]]>
</failure>
<system-out>
<![CDATA[
[[ATTACHMENT|admin-new-새로운-관리자-페이지-테스트-로그아웃-chromium/test-failed-1.png]]

[[ATTACHMENT|admin-new-새로운-관리자-페이지-테스트-로그아웃-chromium/video.webm]]

[[ATTACHMENT|admin-new-새로운-관리자-페이지-테스트-로그아웃-chromium/error-context.md]]
]]>
</system-out>
</testcase>
<testcase name="새로운 관리자 페이지 테스트 › 반응형 디자인" classname="admin-new.spec.ts" time="30.638">
<failure message="admin-new.spec.ts:112:7 반응형 디자인" type="FAILURE">
<![CDATA[  [chromium] › admin-new.spec.ts:112:7 › 새로운 관리자 페이지 테스트 › 반응형 디자인 ─────────────────────────────────

    Test timeout of 30000ms exceeded.

    Error: page.fill: Test timeout of 30000ms exceeded.
    Call log:
      - waiting for locator('input[name="username"]')


      112 |   test('반응형 디자인', async ({ page }) => {
      113 |     // 먼저 로그인
    > 114 |     await page.fill('input[name="username"]', 'admin');
          |                ^
      115 |     await page.fill('input[name="password"]', 'password');
      116 |     await page.click('button:has-text("로그인")');
      117 |     
        at /Users/m2/MASLABS/win.masgolf.co.kr/tests/admin-new.spec.ts:114:16

    attachment #1: screenshot (image/png) ──────────────────────────────────────────────────────────
    ../test-results/admin-new-새로운-관리자-페이지-테스트-반응형-디자인-chromium/test-failed-1.png
    ────────────────────────────────────────────────────────────────────────────────────────────────

    attachment #2: video (video/webm) ──────────────────────────────────────────────────────────────
    ../test-results/admin-new-새로운-관리자-페이지-테스트-반응형-디자인-chromium/video.webm
    ────────────────────────────────────────────────────────────────────────────────────────────────

    Error Context: ../test-results/admin-new-새로운-관리자-페이지-테스트-반응형-디자인-chromium/error-context.md
]]>
</failure>
<system-out>
<![CDATA[
[[ATTACHMENT|admin-new-새로운-관리자-페이지-테스트-반응형-디자인-chromium/test-failed-1.png]]

[[ATTACHMENT|admin-new-새로운-관리자-페이지-테스트-반응형-디자인-chromium/video.webm]]

[[ATTACHMENT|admin-new-새로운-관리자-페이지-테스트-반응형-디자인-chromium/error-context.md]]
]]>
</system-out>
</testcase>
<testcase name="새로운 관리자 페이지 테스트 › 접근성 테스트" classname="admin-new.spec.ts" time="30.627">
<failure message="admin-new.spec.ts:129:7 접근성 테스트" type="FAILURE">
<![CDATA[  [chromium] › admin-new.spec.ts:129:7 › 새로운 관리자 페이지 테스트 › 접근성 테스트 ─────────────────────────────────

    Test timeout of 30000ms exceeded.

    Error: page.fill: Test timeout of 30000ms exceeded.
    Call log:
      - waiting for locator('input[name="username"]')


      129 |   test('접근성 테스트', async ({ page }) => {
      130 |     // 먼저 로그인
    > 131 |     await page.fill('input[name="username"]', 'admin');
          |                ^
      132 |     await page.fill('input[name="password"]', 'password');
      133 |     await page.click('button:has-text("로그인")');
      134 |     
        at /Users/m2/MASLABS/win.masgolf.co.kr/tests/admin-new.spec.ts:131:16

    attachment #1: screenshot (image/png) ──────────────────────────────────────────────────────────
    ../test-results/admin-new-새로운-관리자-페이지-테스트-접근성-테스트-chromium/test-failed-1.png
    ────────────────────────────────────────────────────────────────────────────────────────────────

    attachment #2: video (video/webm) ──────────────────────────────────────────────────────────────
    ../test-results/admin-new-새로운-관리자-페이지-테스트-접근성-테스트-chromium/video.webm
    ────────────────────────────────────────────────────────────────────────────────────────────────

    Error Context: ../test-results/admin-new-새로운-관리자-페이지-테스트-접근성-테스트-chromium/error-context.md
]]>
</failure>
<system-out>
<![CDATA[
[[ATTACHMENT|admin-new-새로운-관리자-페이지-테스트-접근성-테스트-chromium/test-failed-1.png]]

[[ATTACHMENT|admin-new-새로운-관리자-페이지-테스트-접근성-테스트-chromium/video.webm]]

[[ATTACHMENT|admin-new-새로운-관리자-페이지-테스트-접근성-테스트-chromium/error-context.md]]
]]>
</system-out>
</testcase>
</testsuite>
<testsuite name="admin-simple-test.spec.ts" timestamp="2025-10-01T10:50:13.100Z" hostname="chromium" tests="3" failures="1" skipped="0" time="7.324" errors="0">
<testcase name="간단한 관리자 페이지 테스트 › 로그인 페이지 표시 확인" classname="admin-simple-test.spec.ts" time="0.707">
</testcase>
<testcase name="간단한 관리자 페이지 테스트 › 로그인 성공 확인" classname="admin-simple-test.spec.ts" time="5.766">
<failure message="admin-simple-test.spec.ts:17:7 로그인 성공 확인" type="FAILURE">
<![CDATA[  [chromium] › admin-simple-test.spec.ts:17:7 › 간단한 관리자 페이지 테스트 › 로그인 성공 확인 ────────────────────────

    Error: Timed out 5000ms waiting for expect(locator).toBeVisible()

    Locator: locator('text=총 방문자')
    Expected: visible
    Received: <element(s) not found>
    Call log:
      - Expect "toBeVisible" with timeout 5000ms
      - waiting for locator('text=총 방문자')


      27 |     
      28 |     // 대시보드 카드 확인
    > 29 |     await expect(page.locator('text=총 방문자')).toBeVisible();
         |                                              ^
      30 |     await expect(page.locator('text=페이지뷰')).toBeVisible();
      31 |   });
      32 |
        at /Users/m2/MASLABS/win.masgolf.co.kr/tests/admin-simple-test.spec.ts:29:46

    attachment #1: screenshot (image/png) ──────────────────────────────────────────────────────────
    ../test-results/admin-simple-test-간단한-관리자-페이지-테스트-로그인-성공-확인-chromium/test-failed-1.png
    ────────────────────────────────────────────────────────────────────────────────────────────────

    attachment #2: video (video/webm) ──────────────────────────────────────────────────────────────
    ../test-results/admin-simple-test-간단한-관리자-페이지-테스트-로그인-성공-확인-chromium/video.webm
    ────────────────────────────────────────────────────────────────────────────────────────────────

    Error Context: ../test-results/admin-simple-test-간단한-관리자-페이지-테스트-로그인-성공-확인-chromium/error-context.md
]]>
</failure>
<system-out>
<![CDATA[
[[ATTACHMENT|admin-simple-test-간단한-관리자-페이지-테스트-로그인-성공-확인-chromium/test-failed-1.png]]

[[ATTACHMENT|admin-simple-test-간단한-관리자-페이지-테스트-로그인-성공-확인-chromium/video.webm]]

[[ATTACHMENT|admin-simple-test-간단한-관리자-페이지-테스트-로그인-성공-확인-chromium/error-context.md]]
]]>
</system-out>
</testcase>
<testcase name="간단한 관리자 페이지 테스트 › 로그아웃 기능 확인" classname="admin-simple-test.spec.ts" time="0.851">
</testcase>
</testsuite>
<testsuite name="current-data-check.spec.ts" timestamp="2025-10-01T10:50:13.100Z" hostname="chromium" tests="7" failures="6" skipped="0" time="188.933" errors="0">
<testcase name="현재 가져올 수 있는 모든 데이터 확인 › GA4 실시간 데이터 확인" classname="current-data-check.spec.ts" time="30.525">
<failure message="current-data-check.spec.ts:17:7 GA4 실시간 데이터 확인" type="FAILURE">
<![CDATA[  [chromium] › current-data-check.spec.ts:17:7 › 현재 가져올 수 있는 모든 데이터 확인 › GA4 실시간 데이터 확인 ────────────

    Test timeout of 30000ms exceeded.

    Error: page.click: Test timeout of 30000ms exceeded.
    Call log:
      - waiting for locator('text=퍼널 관리')


      28 |
      29 |     // 퍼널 관리 탭으로 이동
    > 30 |     await page.click('text=퍼널 관리');
         |                ^
      31 |     await page.waitForLoadState('networkidle');
      32 |     
      33 |     // 2025-08 버튼 클릭
        at /Users/m2/MASLABS/win.masgolf.co.kr/tests/current-data-check.spec.ts:30:16

    attachment #1: screenshot (image/png) ──────────────────────────────────────────────────────────
    ../test-results/current-data-check-현재-가져올-수-있는-모든-데이터-확인-GA4-실시간-데이터-확인-chromium/test-failed-1.png
    ────────────────────────────────────────────────────────────────────────────────────────────────

    attachment #2: video (video/webm) ──────────────────────────────────────────────────────────────
    ../test-results/current-data-check-현재-가져올-수-있는-모든-데이터-확인-GA4-실시간-데이터-확인-chromium/video.webm
    ────────────────────────────────────────────────────────────────────────────────────────────────

    Error Context: ../test-results/current-data-check-현재-가져올-수-있는-모든-데이터-확인-GA4-실시간-데이터-확인-chromium/error-context.md
]]>
</failure>
<system-out>
<![CDATA[
[[ATTACHMENT|current-data-check-현재-가져올-수-있는-모든-데이터-확인-GA4-실시간-데이터-확인-chromium/test-failed-1.png]]

[[ATTACHMENT|current-data-check-현재-가져올-수-있는-모든-데이터-확인-GA4-실시간-데이터-확인-chromium/video.webm]]

[[ATTACHMENT|current-data-check-현재-가져올-수-있는-모든-데이터-확인-GA4-실시간-데이터-확인-chromium/error-context.md]]
]]>
</system-out>
</testcase>
<testcase name="현재 가져올 수 있는 모든 데이터 확인 › 퍼널 파일 데이터 확인" classname="current-data-check.spec.ts" time="30.079">
<failure message="current-data-check.spec.ts:46:7 퍼널 파일 데이터 확인" type="FAILURE">
<![CDATA[  [chromium] › current-data-check.spec.ts:46:7 › 현재 가져올 수 있는 모든 데이터 확인 › 퍼널 파일 데이터 확인 ──────────────

    Test timeout of 30000ms exceeded.

    Error: page.click: Test timeout of 30000ms exceeded.
    Call log:
      - waiting for locator('text=퍼널 관리')


      46 |   test('퍼널 파일 데이터 확인', async ({ page }) => {
      47 |     // 퍼널 관리 탭으로 이동
    > 48 |     await page.click('text=퍼널 관리');
         |                ^
      49 |     await page.waitForLoadState('networkidle');
      50 |     
      51 |     // 2025-08 버튼 클릭
        at /Users/m2/MASLABS/win.masgolf.co.kr/tests/current-data-check.spec.ts:48:16

    attachment #1: screenshot (image/png) ──────────────────────────────────────────────────────────
    ../test-results/current-data-check-현재-가져올-수-있는-모든-데이터-확인-퍼널-파일-데이터-확인-chromium/test-failed-1.png
    ────────────────────────────────────────────────────────────────────────────────────────────────

    attachment #2: video (video/webm) ──────────────────────────────────────────────────────────────
    ../test-results/current-data-check-현재-가져올-수-있는-모든-데이터-확인-퍼널-파일-데이터-확인-chromium/video.webm
    ────────────────────────────────────────────────────────────────────────────────────────────────

    Error Context: ../test-results/current-data-check-현재-가져올-수-있는-모든-데이터-확인-퍼널-파일-데이터-확인-chromium/error-context.md
]]>
</failure>
<system-out>
<![CDATA[
[[ATTACHMENT|current-data-check-현재-가져올-수-있는-모든-데이터-확인-퍼널-파일-데이터-확인-chromium/test-failed-1.png]]

[[ATTACHMENT|current-data-check-현재-가져올-수-있는-모든-데이터-확인-퍼널-파일-데이터-확인-chromium/video.webm]]

[[ATTACHMENT|current-data-check-현재-가져올-수-있는-모든-데이터-확인-퍼널-파일-데이터-확인-chromium/error-context.md]]
]]>
</system-out>
</testcase>
<testcase name="현재 가져올 수 있는 모든 데이터 확인 › 현재 사용 중인 모든 API 엔드포인트 확인" classname="current-data-check.spec.ts" time="30.301">
<failure message="current-data-check.spec.ts:64:7 현재 사용 중인 모든 API 엔드포인트 확인" type="FAILURE">
<![CDATA[  [chromium] › current-data-check.spec.ts:64:7 › 현재 가져올 수 있는 모든 데이터 확인 › 현재 사용 중인 모든 API 엔드포인트 확인 ──

    Test timeout of 30000ms exceeded.

    Error: page.click: Test timeout of 30000ms exceeded.
    Call log:
      - waiting for locator('text=퍼널 관리')


      75 |
      76 |     // 퍼널 관리 탭으로 이동
    > 77 |     await page.click('text=퍼널 관리');
         |                ^
      78 |     await page.waitForLoadState('networkidle');
      79 |     
      80 |     // 2025-08 버튼 클릭
        at /Users/m2/MASLABS/win.masgolf.co.kr/tests/current-data-check.spec.ts:77:16

    attachment #1: screenshot (image/png) ──────────────────────────────────────────────────────────
    ../test-results/current-data-check-현재-가져올--790eb-확인-현재-사용-중인-모든-API-엔드포인트-확인-chromium/test-failed-1.png
    ────────────────────────────────────────────────────────────────────────────────────────────────

    attachment #2: video (video/webm) ──────────────────────────────────────────────────────────────
    ../test-results/current-data-check-현재-가져올--790eb-확인-현재-사용-중인-모든-API-엔드포인트-확인-chromium/video.webm
    ────────────────────────────────────────────────────────────────────────────────────────────────

    Error Context: ../test-results/current-data-check-현재-가져올--790eb-확인-현재-사용-중인-모든-API-엔드포인트-확인-chromium/error-context.md
]]>
</failure>
<system-out>
<![CDATA[
[[ATTACHMENT|current-data-check-현재-가져올--790eb-확인-현재-사용-중인-모든-API-엔드포인트-확인-chromium/test-failed-1.png]]

[[ATTACHMENT|current-data-check-현재-가져올--790eb-확인-현재-사용-중인-모든-API-엔드포인트-확인-chromium/video.webm]]

[[ATTACHMENT|current-data-check-현재-가져올--790eb-확인-현재-사용-중인-모든-API-엔드포인트-확인-chromium/error-context.md]]
]]>
</system-out>
</testcase>
<testcase name="현재 가져올 수 있는 모든 데이터 확인 › 추가 GA4 데이터 확인" classname="current-data-check.spec.ts" time="7.454">
<system-out>
<![CDATA[/api/ga4-daily 응답 상태: [33m200[39m
/api/ga4-daily 데이터 샘플: [{"date":"2025-10-01","users":58,"pageViews":129,"events":444},{"date":"2025-10-01","users":0,"pageViews":0,"events":0},{"date":"2025-10-02","users":0,"pageViews":0,"events":0},{"date":"2025-10-03","u...
/api/ga4-hourly 응답 상태: [33m200[39m
/api/ga4-hourly 데이터 샘플: [{"hour":"00","users":0,"pageViews":0,"events":0},{"hour":"01","users":1,"pageViews":2,"events":6},{"hour":"02","users":0,"pageViews":0,"events":0},{"hour":"03","users":3,"pageViews":5,"events":17},{"...
/api/ga4-monthly 응답 상태: [33m200[39m
/api/ga4-monthly 데이터 샘플: {"month":"2025-10","year":2025,"users":58,"pageViews":129,"events":444,"tagStatus":"partial","workingDays":1,"totalDays":31,"dailyData":[{"date":"20251001","users":58,"pageViews":129,"events":444}]}...
/api/ga4-campaign-metrics 응답 상태: [33m500[39m
]]>
</system-out>
</testcase>
<testcase name="현재 가져올 수 있는 모든 데이터 확인 › 현재 누락된 데이터 확인" classname="current-data-check.spec.ts" time="30.379">
<failure message="current-data-check.spec.ts:114:7 현재 누락된 데이터 확인" type="FAILURE">
<![CDATA[  [chromium] › current-data-check.spec.ts:114:7 › 현재 가져올 수 있는 모든 데이터 확인 › 현재 누락된 데이터 확인 ────────────

    Test timeout of 30000ms exceeded.

    Error: page.click: Test timeout of 30000ms exceeded.
    Call log:
      - waiting for locator('text=퍼널 관리')


      114 |   test('현재 누락된 데이터 확인', async ({ page }) => {
      115 |     // 퍼널 관리 탭으로 이동
    > 116 |     await page.click('text=퍼널 관리');
          |                ^
      117 |     await page.waitForLoadState('networkidle');
      118 |     
      119 |     // 2025-08 버튼 클릭
        at /Users/m2/MASLABS/win.masgolf.co.kr/tests/current-data-check.spec.ts:116:16

    attachment #1: screenshot (image/png) ──────────────────────────────────────────────────────────
    ../test-results/current-data-check-현재-가져올-수-있는-모든-데이터-확인-현재-누락된-데이터-확인-chromium/test-failed-1.png
    ────────────────────────────────────────────────────────────────────────────────────────────────

    attachment #2: video (video/webm) ──────────────────────────────────────────────────────────────
    ../test-results/current-data-check-현재-가져올-수-있는-모든-데이터-확인-현재-누락된-데이터-확인-chromium/video.webm
    ────────────────────────────────────────────────────────────────────────────────────────────────

    Error Context: ../test-results/current-data-check-현재-가져올-수-있는-모든-데이터-확인-현재-누락된-데이터-확인-chromium/error-context.md
]]>
</failure>
<system-out>
<![CDATA[
[[ATTACHMENT|current-data-check-현재-가져올-수-있는-모든-데이터-확인-현재-누락된-데이터-확인-chromium/test-failed-1.png]]

[[ATTACHMENT|current-data-check-현재-가져올-수-있는-모든-데이터-확인-현재-누락된-데이터-확인-chromium/video.webm]]

[[ATTACHMENT|current-data-check-현재-가져올-수-있는-모든-데이터-확인-현재-누락된-데이터-확인-chromium/error-context.md]]
]]>
</system-out>
</testcase>
<testcase name="현재 가져올 수 있는 모든 데이터 확인 › 성능 데이터 확인" classname="current-data-check.spec.ts" time="30.096">
<failure message="current-data-check.spec.ts:149:7 성능 데이터 확인" type="FAILURE">
<![CDATA[  [chromium] › current-data-check.spec.ts:149:7 › 현재 가져올 수 있는 모든 데이터 확인 › 성능 데이터 확인 ────────────────

    Test timeout of 30000ms exceeded.

    Error: page.click: Test timeout of 30000ms exceeded.
    Call log:
      - waiting for locator('text=퍼널 관리')


      149 |   test('성능 데이터 확인', async ({ page }) => {
      150 |     // 퍼널 관리 탭으로 이동
    > 151 |     await page.click('text=퍼널 관리');
          |                ^
      152 |     await page.waitForLoadState('networkidle');
      153 |     
      154 |     // 2025-08 버튼 클릭
        at /Users/m2/MASLABS/win.masgolf.co.kr/tests/current-data-check.spec.ts:151:16

    attachment #1: screenshot (image/png) ──────────────────────────────────────────────────────────
    ../test-results/current-data-check-현재-가져올-수-있는-모든-데이터-확인-성능-데이터-확인-chromium/test-failed-1.png
    ────────────────────────────────────────────────────────────────────────────────────────────────

    attachment #2: video (video/webm) ──────────────────────────────────────────────────────────────
    ../test-results/current-data-check-현재-가져올-수-있는-모든-데이터-확인-성능-데이터-확인-chromium/video.webm
    ────────────────────────────────────────────────────────────────────────────────────────────────

    Error Context: ../test-results/current-data-check-현재-가져올-수-있는-모든-데이터-확인-성능-데이터-확인-chromium/error-context.md
]]>
</failure>
<system-out>
<![CDATA[
[[ATTACHMENT|current-data-check-현재-가져올-수-있는-모든-데이터-확인-성능-데이터-확인-chromium/test-failed-1.png]]

[[ATTACHMENT|current-data-check-현재-가져올-수-있는-모든-데이터-확인-성능-데이터-확인-chromium/video.webm]]

[[ATTACHMENT|current-data-check-현재-가져올-수-있는-모든-데이터-확인-성능-데이터-확인-chromium/error-context.md]]
]]>
</system-out>
</testcase>
<testcase name="현재 가져올 수 있는 모든 데이터 확인 › 사용자 행동 데이터 확인" classname="current-data-check.spec.ts" time="30.099">
<failure message="current-data-check.spec.ts:168:7 사용자 행동 데이터 확인" type="FAILURE">
<![CDATA[  [chromium] › current-data-check.spec.ts:168:7 › 현재 가져올 수 있는 모든 데이터 확인 › 사용자 행동 데이터 확인 ────────────

    Test timeout of 30000ms exceeded.

    Error: page.click: Test timeout of 30000ms exceeded.
    Call log:
      - waiting for locator('text=퍼널 관리')


      168 |   test('사용자 행동 데이터 확인', async ({ page }) => {
      169 |     // 퍼널 관리 탭으로 이동
    > 170 |     await page.click('text=퍼널 관리');
          |                ^
      171 |     await page.waitForLoadState('networkidle');
      172 |     
      173 |     // 2025-08 버튼 클릭
        at /Users/m2/MASLABS/win.masgolf.co.kr/tests/current-data-check.spec.ts:170:16

    attachment #1: screenshot (image/png) ──────────────────────────────────────────────────────────
    ../test-results/current-data-check-현재-가져올-수-있는-모든-데이터-확인-사용자-행동-데이터-확인-chromium/test-failed-1.png
    ────────────────────────────────────────────────────────────────────────────────────────────────

    attachment #2: video (video/webm) ──────────────────────────────────────────────────────────────
    ../test-results/current-data-check-현재-가져올-수-있는-모든-데이터-확인-사용자-행동-데이터-확인-chromium/video.webm
    ────────────────────────────────────────────────────────────────────────────────────────────────

    Error Context: ../test-results/current-data-check-현재-가져올-수-있는-모든-데이터-확인-사용자-행동-데이터-확인-chromium/error-context.md
]]>
</failure>
<system-out>
<![CDATA[
[[ATTACHMENT|current-data-check-현재-가져올-수-있는-모든-데이터-확인-사용자-행동-데이터-확인-chromium/test-failed-1.png]]

[[ATTACHMENT|current-data-check-현재-가져올-수-있는-모든-데이터-확인-사용자-행동-데이터-확인-chromium/video.webm]]

[[ATTACHMENT|current-data-check-현재-가져올-수-있는-모든-데이터-확인-사용자-행동-데이터-확인-chromium/error-context.md]]
]]>
</system-out>
</testcase>
</testsuite>
<testsuite name="deployment-verification-final.spec.ts" timestamp="2025-10-01T10:50:13.100Z" hostname="chromium" tests="9" failures="8" skipped="0" time="106.567" errors="0">
<testcase name="배포 후 최종 검증 › 새로운 홈페이지가 정상적으로 로드되는지 확인" classname="deployment-verification-final.spec.ts" time="7.197">
<failure message="deployment-verification-final.spec.ts:4:7 새로운 홈페이지가 정상적으로 로드되는지 확인" type="FAILURE">
<![CDATA[  [chromium] › deployment-verification-final.spec.ts:4:7 › 배포 후 최종 검증 › 새로운 홈페이지가 정상적으로 로드되는지 확인 ───

    Error: Timed out 5000ms waiting for expect(locator).toBeVisible()

    Locator: locator('text=시니어 골퍼를 위한 특별한 선택')
    Expected: visible
    Received: <element(s) not found>
    Call log:
      - Expect "toBeVisible" with timeout 5000ms
      - waiting for locator('text=시니어 골퍼를 위한 특별한 선택')


      13 |     // 메인 헤더 확인
      14 |     await expect(page.locator('text=MASGOLF Summer Campaign')).toBeVisible();
    > 15 |     await expect(page.locator('text=시니어 골퍼를 위한 특별한 선택')).toBeVisible();
         |                                                          ^
      16 |     
      17 |     // MASGOLF 로고 확인
      18 |     await expect(page.locator('text=MASGOLF').first()).toBeVisible();
        at /Users/m2/MASLABS/win.masgolf.co.kr/tests/deployment-verification-final.spec.ts:15:58

    attachment #1: screenshot (image/png) ──────────────────────────────────────────────────────────
    ../test-results/deployment-verification-fi-28ff3-검증-새로운-홈페이지가-정상적으로-로드되는지-확인-chromium/test-failed-1.png
    ────────────────────────────────────────────────────────────────────────────────────────────────

    attachment #2: video (video/webm) ──────────────────────────────────────────────────────────────
    ../test-results/deployment-verification-fi-28ff3-검증-새로운-홈페이지가-정상적으로-로드되는지-확인-chromium/video.webm
    ────────────────────────────────────────────────────────────────────────────────────────────────

    Error Context: ../test-results/deployment-verification-fi-28ff3-검증-새로운-홈페이지가-정상적으로-로드되는지-확인-chromium/error-context.md
]]>
</failure>
<system-out>
<![CDATA[
[[ATTACHMENT|deployment-verification-fi-28ff3-검증-새로운-홈페이지가-정상적으로-로드되는지-확인-chromium/test-failed-1.png]]

[[ATTACHMENT|deployment-verification-fi-28ff3-검증-새로운-홈페이지가-정상적으로-로드되는지-확인-chromium/video.webm]]

[[ATTACHMENT|deployment-verification-fi-28ff3-검증-새로운-홈페이지가-정상적으로-로드되는지-확인-chromium/error-context.md]]
]]>
</system-out>
</testcase>
<testcase name="배포 후 최종 검증 › 8월 퍼널이 정상적으로 작동하는지 확인" classname="deployment-verification-final.spec.ts" time="8.212">
<failure message="deployment-verification-final.spec.ts:24:7 8월 퍼널이 정상적으로 작동하는지 확인" type="FAILURE">
<![CDATA[  [chromium] › deployment-verification-final.spec.ts:24:7 › 배포 후 최종 검증 › 8월 퍼널이 정상적으로 작동하는지 확인 ─────

    Error: Timed out 5000ms waiting for expect(page).toHaveURL(expected)

    Expected pattern: /.*\/25-08/
    Received string:  "https://win.masgolf.co.kr/25-09/"
    Call log:
      - Expect "toHaveURL" with timeout 5000ms
        9 × unexpected value "https://win.masgolf.co.kr/25-09/"


      26 |     
      27 |     // 자동으로 /25-08로 리다이렉트되는지 확인
    > 28 |     await expect(page).toHaveURL(/.*\/25-08/);
         |                        ^
      29 |     
      30 |     // 퍼널 페이지 제목 확인
      31 |     await expect(page.locator('title')).toContainText('MAS Golf 8월 퍼널');
        at /Users/m2/MASLABS/win.masgolf.co.kr/tests/deployment-verification-final.spec.ts:28:24

    attachment #1: screenshot (image/png) ──────────────────────────────────────────────────────────
    ../test-results/deployment-verification-fi-97fbb-최종-검증-8월-퍼널이-정상적으로-작동하는지-확인-chromium/test-failed-1.png
    ────────────────────────────────────────────────────────────────────────────────────────────────

    attachment #2: video (video/webm) ──────────────────────────────────────────────────────────────
    ../test-results/deployment-verification-fi-97fbb-최종-검증-8월-퍼널이-정상적으로-작동하는지-확인-chromium/video.webm
    ────────────────────────────────────────────────────────────────────────────────────────────────

    Error Context: ../test-results/deployment-verification-fi-97fbb-최종-검증-8월-퍼널이-정상적으로-작동하는지-확인-chromium/error-context.md
]]>
</failure>
<system-out>
<![CDATA[
[[ATTACHMENT|deployment-verification-fi-97fbb-최종-검증-8월-퍼널이-정상적으로-작동하는지-확인-chromium/test-failed-1.png]]

[[ATTACHMENT|deployment-verification-fi-97fbb-최종-검증-8월-퍼널이-정상적으로-작동하는지-확인-chromium/video.webm]]

[[ATTACHMENT|deployment-verification-fi-97fbb-최종-검증-8월-퍼널이-정상적으로-작동하는지-확인-chromium/error-context.md]]
]]>
</system-out>
</testcase>
<testcase name="배포 후 최종 검증 › 관리자 페이지 로그인이 정상적으로 작동하는지 확인" classname="deployment-verification-final.spec.ts" time="6.499">
<failure message="deployment-verification-final.spec.ts:38:7 관리자 페이지 로그인이 정상적으로 작동하는지 확인" type="FAILURE">
<![CDATA[  [chromium] › deployment-verification-final.spec.ts:38:7 › 배포 후 최종 검증 › 관리자 페이지 로그인이 정상적으로 작동하는지 확인 

    Error: Timed out 5000ms waiting for expect(locator).toBeVisible()

    Locator: locator('text=퍼널 관리')
    Expected: visible
    Received: <element(s) not found>
    Call log:
      - Expect "toBeVisible" with timeout 5000ms
      - waiting for locator('text=퍼널 관리')


      47 |     
      48 |     // 로그인 성공 후 대시보드 확인
    > 49 |     await expect(page.locator('text=퍼널 관리')).toBeVisible();
         |                                              ^
      50 |     await expect(page.locator('text=실시간 A/B 테스트 성능 비교')).toBeVisible();
      51 |   });
      52 |
        at /Users/m2/MASLABS/win.masgolf.co.kr/tests/deployment-verification-final.spec.ts:49:46

    attachment #1: screenshot (image/png) ──────────────────────────────────────────────────────────
    ../test-results/deployment-verification-fi-d7e3e-관리자-페이지-로그인이-정상적으로-작동하는지-확인-chromium/test-failed-1.png
    ────────────────────────────────────────────────────────────────────────────────────────────────

    attachment #2: video (video/webm) ──────────────────────────────────────────────────────────────
    ../test-results/deployment-verification-fi-d7e3e-관리자-페이지-로그인이-정상적으로-작동하는지-확인-chromium/video.webm
    ────────────────────────────────────────────────────────────────────────────────────────────────

    Error Context: ../test-results/deployment-verification-fi-d7e3e-관리자-페이지-로그인이-정상적으로-작동하는지-확인-chromium/error-context.md
]]>
</failure>
<system-out>
<![CDATA[
[[ATTACHMENT|deployment-verification-fi-d7e3e-관리자-페이지-로그인이-정상적으로-작동하는지-확인-chromium/test-failed-1.png]]

[[ATTACHMENT|deployment-verification-fi-d7e3e-관리자-페이지-로그인이-정상적으로-작동하는지-확인-chromium/video.webm]]

[[ATTACHMENT|deployment-verification-fi-d7e3e-관리자-페이지-로그인이-정상적으로-작동하는지-확인-chromium/error-context.md]]
]]>
</system-out>
</testcase>
<testcase name="배포 후 최종 검증 › 관리자 페이지 퍼널 관리 탭이 정상적으로 작동하는지 확인" classname="deployment-verification-final.spec.ts" time="30.182">
<failure message="deployment-verification-final.spec.ts:53:7 관리자 페이지 퍼널 관리 탭이 정상적으로 작동하는지 확인" type="FAILURE">
<![CDATA[  [chromium] › deployment-verification-final.spec.ts:53:7 › 배포 후 최종 검증 › 관리자 페이지 퍼널 관리 탭이 정상적으로 작동하는지 확인 

    Test timeout of 30000ms exceeded.

    Error: page.click: Test timeout of 30000ms exceeded.
    Call log:
      - waiting for locator('text=퍼널 관리')


      59 |     
      60 |     // 퍼널 관리 탭 클릭
    > 61 |     await page.click('text=퍼널 관리');
         |                ^
      62 |     
      63 |     // 2025-08 탭 확인
      64 |     await expect(page.locator('text=2025-08')).toBeVisible();
        at /Users/m2/MASLABS/win.masgolf.co.kr/tests/deployment-verification-final.spec.ts:61:16

    attachment #1: screenshot (image/png) ──────────────────────────────────────────────────────────
    ../test-results/deployment-verification-fi-8cf7d-페이지-퍼널-관리-탭이-정상적으로-작동하는지-확인-chromium/test-failed-1.png
    ────────────────────────────────────────────────────────────────────────────────────────────────

    attachment #2: video (video/webm) ──────────────────────────────────────────────────────────────
    ../test-results/deployment-verification-fi-8cf7d-페이지-퍼널-관리-탭이-정상적으로-작동하는지-확인-chromium/video.webm
    ────────────────────────────────────────────────────────────────────────────────────────────────

    Error Context: ../test-results/deployment-verification-fi-8cf7d-페이지-퍼널-관리-탭이-정상적으로-작동하는지-확인-chromium/error-context.md
]]>
</failure>
<system-out>
<![CDATA[
[[ATTACHMENT|deployment-verification-fi-8cf7d-페이지-퍼널-관리-탭이-정상적으로-작동하는지-확인-chromium/test-failed-1.png]]

[[ATTACHMENT|deployment-verification-fi-8cf7d-페이지-퍼널-관리-탭이-정상적으로-작동하는지-확인-chromium/video.webm]]

[[ATTACHMENT|deployment-verification-fi-8cf7d-페이지-퍼널-관리-탭이-정상적으로-작동하는지-확인-chromium/error-context.md]]
]]>
</system-out>
</testcase>
<testcase name="배포 후 최종 검증 › 관리자 페이지 GA4 데이터가 정상적으로 로드되는지 확인" classname="deployment-verification-final.spec.ts" time="30.153">
<failure message="deployment-verification-final.spec.ts:71:7 관리자 페이지 GA4 데이터가 정상적으로 로드되는지 확인" type="FAILURE">
<![CDATA[  [chromium] › deployment-verification-final.spec.ts:71:7 › 배포 후 최종 검증 › 관리자 페이지 GA4 데이터가 정상적으로 로드되는지 확인 

    Test timeout of 30000ms exceeded.

    Error: page.click: Test timeout of 30000ms exceeded.
    Call log:
      - waiting for locator('text=퍼널 관리')


      77 |     
      78 |     // 퍼널 관리 탭 클릭
    > 79 |     await page.click('text=퍼널 관리');
         |                ^
      80 |     
      81 |     // 2025-08 탭 클릭
      82 |     await page.click('text=2025-08');
        at /Users/m2/MASLABS/win.masgolf.co.kr/tests/deployment-verification-final.spec.ts:79:16

    attachment #1: screenshot (image/png) ──────────────────────────────────────────────────────────
    ../test-results/deployment-verification-fi-c20f1-페이지-GA4-데이터가-정상적으로-로드되는지-확인-chromium/test-failed-1.png
    ────────────────────────────────────────────────────────────────────────────────────────────────

    attachment #2: video (video/webm) ──────────────────────────────────────────────────────────────
    ../test-results/deployment-verification-fi-c20f1-페이지-GA4-데이터가-정상적으로-로드되는지-확인-chromium/video.webm
    ────────────────────────────────────────────────────────────────────────────────────────────────

    Error Context: ../test-results/deployment-verification-fi-c20f1-페이지-GA4-데이터가-정상적으로-로드되는지-확인-chromium/error-context.md
]]>
</failure>
<system-out>
<![CDATA[
[[ATTACHMENT|deployment-verification-fi-c20f1-페이지-GA4-데이터가-정상적으로-로드되는지-확인-chromium/test-failed-1.png]]

[[ATTACHMENT|deployment-verification-fi-c20f1-페이지-GA4-데이터가-정상적으로-로드되는지-확인-chromium/video.webm]]

[[ATTACHMENT|deployment-verification-fi-c20f1-페이지-GA4-데이터가-정상적으로-로드되는지-확인-chromium/error-context.md]]
]]>
</system-out>
</testcase>
<testcase name="배포 후 최종 검증 › 로컬 서버도 정상적으로 작동하는지 확인" classname="deployment-verification-final.spec.ts" time="5.847">
<failure message="deployment-verification-final.spec.ts:91:7 로컬 서버도 정상적으로 작동하는지 확인" type="FAILURE">
<![CDATA[  [chromium] › deployment-verification-final.spec.ts:91:7 › 배포 후 최종 검증 › 로컬 서버도 정상적으로 작동하는지 확인 ─────

    Error: Timed out 5000ms waiting for expect(locator).toBeVisible()

    Locator: locator('text=시니어 골퍼를 위한 특별한 선택')
    Expected: visible
    Received: <element(s) not found>
    Call log:
      - Expect "toBeVisible" with timeout 5000ms
      - waiting for locator('text=시니어 골퍼를 위한 특별한 선택')


      94 |     // 새로운 홈페이지 확인
      95 |     await expect(page.locator('text=MASGOLF Summer Campaign')).toBeVisible();
    > 96 |     await expect(page.locator('text=시니어 골퍼를 위한 특별한 선택')).toBeVisible();
         |                                                          ^
      97 |   });
      98 |
      99 |   test('로컬 8월 퍼널도 정상적으로 작동하는지 확인', async ({ page }) => {
        at /Users/m2/MASLABS/win.masgolf.co.kr/tests/deployment-verification-final.spec.ts:96:58

    attachment #1: screenshot (image/png) ──────────────────────────────────────────────────────────
    ../test-results/deployment-verification-fi-66054-최종-검증-로컬-서버도-정상적으로-작동하는지-확인-chromium/test-failed-1.png
    ────────────────────────────────────────────────────────────────────────────────────────────────

    attachment #2: video (video/webm) ──────────────────────────────────────────────────────────────
    ../test-results/deployment-verification-fi-66054-최종-검증-로컬-서버도-정상적으로-작동하는지-확인-chromium/video.webm
    ────────────────────────────────────────────────────────────────────────────────────────────────

    Error Context: ../test-results/deployment-verification-fi-66054-최종-검증-로컬-서버도-정상적으로-작동하는지-확인-chromium/error-context.md
]]>
</failure>
<system-out>
<![CDATA[
[[ATTACHMENT|deployment-verification-fi-66054-최종-검증-로컬-서버도-정상적으로-작동하는지-확인-chromium/test-failed-1.png]]

[[ATTACHMENT|deployment-verification-fi-66054-최종-검증-로컬-서버도-정상적으로-작동하는지-확인-chromium/video.webm]]

[[ATTACHMENT|deployment-verification-fi-66054-최종-검증-로컬-서버도-정상적으로-작동하는지-확인-chromium/error-context.md]]
]]>
</system-out>
</testcase>
<testcase name="배포 후 최종 검증 › 로컬 8월 퍼널도 정상적으로 작동하는지 확인" classname="deployment-verification-final.spec.ts" time="1.583">
<failure message="deployment-verification-final.spec.ts:99:7 로컬 8월 퍼널도 정상적으로 작동하는지 확인" type="FAILURE">
<![CDATA[  [chromium] › deployment-verification-final.spec.ts:99:7 › 배포 후 최종 검증 › 로컬 8월 퍼널도 정상적으로 작동하는지 확인 ──

    Error: expect.toBeVisible: Error: strict mode violation: locator('iframe') resolved to 2 elements:
        1) <iframe title="MAS Golf 8월 퍼널 (B 버전 - 승자)" src="/versions/funnel-2025-08-live-b.html"></iframe> aka locator('iframe[title="MAS Golf 8월 퍼널 (B 버전 - 승자)"]')
        2) <iframe width="0" height="0"></iframe> aka locator('iframe').nth(1)

    Call log:
      - Expect "toBeVisible" with timeout 5000ms
      - waiting for locator('iframe').contentFrame().locator('body')


      105 |     // iframe 확인
      106 |     const iframe = page.frameLocator('iframe');
    > 107 |     await expect(iframe.locator('body')).toBeVisible();
          |                                          ^
      108 |   });
      109 |
      110 |   test('로컬 관리자 페이지도 정상적으로 작동하는지 확인', async ({ page }) => {
        at /Users/m2/MASLABS/win.masgolf.co.kr/tests/deployment-verification-final.spec.ts:107:42

    attachment #1: screenshot (image/png) ──────────────────────────────────────────────────────────
    ../test-results/deployment-verification-fi-8bf00-검증-로컬-8월-퍼널도-정상적으로-작동하는지-확인-chromium/test-failed-1.png
    ────────────────────────────────────────────────────────────────────────────────────────────────

    attachment #2: video (video/webm) ──────────────────────────────────────────────────────────────
    ../test-results/deployment-verification-fi-8bf00-검증-로컬-8월-퍼널도-정상적으로-작동하는지-확인-chromium/video.webm
    ────────────────────────────────────────────────────────────────────────────────────────────────

    Error Context: ../test-results/deployment-verification-fi-8bf00-검증-로컬-8월-퍼널도-정상적으로-작동하는지-확인-chromium/error-context.md
]]>
</failure>
<system-out>
<![CDATA[
[[ATTACHMENT|deployment-verification-fi-8bf00-검증-로컬-8월-퍼널도-정상적으로-작동하는지-확인-chromium/test-failed-1.png]]

[[ATTACHMENT|deployment-verification-fi-8bf00-검증-로컬-8월-퍼널도-정상적으로-작동하는지-확인-chromium/video.webm]]

[[ATTACHMENT|deployment-verification-fi-8bf00-검증-로컬-8월-퍼널도-정상적으로-작동하는지-확인-chromium/error-context.md]]
]]>
</system-out>
</testcase>
<testcase name="배포 후 최종 검증 › 로컬 관리자 페이지도 정상적으로 작동하는지 확인" classname="deployment-verification-final.spec.ts" time="6.934">
<failure message="deployment-verification-final.spec.ts:110:7 로컬 관리자 페이지도 정상적으로 작동하는지 확인" type="FAILURE">
<![CDATA[  [chromium] › deployment-verification-final.spec.ts:110:7 › 배포 후 최종 검증 › 로컬 관리자 페이지도 정상적으로 작동하는지 확인 

    Error: Timed out 5000ms waiting for expect(locator).toBeVisible()

    Locator: locator('text=로그아웃')
    Expected: visible
    Received: <element(s) not found>
    Call log:
      - Expect "toBeVisible" with timeout 5000ms
      - waiting for locator('text=로그아웃')


      123 |     
      124 |     // 로그인 성공 확인 (URL이 변경되었는지 또는 특정 요소가 표시되는지)
    > 125 |     await expect(page.locator('text=로그아웃')).toBeVisible();
          |                                             ^
      126 |   });
      127 |
      128 |   test('API 엔드포인트들이 정상적으로 작동하는지 확인', async ({ page }) => {
        at /Users/m2/MASLABS/win.masgolf.co.kr/tests/deployment-verification-final.spec.ts:125:45

    attachment #1: screenshot (image/png) ──────────────────────────────────────────────────────────
    ../test-results/deployment-verification-fi-27b8c--로컬-관리자-페이지도-정상적으로-작동하는지-확인-chromium/test-failed-1.png
    ────────────────────────────────────────────────────────────────────────────────────────────────

    attachment #2: video (video/webm) ──────────────────────────────────────────────────────────────
    ../test-results/deployment-verification-fi-27b8c--로컬-관리자-페이지도-정상적으로-작동하는지-확인-chromium/video.webm
    ────────────────────────────────────────────────────────────────────────────────────────────────

    Error Context: ../test-results/deployment-verification-fi-27b8c--로컬-관리자-페이지도-정상적으로-작동하는지-확인-chromium/error-context.md
]]>
</failure>
<system-out>
<![CDATA[
[[ATTACHMENT|deployment-verification-fi-27b8c--로컬-관리자-페이지도-정상적으로-작동하는지-확인-chromium/test-failed-1.png]]

[[ATTACHMENT|deployment-verification-fi-27b8c--로컬-관리자-페이지도-정상적으로-작동하는지-확인-chromium/video.webm]]

[[ATTACHMENT|deployment-verification-fi-27b8c--로컬-관리자-페이지도-정상적으로-작동하는지-확인-chromium/error-context.md]]
]]>
</system-out>
</testcase>
<testcase name="배포 후 최종 검증 › API 엔드포인트들이 정상적으로 작동하는지 확인" classname="deployment-verification-final.spec.ts" time="9.96">
</testcase>
</testsuite>
<testsuite name="deployment-verification.spec.ts" timestamp="2025-10-01T10:50:13.100Z" hostname="chromium" tests="7" failures="3" skipped="0" time="55.602" errors="0">
<testcase name="배포 검증 테스트 › 관리자 페이지 로그인 화면이 정상적으로 표시되는지 확인" classname="deployment-verification.spec.ts" time="4.75">
</testcase>
<testcase name="배포 검증 테스트 › 8월 퍼널 A 파일이 정상적으로 접근 가능한지 확인" classname="deployment-verification.spec.ts" time="10.548">
<failure message="deployment-verification.spec.ts:16:7 8월 퍼널 A 파일이 정상적으로 접근 가능한지 확인" type="FAILURE">
<![CDATA[  [chromium] › deployment-verification.spec.ts:16:7 › 배포 검증 테스트 › 8월 퍼널 A 파일이 정상적으로 접근 가능한지 확인 ─────

    Error: Timed out 5000ms waiting for expect(locator).toBeVisible()

    Locator: locator('title:has-text("MASGOLF")')
    Expected: visible
    Received: <element(s) not found>
    Call log:
      - Expect "toBeVisible" with timeout 5000ms
      - waiting for locator('title:has-text("MASGOLF")')


      18 |     
      19 |     // 페이지가 정상적으로 로드되는지 확인
    > 20 |     await expect(page.locator('title:has-text("MASGOLF")')).toBeVisible();
         |                                                             ^
      21 |     await expect(page.locator('meta[name="file-created"]')).toBeVisible();
      22 |   });
      23 |
        at /Users/m2/MASLABS/win.masgolf.co.kr/tests/deployment-verification.spec.ts:20:61

    attachment #1: screenshot (image/png) ──────────────────────────────────────────────────────────
    ../test-results/deployment-verification-배포-72845-월-퍼널-A-파일이-정상적으로-접근-가능한지-확인-chromium/test-failed-1.png
    ────────────────────────────────────────────────────────────────────────────────────────────────

    attachment #2: video (video/webm) ──────────────────────────────────────────────────────────────
    ../test-results/deployment-verification-배포-72845-월-퍼널-A-파일이-정상적으로-접근-가능한지-확인-chromium/video.webm
    ────────────────────────────────────────────────────────────────────────────────────────────────

    Error Context: ../test-results/deployment-verification-배포-72845-월-퍼널-A-파일이-정상적으로-접근-가능한지-확인-chromium/error-context.md
]]>
</failure>
<system-out>
<![CDATA[
[[ATTACHMENT|deployment-verification-배포-72845-월-퍼널-A-파일이-정상적으로-접근-가능한지-확인-chromium/test-failed-1.png]]

[[ATTACHMENT|deployment-verification-배포-72845-월-퍼널-A-파일이-정상적으로-접근-가능한지-확인-chromium/video.webm]]

[[ATTACHMENT|deployment-verification-배포-72845-월-퍼널-A-파일이-정상적으로-접근-가능한지-확인-chromium/error-context.md]]
]]>
</system-out>
</testcase>
<testcase name="배포 검증 테스트 › 8월 퍼널 B 파일이 정상적으로 접근 가능한지 확인" classname="deployment-verification.spec.ts" time="10.868">
<failure message="deployment-verification.spec.ts:24:7 8월 퍼널 B 파일이 정상적으로 접근 가능한지 확인" type="FAILURE">
<![CDATA[  [chromium] › deployment-verification.spec.ts:24:7 › 배포 검증 테스트 › 8월 퍼널 B 파일이 정상적으로 접근 가능한지 확인 ─────

    Error: Timed out 5000ms waiting for expect(locator).toBeVisible()

    Locator: locator('title:has-text("MASGOLF")')
    Expected: visible
    Received: <element(s) not found>
    Call log:
      - Expect "toBeVisible" with timeout 5000ms
      - waiting for locator('title:has-text("MASGOLF")')


      26 |     
      27 |     // 페이지가 정상적으로 로드되는지 확인
    > 28 |     await expect(page.locator('title:has-text("MASGOLF")')).toBeVisible();
         |                                                             ^
      29 |     await expect(page.locator('meta[name="file-created"]')).toBeVisible();
      30 |   });
      31 |
        at /Users/m2/MASLABS/win.masgolf.co.kr/tests/deployment-verification.spec.ts:28:61

    attachment #1: screenshot (image/png) ──────────────────────────────────────────────────────────
    ../test-results/deployment-verification-배포-851ca-월-퍼널-B-파일이-정상적으로-접근-가능한지-확인-chromium/test-failed-1.png
    ────────────────────────────────────────────────────────────────────────────────────────────────

    attachment #2: video (video/webm) ──────────────────────────────────────────────────────────────
    ../test-results/deployment-verification-배포-851ca-월-퍼널-B-파일이-정상적으로-접근-가능한지-확인-chromium/video.webm
    ────────────────────────────────────────────────────────────────────────────────────────────────

    Error Context: ../test-results/deployment-verification-배포-851ca-월-퍼널-B-파일이-정상적으로-접근-가능한지-확인-chromium/error-context.md
]]>
</failure>
<system-out>
<![CDATA[
[[ATTACHMENT|deployment-verification-배포-851ca-월-퍼널-B-파일이-정상적으로-접근-가능한지-확인-chromium/test-failed-1.png]]

[[ATTACHMENT|deployment-verification-배포-851ca-월-퍼널-B-파일이-정상적으로-접근-가능한지-확인-chromium/video.webm]]

[[ATTACHMENT|deployment-verification-배포-851ca-월-퍼널-B-파일이-정상적으로-접근-가능한지-확인-chromium/error-context.md]]
]]>
</system-out>
</testcase>
<testcase name="배포 검증 테스트 › API 엔드포인트들이 정상적으로 응답하는지 확인" classname="deployment-verification.spec.ts" time="12.061">
</testcase>
<testcase name="배포 검증 테스트 › 퍼널 관리 API가 8월 퍼널 파일들을 정확히 반환하는지 확인" classname="deployment-verification.spec.ts" time="11.666">
</testcase>
<testcase name="배포 검증 테스트 › GA4 사용자 행동 API가 올바른 데이터 구조를 반환하는지 확인" classname="deployment-verification.spec.ts" time="3.892">
</testcase>
<testcase name="배포 검증 테스트 › 성능 메트릭 API가 올바른 데이터 구조를 반환하는지 확인" classname="deployment-verification.spec.ts" time="1.817">
<failure message="deployment-verification.spec.ts:82:7 성능 메트릭 API가 올바른 데이터 구조를 반환하는지 확인" type="FAILURE">
<![CDATA[  [chromium] › deployment-verification.spec.ts:82:7 › 배포 검증 테스트 › 성능 메트릭 API가 올바른 데이터 구조를 반환하는지 확인 ─

    Error: expect(received).toHaveProperty(path)

    Expected path: "status"
    Received path: []

    Received value: {"abTestPerformance": {"versionA": {"fileSize": 201197, "firstContentfulPaint": 0.8, "largestContentfulPaint": 1.5, "pageLoadTime": 1.2, "performanceScore": 85}, "versionB": {"fileSize": 62754, "firstContentfulPaint": 0.7, "largestContentfulPaint": 1.3, "pageLoadTime": 1.1, "performanceScore": 92}}, "devicePerformance": [{"avgSessionDuration": 37.17035493429521, "bounceRate": 0.6719711436452366, "device": "mobile", "pageViews": 18181}, {"avgSessionDuration": 303.9597306392823, "bounceRate": 0.47875354107648727, "device": "desktop", "pageViews": 3035}, {"avgSessionDuration": 149.7389197272727, "bounceRate": 0.3409090909090909, "device": "tablet", "pageViews": 86}], "hourlyPerformance": [{"hour": "8", "pageViews": 2360, "sessions": 1785}, {"hour": "14", "pageViews": 1700, "sessions": 1239}, {"hour": "6", "pageViews": 1690, "sessions": 1340}, {"hour": "10", "pageViews": 1680, "sessions": 1233}, {"hour": "12", "pageViews": 1547, "sessions": 1176}, {"hour": "11", "pageViews": 1395, "sessions": 986}, {"hour": "9", "pageViews": 1337, "sessions": 1028}, {"hour": "15", "pageViews": 1250, "sessions": 918}, {"hour": "13", "pageViews": 1216, "sessions": 920}, {"hour": "16", "pageViews": 1161, "sessions": 885}, …], "overallMetrics": {"avgBounceRate": 0.4972112585436049, "avgSessionDurationMinutes": 2.727050029449168, "performanceScore": 72.23228844696472, "totalPageViews": 19081}, "pagePerformance": [{"avgSessionDuration": 29.689466180206363, "page": "/versions/funnel-2025-09-live.html", "pageViews": 15220}, {"avgSessionDuration": 47.64262142260733, "page": "/25-09/", "pageViews": 2810}, {"avgSessionDuration": 408.6868891347151, "page": "/admin/blog/", "pageViews": 457}, {"avgSessionDuration": 172.93199609333334, "page": "/", "pageViews": 370}, {"avgSessionDuration": 63.31712689552239, "page": "/versions/funnel-2025-08-live-b.html", "pageViews": 224}], "period": "30daysAgo to today", "timestamp": "2025-10-01T10:52:13.970Z"}

      90 |     expect(data).toHaveProperty('overallMetrics');
      91 |     expect(data).toHaveProperty('abTestPerformance');
    > 92 |     expect(data).toHaveProperty('status');
         |                  ^
      93 |     
      94 |     // A/B 테스트 성능 데이터가 있는지 확인
      95 |     expect(data.abTestPerformance).toHaveProperty('versionA');
        at /Users/m2/MASLABS/win.masgolf.co.kr/tests/deployment-verification.spec.ts:92:18

    attachment #1: screenshot (image/png) ──────────────────────────────────────────────────────────
    ../test-results/deployment-verification-배포-9e331-릭-API가-올바른-데이터-구조를-반환하는지-확인-chromium/test-failed-1.png
    ────────────────────────────────────────────────────────────────────────────────────────────────

    attachment #2: video (video/webm) ──────────────────────────────────────────────────────────────
    ../test-results/deployment-verification-배포-9e331-릭-API가-올바른-데이터-구조를-반환하는지-확인-chromium/video.webm
    ────────────────────────────────────────────────────────────────────────────────────────────────
]]>
</failure>
<system-out>
<![CDATA[
[[ATTACHMENT|deployment-verification-배포-9e331-릭-API가-올바른-데이터-구조를-반환하는지-확인-chromium/test-failed-1.png]]

[[ATTACHMENT|deployment-verification-배포-9e331-릭-API가-올바른-데이터-구조를-반환하는지-확인-chromium/video.webm]]
]]>
</system-out>
</testcase>
</testsuite>
<testsuite name="enhanced-data-test.spec.ts" timestamp="2025-10-01T10:50:13.100Z" hostname="chromium" tests="7" failures="3" skipped="0" time="113.458" errors="0">
<testcase name="고급 데이터 API 테스트 › GA4 월별 데이터 API 확인" classname="enhanced-data-test.spec.ts" time="1.501">
<system-out>
<![CDATA[GA4 월별 API 응답 상태: [33m200[39m
GA4 월별 데이터: {
  month: [32m'2025-10'[39m,
  users: [33m58[39m,
  pageViews: [33m129[39m,
  events: [33m444[39m,
  tagStatus: [32m'partial'[39m
}
]]>
</system-out>
</testcase>
<testcase name="고급 데이터 API 테스트 › GA4 사용자 행동 데이터 API 확인" classname="enhanced-data-test.spec.ts" time="4.716">
<system-out>
<![CDATA[GA4 사용자 행동 API 응답 상태: [33m200[39m
GA4 사용자 행동 데이터: {
  sessionMetrics: {
    totalSessions: [33m15347[39m,
    avgSessionDuration: [33m55.64823845904738[39m,
    bounceRate: [33m0.656480093829413[39m,
    pagesPerSession: [33m1.3880237179904868[39m
  },
  devicePerformance: [33m3[39m,
  hourlyPerformance: [33m24[39m,
  pagePerformance: [33m10[39m,
  eventAnalysis: [33m10[39m,
  calculatedMetrics: {
    avgSessionDurationMinutes: [33m0.9274706409841229[39m,
    engagementRate: [33m99.34351990617058[39m,
    conversionRate: [33m0[39m
  }
}
]]>
</system-out>
</testcase>
<testcase name="고급 데이터 API 테스트 › 성능 메트릭 API 확인" classname="enhanced-data-test.spec.ts" time="3.415">
<system-out>
<![CDATA[성능 메트릭 API 응답 상태: [33m200[39m
성능 메트릭 데이터: {
  pagePerformance: [33m5[39m,
  devicePerformance: [33m3[39m,
  hourlyPerformance: [33m24[39m,
  overallMetrics: {
    totalPageViews: [33m30685[39m,
    avgSessionDurationMinutes: [33m2.9730961646178398[39m,
    avgBounceRate: [33m0.45070998605562435[39m,
    performanceScore: [33m90[39m
  },
  abTestPerformance: {
    versionA: {
      pageLoadTime: [33m1.2[39m,
      firstContentfulPaint: [33m0.8[39m,
      largestContentfulPaint: [33m1.5[39m,
      fileSize: [33m201197[39m,
      performanceScore: [33m85[39m
    },
    versionB: {
      pageLoadTime: [33m1.1[39m,
      firstContentfulPaint: [33m0.7[39m,
      largestContentfulPaint: [33m1.3[39m,
      fileSize: [33m62754[39m,
      performanceScore: [33m92[39m
    }
  }
}
]]>
</system-out>
</testcase>
<testcase name="고급 데이터 API 테스트 › 실제 A/B 테스트 데이터 확인" classname="enhanced-data-test.spec.ts" time="30.484">
<failure message="enhanced-data-test.spec.ts:99:7 실제 A/B 테스트 데이터 확인" type="FAILURE">
<![CDATA[  [chromium] › enhanced-data-test.spec.ts:99:7 › 고급 데이터 API 테스트 › 실제 A/B 테스트 데이터 확인 ────────────────

    Test timeout of 30000ms exceeded.

    Error: page.click: Test timeout of 30000ms exceeded.
    Call log:
      - waiting for locator('text=퍼널 관리')


       99 |   test('실제 A/B 테스트 데이터 확인', async ({ page }) => {
      100 |     // 퍼널 관리 탭으로 이동
    > 101 |     await page.click('text=퍼널 관리');
          |                ^
      102 |     await page.waitForLoadState('networkidle');
      103 |     
      104 |     // 2025-08 버튼 클릭
        at /Users/m2/MASLABS/win.masgolf.co.kr/tests/enhanced-data-test.spec.ts:101:16

    attachment #1: screenshot (image/png) ──────────────────────────────────────────────────────────
    ../test-results/enhanced-data-test-고급-데이터-API-테스트-실제-A-B-테스트-데이터-확인-chromium/test-failed-1.png
    ────────────────────────────────────────────────────────────────────────────────────────────────

    attachment #2: video (video/webm) ──────────────────────────────────────────────────────────────
    ../test-results/enhanced-data-test-고급-데이터-API-테스트-실제-A-B-테스트-데이터-확인-chromium/video.webm
    ────────────────────────────────────────────────────────────────────────────────────────────────

    Error Context: ../test-results/enhanced-data-test-고급-데이터-API-테스트-실제-A-B-테스트-데이터-확인-chromium/error-context.md
]]>
</failure>
<system-out>
<![CDATA[
[[ATTACHMENT|enhanced-data-test-고급-데이터-API-테스트-실제-A-B-테스트-데이터-확인-chromium/test-failed-1.png]]

[[ATTACHMENT|enhanced-data-test-고급-데이터-API-테스트-실제-A-B-테스트-데이터-확인-chromium/video.webm]]

[[ATTACHMENT|enhanced-data-test-고급-데이터-API-테스트-실제-A-B-테스트-데이터-확인-chromium/error-context.md]]
]]>
</system-out>
</testcase>
<testcase name="고급 데이터 API 테스트 › 고급 사용자 행동 데이터 표시 확인" classname="enhanced-data-test.spec.ts" time="30.578">
<failure message="enhanced-data-test.spec.ts:123:7 고급 사용자 행동 데이터 표시 확인" type="FAILURE">
<![CDATA[  [chromium] › enhanced-data-test.spec.ts:123:7 › 고급 데이터 API 테스트 › 고급 사용자 행동 데이터 표시 확인 ─────────────

    Test timeout of 30000ms exceeded.

    Error: page.click: Test timeout of 30000ms exceeded.
    Call log:
      - waiting for locator('text=퍼널 관리')


      123 |   test('고급 사용자 행동 데이터 표시 확인', async ({ page }) => {
      124 |     // 퍼널 관리 탭으로 이동
    > 125 |     await page.click('text=퍼널 관리');
          |                ^
      126 |     await page.waitForLoadState('networkidle');
      127 |     
      128 |     // 2025-08 버튼 클릭
        at /Users/m2/MASLABS/win.masgolf.co.kr/tests/enhanced-data-test.spec.ts:125:16

    attachment #1: screenshot (image/png) ──────────────────────────────────────────────────────────
    ../test-results/enhanced-data-test-고급-데이터-API-테스트-고급-사용자-행동-데이터-표시-확인-chromium/test-failed-1.png
    ────────────────────────────────────────────────────────────────────────────────────────────────

    attachment #2: video (video/webm) ──────────────────────────────────────────────────────────────
    ../test-results/enhanced-data-test-고급-데이터-API-테스트-고급-사용자-행동-데이터-표시-확인-chromium/video.webm
    ────────────────────────────────────────────────────────────────────────────────────────────────

    Error Context: ../test-results/enhanced-data-test-고급-데이터-API-테스트-고급-사용자-행동-데이터-표시-확인-chromium/error-context.md
]]>
</failure>
<system-out>
<![CDATA[
[[ATTACHMENT|enhanced-data-test-고급-데이터-API-테스트-고급-사용자-행동-데이터-표시-확인-chromium/test-failed-1.png]]

[[ATTACHMENT|enhanced-data-test-고급-데이터-API-테스트-고급-사용자-행동-데이터-표시-확인-chromium/video.webm]]

[[ATTACHMENT|enhanced-data-test-고급-데이터-API-테스트-고급-사용자-행동-데이터-표시-확인-chromium/error-context.md]]
]]>
</system-out>
</testcase>
<testcase name="고급 데이터 API 테스트 › API 통합 테스트" classname="enhanced-data-test.spec.ts" time="30.613">
<failure message="enhanced-data-test.spec.ts:156:7 API 통합 테스트" type="FAILURE">
<![CDATA[  [chromium] › enhanced-data-test.spec.ts:156:7 › 고급 데이터 API 테스트 › API 통합 테스트 ──────────────────────

    Test timeout of 30000ms exceeded.

    Error: page.click: Test timeout of 30000ms exceeded.
    Call log:
      - waiting for locator('text=퍼널 관리')


      167 |
      168 |     // 퍼널 관리 탭으로 이동
    > 169 |     await page.click('text=퍼널 관리');
          |                ^
      170 |     await page.waitForLoadState('networkidle');
      171 |     
      172 |     // 2025-08 버튼 클릭
        at /Users/m2/MASLABS/win.masgolf.co.kr/tests/enhanced-data-test.spec.ts:169:16

    attachment #1: screenshot (image/png) ──────────────────────────────────────────────────────────
    ../test-results/enhanced-data-test-고급-데이터-API-테스트-API-통합-테스트-chromium/test-failed-1.png
    ────────────────────────────────────────────────────────────────────────────────────────────────

    attachment #2: video (video/webm) ──────────────────────────────────────────────────────────────
    ../test-results/enhanced-data-test-고급-데이터-API-테스트-API-통합-테스트-chromium/video.webm
    ────────────────────────────────────────────────────────────────────────────────────────────────

    Error Context: ../test-results/enhanced-data-test-고급-데이터-API-테스트-API-통합-테스트-chromium/error-context.md
]]>
</failure>
<system-out>
<![CDATA[
[[ATTACHMENT|enhanced-data-test-고급-데이터-API-테스트-API-통합-테스트-chromium/test-failed-1.png]]

[[ATTACHMENT|enhanced-data-test-고급-데이터-API-테스트-API-통합-테스트-chromium/video.webm]]

[[ATTACHMENT|enhanced-data-test-고급-데이터-API-테스트-API-통합-테스트-chromium/error-context.md]]
]]>
</system-out>
</testcase>
<testcase name="고급 데이터 API 테스트 › 데이터 품질 확인" classname="enhanced-data-test.spec.ts" time="12.151">
<system-out>
<![CDATA[GA4 실시간 API 상태: [33m200[39m
GA4 실시간 데이터 크기: [33m367[39m bytes
GA4 월별 API 상태: [33m200[39m
GA4 월별 데이터 크기: [33m198[39m bytes
GA4 사용자 행동 API 상태: [33m200[39m
GA4 사용자 행동 데이터 크기: [33m4961[39m bytes
성능 메트릭 API 상태: [33m200[39m
성능 메트릭 데이터 크기: [33m2473[39m bytes
퍼널 관리 API 상태: [33m200[39m
퍼널 관리 데이터 크기: [33m2770[39m bytes
]]>
</system-out>
</testcase>
</testsuite>
<testsuite name="funnel-management-2025-08.spec.ts" timestamp="2025-10-01T10:50:13.100Z" hostname="chromium" tests="11" failures="11" skipped="0" time="335.773" errors="0">
<testcase name="퍼널 관리 2025-08 탭 GA4 API 데이터 확인 › 퍼널 관리 탭 접근 확인" classname="funnel-management-2025-08.spec.ts" time="30.518">
<failure message="funnel-management-2025-08.spec.ts:17:7 퍼널 관리 탭 접근 확인" type="FAILURE">
<![CDATA[  [chromium] › funnel-management-2025-08.spec.ts:17:7 › 퍼널 관리 2025-08 탭 GA4 API 데이터 확인 › 퍼널 관리 탭 접근 확인 

    Test timeout of 30000ms exceeded.

    Error: page.click: Test timeout of 30000ms exceeded.
    Call log:
      - waiting for locator('text=퍼널 관리')


      17 |   test('퍼널 관리 탭 접근 확인', async ({ page }) => {
      18 |     // 퍼널 관리 탭 클릭
    > 19 |     await page.click('text=퍼널 관리');
         |                ^
      20 |     
      21 |     // 퍼널 관리 페이지 로드 확인 (실제 구조에 맞게 수정)
      22 |     await expect(page.locator('text=퍼널 관리')).toBeVisible();
        at /Users/m2/MASLABS/win.masgolf.co.kr/tests/funnel-management-2025-08.spec.ts:19:16

    attachment #1: screenshot (image/png) ──────────────────────────────────────────────────────────
    ../test-results/funnel-management-2025-08--858ae-A4-API-데이터-확인-퍼널-관리-탭-접근-확인-chromium/test-failed-1.png
    ────────────────────────────────────────────────────────────────────────────────────────────────

    attachment #2: video (video/webm) ──────────────────────────────────────────────────────────────
    ../test-results/funnel-management-2025-08--858ae-A4-API-데이터-확인-퍼널-관리-탭-접근-확인-chromium/video.webm
    ────────────────────────────────────────────────────────────────────────────────────────────────

    Error Context: ../test-results/funnel-management-2025-08--858ae-A4-API-데이터-확인-퍼널-관리-탭-접근-확인-chromium/error-context.md
]]>
</failure>
<system-out>
<![CDATA[
[[ATTACHMENT|funnel-management-2025-08--858ae-A4-API-데이터-확인-퍼널-관리-탭-접근-확인-chromium/test-failed-1.png]]

[[ATTACHMENT|funnel-management-2025-08--858ae-A4-API-데이터-확인-퍼널-관리-탭-접근-확인-chromium/video.webm]]

[[ATTACHMENT|funnel-management-2025-08--858ae-A4-API-데이터-확인-퍼널-관리-탭-접근-확인-chromium/error-context.md]]
]]>
</system-out>
</testcase>
<testcase name="퍼널 관리 2025-08 탭 GA4 API 데이터 확인 › 2025-08 퍼널 버전 목록 확인" classname="funnel-management-2025-08.spec.ts" time="30.495">
<failure message="funnel-management-2025-08.spec.ts:28:7 2025-08 퍼널 버전 목록 확인" type="FAILURE">
<![CDATA[  [chromium] › funnel-management-2025-08.spec.ts:28:7 › 퍼널 관리 2025-08 탭 GA4 API 데이터 확인 › 2025-08 퍼널 버전 목록 확인 

    Test timeout of 30000ms exceeded.

    Error: page.click: Test timeout of 30000ms exceeded.
    Call log:
      - waiting for locator('text=퍼널 관리')


      28 |   test('2025-08 퍼널 버전 목록 확인', async ({ page }) => {
      29 |     // 퍼널 관리 탭으로 이동
    > 30 |     await page.click('text=퍼널 관리');
         |                ^
      31 |     await page.waitForLoadState('networkidle');
      32 |     
      33 |     // 2025-08 관련 퍼널 버전들 확인
        at /Users/m2/MASLABS/win.masgolf.co.kr/tests/funnel-management-2025-08.spec.ts:30:16

    attachment #1: screenshot (image/png) ──────────────────────────────────────────────────────────
    ../test-results/funnel-management-2025-08--a3357--데이터-확인-2025-08-퍼널-버전-목록-확인-chromium/test-failed-1.png
    ────────────────────────────────────────────────────────────────────────────────────────────────

    attachment #2: video (video/webm) ──────────────────────────────────────────────────────────────
    ../test-results/funnel-management-2025-08--a3357--데이터-확인-2025-08-퍼널-버전-목록-확인-chromium/video.webm
    ────────────────────────────────────────────────────────────────────────────────────────────────

    Error Context: ../test-results/funnel-management-2025-08--a3357--데이터-확인-2025-08-퍼널-버전-목록-확인-chromium/error-context.md
]]>
</failure>
<system-out>
<![CDATA[
[[ATTACHMENT|funnel-management-2025-08--a3357--데이터-확인-2025-08-퍼널-버전-목록-확인-chromium/test-failed-1.png]]

[[ATTACHMENT|funnel-management-2025-08--a3357--데이터-확인-2025-08-퍼널-버전-목록-확인-chromium/video.webm]]

[[ATTACHMENT|funnel-management-2025-08--a3357--데이터-확인-2025-08-퍼널-버전-목록-확인-chromium/error-context.md]]
]]>
</system-out>
</testcase>
<testcase name="퍼널 관리 2025-08 탭 GA4 API 데이터 확인 › GA4 API 데이터 로딩 확인" classname="funnel-management-2025-08.spec.ts" time="30.529">
[...]
<![CDATA[Dev-01 퍼널에서 VIP 이미지 개수: 0
Dev-02 퍼널에서 VIP 이미지 개수: 0
]]>
</system-out>
</testcase>
</testsuite>
<testsuite name="vip-image-validation.spec.ts" timestamp="2025-10-01T10:50:13.100Z" hostname="chromium" tests="3" failures="2" skipped="0" time="6.852" errors="0">
<testcase name="VIP 이미지 검증 테스트 › VIP 이미지들이 정상적으로 로드되는지 확인" classname="vip-image-validation.spec.ts" time="0.535">
<failure message="vip-image-validation.spec.ts:4:7 VIP 이미지들이 정상적으로 로드되는지 확인" type="FAILURE">
<![CDATA[  [chromium] › vip-image-validation.spec.ts:4:7 › VIP 이미지 검증 테스트 › VIP 이미지들이 정상적으로 로드되는지 확인 ────────

    Error: expect(received).toBe(expected) // Object.is equality

    Expected: 200
    Received: 404

      19 |       
      20 |       const response = await page.goto(`http://localhost:3000${imagePath}`);
    > 21 |       expect(response?.status()).toBe(200);
         |                                  ^
      22 |       
      23 |       // 이미지가 실제로 로드되는지 확인
      24 |       const img = page.locator('img').first();
        at /Users/m2/MASLABS/win.masgolf.co.kr/tests/vip-image-validation.spec.ts:21:34

    attachment #1: screenshot (image/png) ──────────────────────────────────────────────────────────
    ../test-results/vip-image-validation-VIP-이미지-검증-테스트-VIP-이미지들이-정상적으로-로드되는지-확인-chromium/test-failed-1.png
    ────────────────────────────────────────────────────────────────────────────────────────────────

    attachment #2: video (video/webm) ──────────────────────────────────────────────────────────────
    ../test-results/vip-image-validation-VIP-이미지-검증-테스트-VIP-이미지들이-정상적으로-로드되는지-확인-chromium/video.webm
    ────────────────────────────────────────────────────────────────────────────────────────────────

    Error Context: ../test-results/vip-image-validation-VIP-이미지-검증-테스트-VIP-이미지들이-정상적으로-로드되는지-확인-chromium/error-context.md
]]>
</failure>
<system-out>
<![CDATA[🔍 검증 중: /campaigns/2025-09/vip-header-senior.jpg

[[ATTACHMENT|vip-image-validation-VIP-이미지-검증-테스트-VIP-이미지들이-정상적으로-로드되는지-확인-chromium/test-failed-1.png]]

[[ATTACHMENT|vip-image-validation-VIP-이미지-검증-테스트-VIP-이미지들이-정상적으로-로드되는지-확인-chromium/video.webm]]

[[ATTACHMENT|vip-image-validation-VIP-이미지-검증-테스트-VIP-이미지들이-정상적으로-로드되는지-확인-chromium/error-context.md]]
]]>
</system-out>
</testcase>
<testcase name="VIP 이미지 검증 테스트 › VIP 퍼널에서 이미지들이 정상적으로 표시되는지 확인" classname="vip-image-validation.spec.ts" time="0.721">
<system-out>
<![CDATA[Dev-01 퍼널에서 VIP 이미지 개수: 0
Dev-02 퍼널에서 VIP 이미지 개수: 0
]]>
</system-out>
</testcase>
<testcase name="VIP 이미지 검증 테스트 › 이미지 품질 검증" classname="vip-image-validation.spec.ts" time="5.596">
<failure message="vip-image-validation.spec.ts:77:7 이미지 품질 검증" type="FAILURE">
<![CDATA[  [chromium] › vip-image-validation.spec.ts:77:7 › VIP 이미지 검증 테스트 › 이미지 품질 검증 ──────────────────────

    Error: Timed out 5000ms waiting for expect(locator).toBeVisible()

    Locator: locator('img').first()
    Expected: visible
    Received: <element(s) not found>
    Call log:
      - Expect "toBeVisible" with timeout 5000ms
      - waiting for locator('img').first()


      140 |       // 이미지 요소 찾기
      141 |       const img = page.locator('img').first();
    > 142 |       await expect(img).toBeVisible();
          |                         ^
      143 |       
      144 |       // 실제 이미지 크기 확인
      145 |       const imgElement = await img.elementHandle();
        at /Users/m2/MASLABS/win.masgolf.co.kr/tests/vip-image-validation.spec.ts:142:25

    attachment #1: screenshot (image/png) ──────────────────────────────────────────────────────────
    ../test-results/vip-image-validation-VIP-이미지-검증-테스트-이미지-품질-검증-chromium/test-failed-1.png
    ────────────────────────────────────────────────────────────────────────────────────────────────

    attachment #2: video (video/webm) ──────────────────────────────────────────────────────────────
    ../test-results/vip-image-validation-VIP-이미지-검증-테스트-이미지-품질-검증-chromium/video.webm
    ────────────────────────────────────────────────────────────────────────────────────────────────

    Error Context: ../test-results/vip-image-validation-VIP-이미지-검증-테스트-이미지-품질-검증-chromium/error-context.md
]]>
</failure>
<system-out>
<![CDATA[🔍 품질 검증: VIP 헤더 (시니어)

[[ATTACHMENT|vip-image-validation-VIP-이미지-검증-테스트-이미지-품질-검증-chromium/test-failed-1.png]]

[[ATTACHMENT|vip-image-validation-VIP-이미지-검증-테스트-이미지-품질-검증-chromium/video.webm]]

[[ATTACHMENT|vip-image-validation-VIP-이미지-검증-테스트-이미지-품질-검증-chromium/error-context.md]]
]]>
</system-out>
</testcase>
</testsuite>
<testsuite name="world-class-dashboard.spec.ts" timestamp="2025-10-01T10:50:13.100Z" hostname="chromium" tests="8" failures="8" skipped="0" time="244.462" errors="0">
<testcase name="세계적인 A/B 테스트 대시보드 테스트 › 고급 사용자 행동 분석 섹션 확인" classname="world-class-dashboard.spec.ts" time="30.503">
<failure message="world-class-dashboard.spec.ts:17:7 고급 사용자 행동 분석 섹션 확인" type="FAILURE">
<![CDATA[  [chromium] › world-class-dashboard.spec.ts:17:7 › 세계적인 A/B 테스트 대시보드 테스트 › 고급 사용자 행동 분석 섹션 확인 ─────

    Test timeout of 30000ms exceeded.

    Error: page.click: Test timeout of 30000ms exceeded.
    Call log:
      - waiting for locator('text=퍼널 관리')


      17 |   test('고급 사용자 행동 분석 섹션 확인', async ({ page }) => {
      18 |     // 퍼널 관리 탭으로 이동
    > 19 |     await page.click('text=퍼널 관리');
         |                ^
      20 |     await page.waitForLoadState('networkidle');
      21 |     
      22 |     // 2025-08 버튼 클릭
        at /Users/m2/MASLABS/win.masgolf.co.kr/tests/world-class-dashboard.spec.ts:19:16

    attachment #1: screenshot (image/png) ──────────────────────────────────────────────────────────
    ../test-results/world-class-dashboard-세계적인-f3bec-대시보드-테스트-고급-사용자-행동-분석-섹션-확인-chromium/test-failed-1.png
    ────────────────────────────────────────────────────────────────────────────────────────────────

    attachment #2: video (video/webm) ──────────────────────────────────────────────────────────────
    ../test-results/world-class-dashboard-세계적인-f3bec-대시보드-테스트-고급-사용자-행동-분석-섹션-확인-chromium/video.webm
    ────────────────────────────────────────────────────────────────────────────────────────────────

    Error Context: ../test-results/world-class-dashboard-세계적인-f3bec-대시보드-테스트-고급-사용자-행동-분석-섹션-확인-chromium/error-context.md
]]>
</failure>
<system-out>
<![CDATA[
[[ATTACHMENT|world-class-dashboard-세계적인-f3bec-대시보드-테스트-고급-사용자-행동-분석-섹션-확인-chromium/test-failed-1.png]]

[[ATTACHMENT|world-class-dashboard-세계적인-f3bec-대시보드-테스트-고급-사용자-행동-분석-섹션-확인-chromium/video.webm]]

[[ATTACHMENT|world-class-dashboard-세계적인-f3bec-대시보드-테스트-고급-사용자-행동-분석-섹션-확인-chromium/error-context.md]]
]]>
</system-out>
</testcase>
<testcase name="세계적인 A/B 테스트 대시보드 테스트 › 고급 성능 분석 섹션 확인" classname="world-class-dashboard.spec.ts" time="30.51">
<failure message="world-class-dashboard.spec.ts:48:7 고급 성능 분석 섹션 확인" type="FAILURE">
<![CDATA[  [chromium] › world-class-dashboard.spec.ts:48:7 › 세계적인 A/B 테스트 대시보드 테스트 › 고급 성능 분석 섹션 확인 ─────────

    Test timeout of 30000ms exceeded.

    Error: page.click: Test timeout of 30000ms exceeded.
    Call log:
      - waiting for locator('text=퍼널 관리')


      48 |   test('고급 성능 분석 섹션 확인', async ({ page }) => {
      49 |     // 퍼널 관리 탭으로 이동
    > 50 |     await page.click('text=퍼널 관리');
         |                ^
      51 |     await page.waitForLoadState('networkidle');
      52 |     
      53 |     // 2025-08 버튼 클릭
        at /Users/m2/MASLABS/win.masgolf.co.kr/tests/world-class-dashboard.spec.ts:50:16

    attachment #1: screenshot (image/png) ──────────────────────────────────────────────────────────
    ../test-results/world-class-dashboard-세계적인-A-B-테스트-대시보드-테스트-고급-성능-분석-섹션-확인-chromium/test-failed-1.png
    ────────────────────────────────────────────────────────────────────────────────────────────────

    attachment #2: video (video/webm) ──────────────────────────────────────────────────────────────
    ../test-results/world-class-dashboard-세계적인-A-B-테스트-대시보드-테스트-고급-성능-분석-섹션-확인-chromium/video.webm
    ────────────────────────────────────────────────────────────────────────────────────────────────

    Error Context: ../test-results/world-class-dashboard-세계적인-A-B-테스트-대시보드-테스트-고급-성능-분석-섹션-확인-chromium/error-context.md
]]>
</failure>
<system-out>
<![CDATA[
[[ATTACHMENT|world-class-dashboard-세계적인-A-B-테스트-대시보드-테스트-고급-성능-분석-섹션-확인-chromium/test-failed-1.png]]

[[ATTACHMENT|world-class-dashboard-세계적인-A-B-테스트-대시보드-테스트-고급-성능-분석-섹션-확인-chromium/video.webm]]

[[ATTACHMENT|world-class-dashboard-세계적인-A-B-테스트-대시보드-테스트-고급-성능-분석-섹션-확인-chromium/error-context.md]]
]]>
</system-out>
</testcase>
<testcase name="세계적인 A/B 테스트 대시보드 테스트 › 월별 데이터 요약 섹션 확인" classname="world-class-dashboard.spec.ts" time="30.549">
<failure message="world-class-dashboard.spec.ts:78:7 월별 데이터 요약 섹션 확인" type="FAILURE">
<![CDATA[  [chromium] › world-class-dashboard.spec.ts:78:7 › 세계적인 A/B 테스트 대시보드 테스트 › 월별 데이터 요약 섹션 확인 ────────

    Test timeout of 30000ms exceeded.

    Error: page.click: Test timeout of 30000ms exceeded.
    Call log:
      - waiting for locator('text=퍼널 관리')


      78 |   test('월별 데이터 요약 섹션 확인', async ({ page }) => {
      79 |     // 퍼널 관리 탭으로 이동
    > 80 |     await page.click('text=퍼널 관리');
         |                ^
      81 |     await page.waitForLoadState('networkidle');
      82 |     
      83 |     // 2025-08 버튼 클릭
        at /Users/m2/MASLABS/win.masgolf.co.kr/tests/world-class-dashboard.spec.ts:80:16

    attachment #1: screenshot (image/png) ──────────────────────────────────────────────────────────
    ../test-results/world-class-dashboard-세계적인-A-B-테스트-대시보드-테스트-월별-데이터-요약-섹션-확인-chromium/test-failed-1.png
    ────────────────────────────────────────────────────────────────────────────────────────────────

    attachment #2: video (video/webm) ──────────────────────────────────────────────────────────────
    ../test-results/world-class-dashboard-세계적인-A-B-테스트-대시보드-테스트-월별-데이터-요약-섹션-확인-chromium/video.webm
    ────────────────────────────────────────────────────────────────────────────────────────────────

    Error Context: ../test-results/world-class-dashboard-세계적인-A-B-테스트-대시보드-테스트-월별-데이터-요약-섹션-확인-chromium/error-context.md
]]>
</failure>
<system-out>
<![CDATA[
[[ATTACHMENT|world-class-dashboard-세계적인-A-B-테스트-대시보드-테스트-월별-데이터-요약-섹션-확인-chromium/test-failed-1.png]]

[[ATTACHMENT|world-class-dashboard-세계적인-A-B-테스트-대시보드-테스트-월별-데이터-요약-섹션-확인-chromium/video.webm]]

[[ATTACHMENT|world-class-dashboard-세계적인-A-B-테스트-대시보드-테스트-월별-데이터-요약-섹션-확인-chromium/error-context.md]]
]]>
</system-out>
</testcase>
<testcase name="세계적인 A/B 테스트 대시보드 테스트 › 실제 데이터 값 확인" classname="world-class-dashboard.spec.ts" time="30.557">
<failure message="world-class-dashboard.spec.ts:102:7 실제 데이터 값 확인" type="FAILURE">
<![CDATA[  [chromium] › world-class-dashboard.spec.ts:102:7 › 세계적인 A/B 테스트 대시보드 테스트 › 실제 데이터 값 확인 ───────────

    Test timeout of 30000ms exceeded.

    Error: page.click: Test timeout of 30000ms exceeded.
    Call log:
      - waiting for locator('text=퍼널 관리')


      102 |   test('실제 데이터 값 확인', async ({ page }) => {
      103 |     // 퍼널 관리 탭으로 이동
    > 104 |     await page.click('text=퍼널 관리');
          |                ^
      105 |     await page.waitForLoadState('networkidle');
      106 |     
      107 |     // 2025-08 버튼 클릭
        at /Users/m2/MASLABS/win.masgolf.co.kr/tests/world-class-dashboard.spec.ts:104:16

    attachment #1: screenshot (image/png) ──────────────────────────────────────────────────────────
    ../test-results/world-class-dashboard-세계적인-A-B-테스트-대시보드-테스트-실제-데이터-값-확인-chromium/test-failed-1.png
    ────────────────────────────────────────────────────────────────────────────────────────────────

    attachment #2: video (video/webm) ──────────────────────────────────────────────────────────────
    ../test-results/world-class-dashboard-세계적인-A-B-테스트-대시보드-테스트-실제-데이터-값-확인-chromium/video.webm
    ────────────────────────────────────────────────────────────────────────────────────────────────

    Error Context: ../test-results/world-class-dashboard-세계적인-A-B-테스트-대시보드-테스트-실제-데이터-값-확인-chromium/error-context.md
]]>
</failure>
<system-out>
<![CDATA[
[[ATTACHMENT|world-class-dashboard-세계적인-A-B-테스트-대시보드-테스트-실제-데이터-값-확인-chromium/test-failed-1.png]]

[[ATTACHMENT|world-class-dashboard-세계적인-A-B-테스트-대시보드-테스트-실제-데이터-값-확인-chromium/video.webm]]

[[ATTACHMENT|world-class-dashboard-세계적인-A-B-테스트-대시보드-테스트-실제-데이터-값-확인-chromium/error-context.md]]
]]>
</system-out>
</testcase>
<testcase name="세계적인 A/B 테스트 대시보드 테스트 › API 호출 모니터링" classname="world-class-dashboard.spec.ts" time="30.564">
<failure message="world-class-dashboard.spec.ts:130:7 API 호출 모니터링" type="FAILURE">
<![CDATA[  [chromium] › world-class-dashboard.spec.ts:130:7 › 세계적인 A/B 테스트 대시보드 테스트 › API 호출 모니터링 ───────────

    Test timeout of 30000ms exceeded.

    Error: page.click: Test timeout of 30000ms exceeded.
    Call log:
      - waiting for locator('text=퍼널 관리')


      141 |
      142 |     // 퍼널 관리 탭으로 이동
    > 143 |     await page.click('text=퍼널 관리');
          |                ^
      144 |     await page.waitForLoadState('networkidle');
      145 |     
      146 |     // 2025-08 버튼 클릭
        at /Users/m2/MASLABS/win.masgolf.co.kr/tests/world-class-dashboard.spec.ts:143:16

    attachment #1: screenshot (image/png) ──────────────────────────────────────────────────────────
    ../test-results/world-class-dashboard-세계적인-A-B-테스트-대시보드-테스트-API-호출-모니터링-chromium/test-failed-1.png
    ────────────────────────────────────────────────────────────────────────────────────────────────

    attachment #2: video (video/webm) ──────────────────────────────────────────────────────────────
    ../test-results/world-class-dashboard-세계적인-A-B-테스트-대시보드-테스트-API-호출-모니터링-chromium/video.webm
    ────────────────────────────────────────────────────────────────────────────────────────────────

    Error Context: ../test-results/world-class-dashboard-세계적인-A-B-테스트-대시보드-테스트-API-호출-모니터링-chromium/error-context.md
]]>
</failure>
<system-out>
<![CDATA[
[[ATTACHMENT|world-class-dashboard-세계적인-A-B-테스트-대시보드-테스트-API-호출-모니터링-chromium/test-failed-1.png]]

[[ATTACHMENT|world-class-dashboard-세계적인-A-B-테스트-대시보드-테스트-API-호출-모니터링-chromium/video.webm]]

[[ATTACHMENT|world-class-dashboard-세계적인-A-B-테스트-대시보드-테스트-API-호출-모니터링-chromium/error-context.md]]
]]>
</system-out>
</testcase>
<testcase name="세계적인 A/B 테스트 대시보드 테스트 › 차트 및 그래프 렌더링 확인" classname="world-class-dashboard.spec.ts" time="30.499">
<failure message="world-class-dashboard.spec.ts:170:7 차트 및 그래프 렌더링 확인" type="FAILURE">
<![CDATA[  [chromium] › world-class-dashboard.spec.ts:170:7 › 세계적인 A/B 테스트 대시보드 테스트 › 차트 및 그래프 렌더링 확인 ───────

    Test timeout of 30000ms exceeded.

    Error: page.click: Test timeout of 30000ms exceeded.
    Call log:
      - waiting for locator('text=퍼널 관리')


      170 |   test('차트 및 그래프 렌더링 확인', async ({ page }) => {
      171 |     // 퍼널 관리 탭으로 이동
    > 172 |     await page.click('text=퍼널 관리');
          |                ^
      173 |     await page.waitForLoadState('networkidle');
      174 |     
      175 |     // 2025-08 버튼 클릭
        at /Users/m2/MASLABS/win.masgolf.co.kr/tests/world-class-dashboard.spec.ts:172:16

    attachment #1: screenshot (image/png) ──────────────────────────────────────────────────────────
    ../test-results/world-class-dashboard-세계적인-A-B-테스트-대시보드-테스트-차트-및-그래프-렌더링-확인-chromium/test-failed-1.png
    ────────────────────────────────────────────────────────────────────────────────────────────────

    attachment #2: video (video/webm) ──────────────────────────────────────────────────────────────
    ../test-results/world-class-dashboard-세계적인-A-B-테스트-대시보드-테스트-차트-및-그래프-렌더링-확인-chromium/video.webm
    ────────────────────────────────────────────────────────────────────────────────────────────────

    Error Context: ../test-results/world-class-dashboard-세계적인-A-B-테스트-대시보드-테스트-차트-및-그래프-렌더링-확인-chromium/error-context.md
]]>
</failure>
<system-out>
<![CDATA[
[[ATTACHMENT|world-class-dashboard-세계적인-A-B-테스트-대시보드-테스트-차트-및-그래프-렌더링-확인-chromium/test-failed-1.png]]

[[ATTACHMENT|world-class-dashboard-세계적인-A-B-테스트-대시보드-테스트-차트-및-그래프-렌더링-확인-chromium/video.webm]]

[[ATTACHMENT|world-class-dashboard-세계적인-A-B-테스트-대시보드-테스트-차트-및-그래프-렌더링-확인-chromium/error-context.md]]
]]>
</system-out>
</testcase>
<testcase name="세계적인 A/B 테스트 대시보드 테스트 › 반응형 레이아웃 확인" classname="world-class-dashboard.spec.ts" time="30.497">
<failure message="world-class-dashboard.spec.ts:189:7 반응형 레이아웃 확인" type="FAILURE">
<![CDATA[  [chromium] › world-class-dashboard.spec.ts:189:7 › 세계적인 A/B 테스트 대시보드 테스트 › 반응형 레이아웃 확인 ───────────

    Test timeout of 30000ms exceeded.

    Error: page.click: Test timeout of 30000ms exceeded.
    Call log:
      - waiting for locator('text=퍼널 관리')


      189 |   test('반응형 레이아웃 확인', async ({ page }) => {
      190 |     // 퍼널 관리 탭으로 이동
    > 191 |     await page.click('text=퍼널 관리');
          |                ^
      192 |     await page.waitForLoadState('networkidle');
      193 |     
      194 |     // 2025-08 버튼 클릭
        at /Users/m2/MASLABS/win.masgolf.co.kr/tests/world-class-dashboard.spec.ts:191:16

    attachment #1: screenshot (image/png) ──────────────────────────────────────────────────────────
    ../test-results/world-class-dashboard-세계적인-A-B-테스트-대시보드-테스트-반응형-레이아웃-확인-chromium/test-failed-1.png
    ────────────────────────────────────────────────────────────────────────────────────────────────

    attachment #2: video (video/webm) ──────────────────────────────────────────────────────────────
    ../test-results/world-class-dashboard-세계적인-A-B-테스트-대시보드-테스트-반응형-레이아웃-확인-chromium/video.webm
    ────────────────────────────────────────────────────────────────────────────────────────────────

    Error Context: ../test-results/world-class-dashboard-세계적인-A-B-테스트-대시보드-테스트-반응형-레이아웃-확인-chromium/error-context.md
]]>
</failure>
<system-out>
<![CDATA[
[[ATTACHMENT|world-class-dashboard-세계적인-A-B-테스트-대시보드-테스트-반응형-레이아웃-확인-chromium/test-failed-1.png]]

[[ATTACHMENT|world-class-dashboard-세계적인-A-B-테스트-대시보드-테스트-반응형-레이아웃-확인-chromium/video.webm]]

[[ATTACHMENT|world-class-dashboard-세계적인-A-B-테스트-대시보드-테스트-반응형-레이아웃-확인-chromium/error-context.md]]
]]>
</system-out>
</testcase>
<testcase name="세계적인 A/B 테스트 대시보드 테스트 › 데이터 업데이트 시간 확인" classname="world-class-dashboard.spec.ts" time="30.783">
<failure message="world-class-dashboard.spec.ts:216:7 데이터 업데이트 시간 확인" type="FAILURE">
<![CDATA[  [chromium] › world-class-dashboard.spec.ts:216:7 › 세계적인 A/B 테스트 대시보드 테스트 › 데이터 업데이트 시간 확인 ────────

    Test timeout of 30000ms exceeded.

    Error: page.click: Test timeout of 30000ms exceeded.
    Call log:
      - waiting for locator('text=퍼널 관리')


      216 |   test('데이터 업데이트 시간 확인', async ({ page }) => {
      217 |     // 퍼널 관리 탭으로 이동
    > 218 |     await page.click('text=퍼널 관리');
          |                ^
      219 |     await page.waitForLoadState('networkidle');
      220 |     
      221 |     // 2025-08 버튼 클릭
        at /Users/m2/MASLABS/win.masgolf.co.kr/tests/world-class-dashboard.spec.ts:218:16

    attachment #1: screenshot (image/png) ──────────────────────────────────────────────────────────
    ../test-results/world-class-dashboard-세계적인-A-B-테스트-대시보드-테스트-데이터-업데이트-시간-확인-chromium/test-failed-1.png
    ────────────────────────────────────────────────────────────────────────────────────────────────

    attachment #2: video (video/webm) ──────────────────────────────────────────────────────────────
    ../test-results/world-class-dashboard-세계적인-A-B-테스트-대시보드-테스트-데이터-업데이트-시간-확인-chromium/video.webm
    ────────────────────────────────────────────────────────────────────────────────────────────────

    Error Context: ../test-results/world-class-dashboard-세계적인-A-B-테스트-대시보드-테스트-데이터-업데이트-시간-확인-chromium/error-context.md
]]>
</failure>
<system-out>
<![CDATA[
[[ATTACHMENT|world-class-dashboard-세계적인-A-B-테스트-대시보드-테스트-데이터-업데이트-시간-확인-chromium/test-failed-1.png]]

[[ATTACHMENT|world-class-dashboard-세계적인-A-B-테스트-대시보드-테스트-데이터-업데이트-시간-확인-chromium/video.webm]]

[[ATTACHMENT|world-class-dashboard-세계적인-A-B-테스트-대시보드-테스트-데이터-업데이트-시간-확인-chromium/error-context.md]]
]]>
</system-out>
</testcase>
</testsuite>
</testsuites>