<testsuites id="" name="" tests="163" failures="96" skipped="0" errors="0" time="280.665343">
<testsuite name="admin-complete.spec.ts" timestamp="2025-08-19T09:15:42.464Z" hostname="chromium" tests="7" failures="5" skipped="0" time="66.359" errors="0">
<testcase name="완전한 관리자 페이지 테스트 › 로그인 페이지 표시 확인" classname="admin-complete.spec.ts" time="7.622">
<failure message="admin-complete.spec.ts:9:7 로그인 페이지 표시 확인" type="FAILURE">
<![CDATA[  [chromium] › admin-complete.spec.ts:9:7 › 완전한 관리자 페이지 테스트 › 로그인 페이지 표시 확인 ────────────────────────

    Error: Timed out 5000ms waiting for expect(locator).toBeVisible()

    Locator: locator('text=마케팅 관리 시스템')
    Expected: visible
    Received: <element(s) not found>
    Call log:
      - Expect "toBeVisible" with timeout 5000ms
      - waiting for locator('text=마케팅 관리 시스템')


      15 |     
      16 |     // UI 요소 확인
    > 17 |     await expect(page.locator('text=마케팅 관리 시스템')).toBeVisible();
         |                                                   ^
      18 |   });
      19 |
      20 |   test('로그인 성공 및 대시보드 확인', async ({ page }) => {
        at /Users/m2/MASLABS/win.masgolf.co.kr/tests/admin-complete.spec.ts:17:51

    attachment #1: screenshot (image/png) ──────────────────────────────────────────────────────────
    ../test-results/admin-complete-완전한-관리자-페이지-테스트-로그인-페이지-표시-확인-chromium/test-failed-1.png
    ────────────────────────────────────────────────────────────────────────────────────────────────

    attachment #2: video (video/webm) ──────────────────────────────────────────────────────────────
    ../test-results/admin-complete-완전한-관리자-페이지-테스트-로그인-페이지-표시-확인-chromium/video.webm
    ────────────────────────────────────────────────────────────────────────────────────────────────

    Error Context: ../test-results/admin-complete-완전한-관리자-페이지-테스트-로그인-페이지-표시-확인-chromium/error-context.md
]]>
</failure>
<system-out>
<![CDATA[
[[ATTACHMENT|admin-complete-완전한-관리자-페이지-테스트-로그인-페이지-표시-확인-chromium/test-failed-1.png]]

[[ATTACHMENT|admin-complete-완전한-관리자-페이지-테스트-로그인-페이지-표시-확인-chromium/video.webm]]

[[ATTACHMENT|admin-complete-완전한-관리자-페이지-테스트-로그인-페이지-표시-확인-chromium/error-context.md]]
]]>
</system-out>
</testcase>
<testcase name="완전한 관리자 페이지 테스트 › 로그인 성공 및 대시보드 확인" classname="admin-complete.spec.ts" time="7.456">
<failure message="admin-complete.spec.ts:20:7 로그인 성공 및 대시보드 확인" type="FAILURE">
<![CDATA[  [chromium] › admin-complete.spec.ts:20:7 › 완전한 관리자 페이지 테스트 › 로그인 성공 및 대시보드 확인 ────────────────────

    Error: Timed out 5000ms waiting for expect(locator).toBeVisible()

    Locator: locator('h2:has-text("대시보드")')
    Expected: visible
    Received: <element(s) not found>
    Call log:
      - Expect "toBeVisible" with timeout 5000ms
      - waiting for locator('h2:has-text("대시보드")')


      27 |     
      28 |     // 대시보드로 이동 확인 (실제 구조에 맞게 수정)
    > 29 |     await expect(page.locator('h2:has-text("대시보드")')).toBeVisible();
         |                                                       ^
      30 |     
      31 |     // 사이드바 메뉴 확인
      32 |     await expect(page.locator('text=대시보드')).toBeVisible();
        at /Users/m2/MASLABS/win.masgolf.co.kr/tests/admin-complete.spec.ts:29:55

    attachment #1: screenshot (image/png) ──────────────────────────────────────────────────────────
    ../test-results/admin-complete-완전한-관리자-페이지-테스트-로그인-성공-및-대시보드-확인-chromium/test-failed-1.png
    ────────────────────────────────────────────────────────────────────────────────────────────────

    attachment #2: video (video/webm) ──────────────────────────────────────────────────────────────
    ../test-results/admin-complete-완전한-관리자-페이지-테스트-로그인-성공-및-대시보드-확인-chromium/video.webm
    ────────────────────────────────────────────────────────────────────────────────────────────────

    Error Context: ../test-results/admin-complete-완전한-관리자-페이지-테스트-로그인-성공-및-대시보드-확인-chromium/error-context.md
]]>
</failure>
<system-out>
<![CDATA[
[[ATTACHMENT|admin-complete-완전한-관리자-페이지-테스트-로그인-성공-및-대시보드-확인-chromium/test-failed-1.png]]

[[ATTACHMENT|admin-complete-완전한-관리자-페이지-테스트-로그인-성공-및-대시보드-확인-chromium/video.webm]]

[[ATTACHMENT|admin-complete-완전한-관리자-페이지-테스트-로그인-성공-및-대시보드-확인-chromium/error-context.md]]
]]>
</system-out>
</testcase>
<testcase name="완전한 관리자 페이지 테스트 › 사이드바 네비게이션 테스트" classname="admin-complete.spec.ts" time="8.447">
<failure message="admin-complete.spec.ts:45:7 사이드바 네비게이션 테스트" type="FAILURE">
<![CDATA[  [chromium] › admin-complete.spec.ts:45:7 › 완전한 관리자 페이지 테스트 › 사이드바 네비게이션 테스트 ──────────────────────

    Error: Timed out 5000ms waiting for expect(locator).toBeVisible()

    Locator: locator('h2:has-text("예약상담관리")')
    Expected: visible
    Received: <element(s) not found>
    Call log:
      - Expect "toBeVisible" with timeout 5000ms
      - waiting for locator('h2:has-text("예약상담관리")')


      60 |     for (const menu of menus) {
      61 |       await page.click(`text=${menu.name}`);
    > 62 |       await expect(page.locator(`h2:has-text("${menu.expected}")`)).toBeVisible();
         |                                                                     ^
      63 |     }
      64 |   });
      65 |
        at /Users/m2/MASLABS/win.masgolf.co.kr/tests/admin-complete.spec.ts:62:69

    attachment #1: screenshot (image/png) ──────────────────────────────────────────────────────────
    ../test-results/admin-complete-완전한-관리자-페이지-테스트-사이드바-네비게이션-테스트-chromium/test-failed-1.png
    ────────────────────────────────────────────────────────────────────────────────────────────────

    attachment #2: video (video/webm) ──────────────────────────────────────────────────────────────
    ../test-results/admin-complete-완전한-관리자-페이지-테스트-사이드바-네비게이션-테스트-chromium/video.webm
    ────────────────────────────────────────────────────────────────────────────────────────────────

    Error Context: ../test-results/admin-complete-완전한-관리자-페이지-테스트-사이드바-네비게이션-테스트-chromium/error-context.md
]]>
</failure>
<system-out>
<![CDATA[
[[ATTACHMENT|admin-complete-완전한-관리자-페이지-테스트-사이드바-네비게이션-테스트-chromium/test-failed-1.png]]

[[ATTACHMENT|admin-complete-완전한-관리자-페이지-테스트-사이드바-네비게이션-테스트-chromium/video.webm]]

[[ATTACHMENT|admin-complete-완전한-관리자-페이지-테스트-사이드바-네비게이션-테스트-chromium/error-context.md]]
]]>
</system-out>
</testcase>
<testcase name="완전한 관리자 페이지 테스트 › 사이드바 토글 기능" classname="admin-complete.spec.ts" time="30.64">
<failure message="admin-complete.spec.ts:66:7 사이드바 토글 기능" type="FAILURE">
<![CDATA[  [chromium] › admin-complete.spec.ts:66:7 › 완전한 관리자 페이지 테스트 › 사이드바 토글 기능 ──────────────────────────

    Test timeout of 30000ms exceeded.

    Error: page.click: Test timeout of 30000ms exceeded.
    Call log:
      - waiting for locator('button:has-text("Menu")')


      71 |     
      72 |     // 모바일에서 사이드바 토글 버튼 클릭 (실제 구조에 맞게 수정)
    > 73 |     await page.click('button:has-text("Menu")');
         |                ^
      74 |     
      75 |     // 사이드바가 표시되는지 확인
      76 |     await expect(page.locator('nav')).toBeVisible();
        at /Users/m2/MASLABS/win.masgolf.co.kr/tests/admin-complete.spec.ts:73:16

    attachment #1: screenshot (image/png) ──────────────────────────────────────────────────────────
    ../test-results/admin-complete-완전한-관리자-페이지-테스트-사이드바-토글-기능-chromium/test-failed-1.png
    ────────────────────────────────────────────────────────────────────────────────────────────────

    attachment #2: video (video/webm) ──────────────────────────────────────────────────────────────
    ../test-results/admin-complete-완전한-관리자-페이지-테스트-사이드바-토글-기능-chromium/video.webm
    ────────────────────────────────────────────────────────────────────────────────────────────────

    Error Context: ../test-results/admin-complete-완전한-관리자-페이지-테스트-사이드바-토글-기능-chromium/error-context.md
]]>
</failure>
<system-out>
<![CDATA[
[[ATTACHMENT|admin-complete-완전한-관리자-페이지-테스트-사이드바-토글-기능-chromium/test-failed-1.png]]

[[ATTACHMENT|admin-complete-완전한-관리자-페이지-테스트-사이드바-토글-기능-chromium/video.webm]]

[[ATTACHMENT|admin-complete-완전한-관리자-페이지-테스트-사이드바-토글-기능-chromium/error-context.md]]
]]>
</system-out>
</testcase>
<testcase name="완전한 관리자 페이지 테스트 › 로그아웃 기능" classname="admin-complete.spec.ts" time="2.984">
</testcase>
<testcase name="완전한 관리자 페이지 테스트 › 반응형 디자인 테스트" classname="admin-complete.spec.ts" time="7.817">
<failure message="admin-complete.spec.ts:92:7 반응형 디자인 테스트" type="FAILURE">
<![CDATA[  [chromium] › admin-complete.spec.ts:92:7 › 완전한 관리자 페이지 테스트 › 반응형 디자인 테스트 ─────────────────────────

    Error: Timed out 5000ms waiting for expect(locator).toBeVisible()

    Locator: locator('button:has-text("Menu")')
    Expected: visible
    Received: <element(s) not found>
    Call log:
      - Expect "toBeVisible" with timeout 5000ms
      - waiting for locator('button:has-text("Menu")')


      100 |     
      101 |     // 모바일에서 메뉴 버튼이 표시되는지 확인
    > 102 |     await expect(page.locator('button:has-text("Menu")')).toBeVisible();
          |                                                           ^
      103 |   });
      104 |
      105 |   test('접근성 테스트', async ({ page }) => {
        at /Users/m2/MASLABS/win.masgolf.co.kr/tests/admin-complete.spec.ts:102:59

    attachment #1: screenshot (image/png) ──────────────────────────────────────────────────────────
    ../test-results/admin-complete-완전한-관리자-페이지-테스트-반응형-디자인-테스트-chromium/test-failed-1.png
    ────────────────────────────────────────────────────────────────────────────────────────────────

    attachment #2: video (video/webm) ──────────────────────────────────────────────────────────────
    ../test-results/admin-complete-완전한-관리자-페이지-테스트-반응형-디자인-테스트-chromium/video.webm
    ────────────────────────────────────────────────────────────────────────────────────────────────

    Error Context: ../test-results/admin-complete-완전한-관리자-페이지-테스트-반응형-디자인-테스트-chromium/error-context.md
]]>
</failure>
<system-out>
<![CDATA[
[[ATTACHMENT|admin-complete-완전한-관리자-페이지-테스트-반응형-디자인-테스트-chromium/test-failed-1.png]]

[[ATTACHMENT|admin-complete-완전한-관리자-페이지-테스트-반응형-디자인-테스트-chromium/video.webm]]

[[ATTACHMENT|admin-complete-완전한-관리자-페이지-테스트-반응형-디자인-테스트-chromium/error-context.md]]
]]>
</system-out>
</testcase>
<testcase name="완전한 관리자 페이지 테스트 › 접근성 테스트" classname="admin-complete.spec.ts" time="1.393">
</testcase>
</testsuite>
<testsuite name="admin-new.spec.ts" timestamp="2025-08-19T09:15:42.464Z" hostname="chromium" tests="9" failures="9" skipped="0" time="252.041" errors="0">
<testcase name="새로운 관리자 페이지 테스트 › 로그인 페이지 표시 확인" classname="admin-new.spec.ts" time="5.678">
<failure message="admin-new.spec.ts:9:7 로그인 페이지 표시 확인" type="FAILURE">
<![CDATA[  [chromium] › admin-new.spec.ts:9:7 › 새로운 관리자 페이지 테스트 › 로그인 페이지 표시 확인 ─────────────────────────────

    Error: Timed out 5000ms waiting for expect(locator).toBeVisible()

    Locator: locator('h1:has-text("MASGOLF Admin")')
    Expected: visible
    Received: <element(s) not found>
    Call log:
      - Expect "toBeVisible" with timeout 5000ms
      - waiting for locator('h1:has-text("MASGOLF Admin")')


       9 |   test('로그인 페이지 표시 확인', async ({ page }) => {
      10 |     // 로그인 폼이 표시되는지 확인
    > 11 |     await expect(page.locator('h1:has-text("MASGOLF Admin")')).toBeVisible();
         |                                                                ^
      12 |     await expect(page.locator('input[name="username"]')).toBeVisible();
      13 |     await expect(page.locator('input[name="password"]')).toBeVisible();
      14 |     await expect(page.locator('button:has-text("로그인")')).toBeVisible();
        at /Users/m2/MASLABS/win.masgolf.co.kr/tests/admin-new.spec.ts:11:64

    attachment #1: screenshot (image/png) ──────────────────────────────────────────────────────────
    ../test-results/admin-new-새로운-관리자-페이지-테스트-로그인-페이지-표시-확인-chromium/test-failed-1.png
    ────────────────────────────────────────────────────────────────────────────────────────────────

    attachment #2: video (video/webm) ──────────────────────────────────────────────────────────────
    ../test-results/admin-new-새로운-관리자-페이지-테스트-로그인-페이지-표시-확인-chromium/video.webm
    ────────────────────────────────────────────────────────────────────────────────────────────────

    Error Context: ../test-results/admin-new-새로운-관리자-페이지-테스트-로그인-페이지-표시-확인-chromium/error-context.md
]]>
</failure>
<system-out>
<![CDATA[
[[ATTACHMENT|admin-new-새로운-관리자-페이지-테스트-로그인-페이지-표시-확인-chromium/test-failed-1.png]]

[[ATTACHMENT|admin-new-새로운-관리자-페이지-테스트-로그인-페이지-표시-확인-chromium/video.webm]]

[[ATTACHMENT|admin-new-새로운-관리자-페이지-테스트-로그인-페이지-표시-확인-chromium/error-context.md]]
]]>
</system-out>
</testcase>
<testcase name="새로운 관리자 페이지 테스트 › 로그인 성공" classname="admin-new.spec.ts" time="30.693">
<failure message="admin-new.spec.ts:17:7 로그인 성공" type="FAILURE">
<![CDATA[  [chromium] › admin-new.spec.ts:17:7 › 새로운 관리자 페이지 테스트 › 로그인 성공 ───────────────────────────────────

    Test timeout of 30000ms exceeded.

    Error: page.fill: Test timeout of 30000ms exceeded.
    Call log:
      - waiting for locator('input[name="username"]')


      17 |   test('로그인 성공', async ({ page }) => {
      18 |     // 로그인 정보 입력
    > 19 |     await page.fill('input[name="username"]', 'admin');
         |                ^
      20 |     await page.fill('input[name="password"]', 'password');
      21 |     
      22 |     // 로그인 버튼 클릭
        at /Users/m2/MASLABS/win.masgolf.co.kr/tests/admin-new.spec.ts:19:16

    attachment #1: screenshot (image/png) ──────────────────────────────────────────────────────────
    ../test-results/admin-new-새로운-관리자-페이지-테스트-로그인-성공-chromium/test-failed-1.png
    ────────────────────────────────────────────────────────────────────────────────────────────────

    attachment #2: video (video/webm) ──────────────────────────────────────────────────────────────
    ../test-results/admin-new-새로운-관리자-페이지-테스트-로그인-성공-chromium/video.webm
    ────────────────────────────────────────────────────────────────────────────────────────────────

    Error Context: ../test-results/admin-new-새로운-관리자-페이지-테스트-로그인-성공-chromium/error-context.md
]]>
</failure>
<system-out>
<![CDATA[
[[ATTACHMENT|admin-new-새로운-관리자-페이지-테스트-로그인-성공-chromium/test-failed-1.png]]

[[ATTACHMENT|admin-new-새로운-관리자-페이지-테스트-로그인-성공-chromium/video.webm]]

[[ATTACHMENT|admin-new-새로운-관리자-페이지-테스트-로그인-성공-chromium/error-context.md]]
]]>
</system-out>
</testcase>
<testcase name="새로운 관리자 페이지 테스트 › 사이드바 네비게이션" classname="admin-new.spec.ts" time="30.705">
<failure message="admin-new.spec.ts:30:7 사이드바 네비게이션" type="FAILURE">
<![CDATA[  [chromium] › admin-new.spec.ts:30:7 › 새로운 관리자 페이지 테스트 › 사이드바 네비게이션 ───────────────────────────────

    Test timeout of 30000ms exceeded.

    Error: page.fill: Test timeout of 30000ms exceeded.
    Call log:
      - waiting for locator('input[name="username"]')


      30 |   test('사이드바 네비게이션', async ({ page }) => {
      31 |     // 먼저 로그인
    > 32 |     await page.fill('input[name="username"]', 'admin');
         |                ^
      33 |     await page.fill('input[name="password"]', 'password');
      34 |     await page.click('button:has-text("로그인")');
      35 |     
        at /Users/m2/MASLABS/win.masgolf.co.kr/tests/admin-new.spec.ts:32:16

    attachment #1: screenshot (image/png) ──────────────────────────────────────────────────────────
    ../test-results/admin-new-새로운-관리자-페이지-테스트-사이드바-네비게이션-chromium/test-failed-1.png
    ────────────────────────────────────────────────────────────────────────────────────────────────

    attachment #2: video (video/webm) ──────────────────────────────────────────────────────────────
    ../test-results/admin-new-새로운-관리자-페이지-테스트-사이드바-네비게이션-chromium/video.webm
    ────────────────────────────────────────────────────────────────────────────────────────────────

    Error Context: ../test-results/admin-new-새로운-관리자-페이지-테스트-사이드바-네비게이션-chromium/error-context.md
]]>
</failure>
<system-out>
<![CDATA[
[[ATTACHMENT|admin-new-새로운-관리자-페이지-테스트-사이드바-네비게이션-chromium/test-failed-1.png]]

[[ATTACHMENT|admin-new-새로운-관리자-페이지-테스트-사이드바-네비게이션-chromium/video.webm]]

[[ATTACHMENT|admin-new-새로운-관리자-페이지-테스트-사이드바-네비게이션-chromium/error-context.md]]
]]>
</system-out>
</testcase>
<testcase name="새로운 관리자 페이지 테스트 › 테마 전환" classname="admin-new.spec.ts" time="30.709">
<failure message="admin-new.spec.ts:53:7 테마 전환" type="FAILURE">
<![CDATA[  [chromium] › admin-new.spec.ts:53:7 › 새로운 관리자 페이지 테스트 › 테마 전환 ────────────────────────────────────

    Test timeout of 30000ms exceeded.

    Error: page.fill: Test timeout of 30000ms exceeded.
    Call log:
      - waiting for locator('input[name="username"]')


      53 |   test('테마 전환', async ({ page }) => {
      54 |     // 먼저 로그인
    > 55 |     await page.fill('input[name="username"]', 'admin');
         |                ^
      56 |     await page.fill('input[name="password"]', 'password');
      57 |     await page.click('button:has-text("로그인")');
      58 |     
        at /Users/m2/MASLABS/win.masgolf.co.kr/tests/admin-new.spec.ts:55:16

    attachment #1: screenshot (image/png) ──────────────────────────────────────────────────────────
    ../test-results/admin-new-새로운-관리자-페이지-테스트-테마-전환-chromium/test-failed-1.png
    ────────────────────────────────────────────────────────────────────────────────────────────────

    attachment #2: video (video/webm) ──────────────────────────────────────────────────────────────
    ../test-results/admin-new-새로운-관리자-페이지-테스트-테마-전환-chromium/video.webm
    ────────────────────────────────────────────────────────────────────────────────────────────────

    Error Context: ../test-results/admin-new-새로운-관리자-페이지-테스트-테마-전환-chromium/error-context.md
]]>
</failure>
<system-out>
<![CDATA[
[[ATTACHMENT|admin-new-새로운-관리자-페이지-테스트-테마-전환-chromium/test-failed-1.png]]

[[ATTACHMENT|admin-new-새로운-관리자-페이지-테스트-테마-전환-chromium/video.webm]]

[[ATTACHMENT|admin-new-새로운-관리자-페이지-테스트-테마-전환-chromium/error-context.md]]
]]>
</system-out>
</testcase>
<testcase name="새로운 관리자 페이지 테스트 › 사이드바 토글" classname="admin-new.spec.ts" time="30.982">
<failure message="admin-new.spec.ts:70:7 사이드바 토글" type="FAILURE">
<![CDATA[  [chromium] › admin-new.spec.ts:70:7 › 새로운 관리자 페이지 테스트 › 사이드바 토글 ──────────────────────────────────

    Test timeout of 30000ms exceeded.

    Error: page.fill: Test timeout of 30000ms exceeded.
    Call log:
      - waiting for locator('input[name="username"]')


      70 |   test('사이드바 토글', async ({ page }) => {
      71 |     // 먼저 로그인
    > 72 |     await page.fill('input[name="username"]', 'admin');
         |                ^
      73 |     await page.fill('input[name="password"]', 'password');
      74 |     await page.click('button:has-text("로그인")');
      75 |     
        at /Users/m2/MASLABS/win.masgolf.co.kr/tests/admin-new.spec.ts:72:16

    attachment #1: screenshot (image/png) ──────────────────────────────────────────────────────────
    ../test-results/admin-new-새로운-관리자-페이지-테스트-사이드바-토글-chromium/test-failed-1.png
    ────────────────────────────────────────────────────────────────────────────────────────────────

    attachment #2: video (video/webm) ──────────────────────────────────────────────────────────────
    ../test-results/admin-new-새로운-관리자-페이지-테스트-사이드바-토글-chromium/video.webm
    ────────────────────────────────────────────────────────────────────────────────────────────────

    Error Context: ../test-results/admin-new-새로운-관리자-페이지-테스트-사이드바-토글-chromium/error-context.md
]]>
</failure>
<system-out>
<![CDATA[
[[ATTACHMENT|admin-new-새로운-관리자-페이지-테스트-사이드바-토글-chromium/test-failed-1.png]]

[[ATTACHMENT|admin-new-새로운-관리자-페이지-테스트-사이드바-토글-chromium/video.webm]]

[[ATTACHMENT|admin-new-새로운-관리자-페이지-테스트-사이드바-토글-chromium/error-context.md]]
]]>
</system-out>
</testcase>
<testcase name="새로운 관리자 페이지 테스트 › 대시보드 기능" classname="admin-new.spec.ts" time="30.885">
<failure message="admin-new.spec.ts:85:7 대시보드 기능" type="FAILURE">
<![CDATA[  [chromium] › admin-new.spec.ts:85:7 › 새로운 관리자 페이지 테스트 › 대시보드 기능 ──────────────────────────────────

    Test timeout of 30000ms exceeded.

    Error: page.fill: Test timeout of 30000ms exceeded.
    Call log:
      - waiting for locator('input[name="username"]')


      85 |   test('대시보드 기능', async ({ page }) => {
      86 |     // 먼저 로그인
    > 87 |     await page.fill('input[name="username"]', 'admin');
         |                ^
      88 |     await page.fill('input[name="password"]', 'password');
      89 |     await page.click('button:has-text("로그인")');
      90 |     
        at /Users/m2/MASLABS/win.masgolf.co.kr/tests/admin-new.spec.ts:87:16

    attachment #1: screenshot (image/png) ──────────────────────────────────────────────────────────
    ../test-results/admin-new-새로운-관리자-페이지-테스트-대시보드-기능-chromium/test-failed-1.png
    ────────────────────────────────────────────────────────────────────────────────────────────────

    attachment #2: video (video/webm) ──────────────────────────────────────────────────────────────
    ../test-results/admin-new-새로운-관리자-페이지-테스트-대시보드-기능-chromium/video.webm
    ────────────────────────────────────────────────────────────────────────────────────────────────

    Error Context: ../test-results/admin-new-새로운-관리자-페이지-테스트-대시보드-기능-chromium/error-context.md
]]>
</failure>
<system-out>
<![CDATA[
[[ATTACHMENT|admin-new-새로운-관리자-페이지-테스트-대시보드-기능-chromium/test-failed-1.png]]

[[ATTACHMENT|admin-new-새로운-관리자-페이지-테스트-대시보드-기능-chromium/video.webm]]

[[ATTACHMENT|admin-new-새로운-관리자-페이지-테스트-대시보드-기능-chromium/error-context.md]]
]]>
</system-out>
</testcase>
<testcase name="새로운 관리자 페이지 테스트 › 로그아웃" classname="admin-new.spec.ts" time="30.694">
<failure message="admin-new.spec.ts:99:7 로그아웃" type="FAILURE">
<![CDATA[  [chromium] › admin-new.spec.ts:99:7 › 새로운 관리자 페이지 테스트 › 로그아웃 ─────────────────────────────────────

    Test timeout of 30000ms exceeded.

    Error: page.fill: Test timeout of 30000ms exceeded.
    Call log:
      - waiting for locator('input[name="username"]')


       99 |   test('로그아웃', async ({ page }) => {
      100 |     // 먼저 로그인
    > 101 |     await page.fill('input[name="username"]', 'admin');
          |                ^
      102 |     await page.fill('input[name="password"]', 'password');
      103 |     await page.click('button:has-text("로그인")');
      104 |     
        at /Users/m2/MASLABS/win.masgolf.co.kr/tests/admin-new.spec.ts:101:16

    attachment #1: screenshot (image/png) ──────────────────────────────────────────────────────────
    ../test-results/admin-new-새로운-관리자-페이지-테스트-로그아웃-chromium/test-failed-1.png
    ────────────────────────────────────────────────────────────────────────────────────────────────

    attachment #2: video (video/webm) ──────────────────────────────────────────────────────────────
    ../test-results/admin-new-새로운-관리자-페이지-테스트-로그아웃-chromium/video.webm
    ────────────────────────────────────────────────────────────────────────────────────────────────

    Error Context: ../test-results/admin-new-새로운-관리자-페이지-테스트-로그아웃-chromium/error-context.md
]]>
</failure>
<system-out>
<![CDATA[
[[ATTACHMENT|admin-new-새로운-관리자-페이지-테스트-로그아웃-chromium/test-failed-1.png]]

[[ATTACHMENT|admin-new-새로운-관리자-페이지-테스트-로그아웃-chromium/video.webm]]

[[ATTACHMENT|admin-new-새로운-관리자-페이지-테스트-로그아웃-chromium/error-context.md]]
]]>
</system-out>
</testcase>
<testcase name="새로운 관리자 페이지 테스트 › 반응형 디자인" classname="admin-new.spec.ts" time="30.864">
<failure message="admin-new.spec.ts:112:7 반응형 디자인" type="FAILURE">
<![CDATA[  [chromium] › admin-new.spec.ts:112:7 › 새로운 관리자 페이지 테스트 › 반응형 디자인 ─────────────────────────────────

    Test timeout of 30000ms exceeded.

    Error: page.fill: Test timeout of 30000ms exceeded.
    Call log:
      - waiting for locator('input[name="username"]')


      112 |   test('반응형 디자인', async ({ page }) => {
      113 |     // 먼저 로그인
    > 114 |     await page.fill('input[name="username"]', 'admin');
          |                ^
      115 |     await page.fill('input[name="password"]', 'password');
      116 |     await page.click('button:has-text("로그인")');
      117 |     
        at /Users/m2/MASLABS/win.masgolf.co.kr/tests/admin-new.spec.ts:114:16

    attachment #1: screenshot (image/png) ──────────────────────────────────────────────────────────
    ../test-results/admin-new-새로운-관리자-페이지-테스트-반응형-디자인-chromium/test-failed-1.png
    ────────────────────────────────────────────────────────────────────────────────────────────────

    attachment #2: video (video/webm) ──────────────────────────────────────────────────────────────
    ../test-results/admin-new-새로운-관리자-페이지-테스트-반응형-디자인-chromium/video.webm
    ────────────────────────────────────────────────────────────────────────────────────────────────

    Error Context: ../test-results/admin-new-새로운-관리자-페이지-테스트-반응형-디자인-chromium/error-context.md
]]>
</failure>
<system-out>
<![CDATA[
[[ATTACHMENT|admin-new-새로운-관리자-페이지-테스트-반응형-디자인-chromium/test-failed-1.png]]

[[ATTACHMENT|admin-new-새로운-관리자-페이지-테스트-반응형-디자인-chromium/video.webm]]

[[ATTACHMENT|admin-new-새로운-관리자-페이지-테스트-반응형-디자인-chromium/error-context.md]]
]]>
</system-out>
</testcase>
<testcase name="새로운 관리자 페이지 테스트 › 접근성 테스트" classname="admin-new.spec.ts" time="30.831">
<failure message="admin-new.spec.ts:129:7 접근성 테스트" type="FAILURE">
<![CDATA[  [chromium] › admin-new.spec.ts:129:7 › 새로운 관리자 페이지 테스트 › 접근성 테스트 ─────────────────────────────────

    Test timeout of 30000ms exceeded.

    Error: page.fill: Test timeout of 30000ms exceeded.
    Call log:
      - waiting for locator('input[name="username"]')


      129 |   test('접근성 테스트', async ({ page }) => {
      130 |     // 먼저 로그인
    > 131 |     await page.fill('input[name="username"]', 'admin');
          |                ^
      132 |     await page.fill('input[name="password"]', 'password');
      133 |     await page.click('button:has-text("로그인")');
      134 |     
        at /Users/m2/MASLABS/win.masgolf.co.kr/tests/admin-new.spec.ts:131:16

    attachment #1: screenshot (image/png) ──────────────────────────────────────────────────────────
    ../test-results/admin-new-새로운-관리자-페이지-테스트-접근성-테스트-chromium/test-failed-1.png
    ────────────────────────────────────────────────────────────────────────────────────────────────

    attachment #2: video (video/webm) ──────────────────────────────────────────────────────────────
    ../test-results/admin-new-새로운-관리자-페이지-테스트-접근성-테스트-chromium/video.webm
    ────────────────────────────────────────────────────────────────────────────────────────────────

    Error Context: ../test-results/admin-new-새로운-관리자-페이지-테스트-접근성-테스트-chromium/error-context.md
]]>
</failure>
<system-out>
<![CDATA[
[[ATTACHMENT|admin-new-새로운-관리자-페이지-테스트-접근성-테스트-chromium/test-failed-1.png]]

[[ATTACHMENT|admin-new-새로운-관리자-페이지-테스트-접근성-테스트-chromium/video.webm]]

[[ATTACHMENT|admin-new-새로운-관리자-페이지-테스트-접근성-테스트-chromium/error-context.md]]
]]>
</system-out>
</testcase>
</testsuite>
<testsuite name="admin-simple-test.spec.ts" timestamp="2025-08-19T09:15:42.464Z" hostname="chromium" tests="3" failures="1" skipped="0" time="7.832" errors="0">
<testcase name="간단한 관리자 페이지 테스트 › 로그인 페이지 표시 확인" classname="admin-simple-test.spec.ts" time="0.835">
</testcase>
<testcase name="간단한 관리자 페이지 테스트 › 로그인 성공 확인" classname="admin-simple-test.spec.ts" time="5.99">
<failure message="admin-simple-test.spec.ts:17:7 로그인 성공 확인" type="FAILURE">
<![CDATA[  [chromium] › admin-simple-test.spec.ts:17:7 › 간단한 관리자 페이지 테스트 › 로그인 성공 확인 ────────────────────────

    Error: Timed out 5000ms waiting for expect(locator).toBeVisible()

    Locator: locator('h2:has-text("대시보드")')
    Expected: visible
    Received: <element(s) not found>
    Call log:
      - Expect "toBeVisible" with timeout 5000ms
      - waiting for locator('h2:has-text("대시보드")')


      24 |     
      25 |     // 로그인 성공 후 대시보드 제목 확인
    > 26 |     await expect(page.locator('h2:has-text("대시보드")')).toBeVisible();
         |                                                       ^
      27 |     
      28 |     // 대시보드 카드 확인
      29 |     await expect(page.locator('text=총 방문자')).toBeVisible();
        at /Users/m2/MASLABS/win.masgolf.co.kr/tests/admin-simple-test.spec.ts:26:55

    attachment #1: screenshot (image/png) ──────────────────────────────────────────────────────────
    ../test-results/admin-simple-test-간단한-관리자-페이지-테스트-로그인-성공-확인-chromium/test-failed-1.png
    ────────────────────────────────────────────────────────────────────────────────────────────────

    attachment #2: video (video/webm) ──────────────────────────────────────────────────────────────
    ../test-results/admin-simple-test-간단한-관리자-페이지-테스트-로그인-성공-확인-chromium/video.webm
    ────────────────────────────────────────────────────────────────────────────────────────────────

    Error Context: ../test-results/admin-simple-test-간단한-관리자-페이지-테스트-로그인-성공-확인-chromium/error-context.md
]]>
</failure>
<system-out>
<![CDATA[
[[ATTACHMENT|admin-simple-test-간단한-관리자-페이지-테스트-로그인-성공-확인-chromium/test-failed-1.png]]

[[ATTACHMENT|admin-simple-test-간단한-관리자-페이지-테스트-로그인-성공-확인-chromium/video.webm]]

[[ATTACHMENT|admin-simple-test-간단한-관리자-페이지-테스트-로그인-성공-확인-chromium/error-context.md]]
]]>
</system-out>
</testcase>
<testcase name="간단한 관리자 페이지 테스트 › 로그아웃 기능 확인" classname="admin-simple-test.spec.ts" time="1.007">
</testcase>
</testsuite>
<testsuite name="current-data-check.spec.ts" timestamp="2025-08-19T09:15:42.464Z" hostname="chromium" tests="7" failures="2" skipped="0" time="80.408" errors="0">
<testcase name="현재 가져올 수 있는 모든 데이터 확인 › GA4 실시간 데이터 확인" classname="current-data-check.spec.ts" time="9.015">
<system-out>
<![CDATA[GA4 API 호출: [ { url: [32m'http://localhost:3000/api/ga4-realtime'[39m, method: [32m'GET'[39m } ]
]]>
</system-out>
</testcase>
<testcase name="현재 가져올 수 있는 모든 데이터 확인 › 퍼널 파일 데이터 확인" classname="current-data-check.spec.ts" time="8.983">
<failure message="current-data-check.spec.ts:46:7 퍼널 파일 데이터 확인" type="FAILURE">
<![CDATA[  [chromium] › current-data-check.spec.ts:46:7 › 현재 가져올 수 있는 모든 데이터 확인 › 퍼널 파일 데이터 확인 ──────────────

    Error: expect.toBeVisible: Error: strict mode violation: locator('text=funnel-2025-08-live-a.html') resolved to 2 elements:
        1) <h4 class="text-xl font-bold text-blue-900">funnel-2025-08-live-a.html</h4> aka getByRole('heading', { name: 'funnel-2025-08-live-a.html', exact: true })
        2) <h4 class="text-lg font-bold text-blue-900">funnel-2025-08-live-a.html 스크롤 깊이</h4> aka getByRole('heading', { name: 'funnel-2025-08-live-a.html 스크롤 깊이' })

    Call log:
      - Expect "toBeVisible" with timeout 5000ms
      - waiting for locator('text=funnel-2025-08-live-a.html')


      54 |     
      55 |     // 퍼널 파일 정보 확인
    > 56 |     await expect(page.locator('text=funnel-2025-08-live-a.html')).toBeVisible();
         |                                                                   ^
      57 |     await expect(page.locator('text=funnel-2025-08-live-b.html')).toBeVisible();
      58 |     
      59 |     // 파일 크기 확인 (실제 데이터: 201KB vs 62KB)
        at /Users/m2/MASLABS/win.masgolf.co.kr/tests/current-data-check.spec.ts:56:67

    attachment #1: screenshot (image/png) ──────────────────────────────────────────────────────────
    ../test-results/current-data-check-현재-가져올-수-있는-모든-데이터-확인-퍼널-파일-데이터-확인-chromium/test-failed-1.png
    ────────────────────────────────────────────────────────────────────────────────────────────────

    attachment #2: video (video/webm) ──────────────────────────────────────────────────────────────
    ../test-results/current-data-check-현재-가져올-수-있는-모든-데이터-확인-퍼널-파일-데이터-확인-chromium/video.webm
    ────────────────────────────────────────────────────────────────────────────────────────────────

    Error Context: ../test-results/current-data-check-현재-가져올-수-있는-모든-데이터-확인-퍼널-파일-데이터-확인-chromium/error-context.md
]]>
</failure>
<system-out>
<![CDATA[
[[ATTACHMENT|current-data-check-현재-가져올-수-있는-모든-데이터-확인-퍼널-파일-데이터-확인-chromium/test-failed-1.png]]

[[ATTACHMENT|current-data-check-현재-가져올-수-있는-모든-데이터-확인-퍼널-파일-데이터-확인-chromium/video.webm]]

[[ATTACHMENT|current-data-check-현재-가져올-수-있는-모든-데이터-확인-퍼널-파일-데이터-확인-chromium/error-context.md]]
]]>
</system-out>
</testcase>
<testcase name="현재 가져올 수 있는 모든 데이터 확인 › 현재 사용 중인 모든 API 엔드포인트 확인" classname="current-data-check.spec.ts" time="9.226">
<system-out>
<![CDATA[사용 중인 API 엔드포인트: [
  { url: [32m'http://localhost:3000/api/funnel-management'[39m, method: [32m'GET'[39m },
  { url: [32m'http://localhost:3000/api/ga4-realtime'[39m, method: [32m'GET'[39m },
  {
    url: [32m'http://localhost:3000/api/ga4-user-behavior-filtered'[39m,
    method: [32m'GET'[39m
  },
  {
    url: [32m'http://localhost:3000/api/performance-metrics-filtered'[39m,
    method: [32m'GET'[39m
  },
  { url: [32m'http://localhost:3000/api/ga4-monthly'[39m, method: [32m'GET'[39m },
  {
    url: [32m'http://localhost:3000/api/page-tracking-dates'[39m,
    method: [32m'GET'[39m
  },
  {
    url: [32m'http://localhost:3000/api/funnel-daily-views'[39m,
    method: [32m'GET'[39m
  },
  {
    url: [32m'http://localhost:3000/api/ga4-funnel-user-behavior?path=funnel-2025-08-live-a&month=2025-08'[39m,
    method: [32m'GET'[39m
  },
  {
    url: [32m'http://localhost:3000/api/ga4-funnel-user-behavior?path=funnel-2025-08-live-b&month=2025-08'[39m,
    method: [32m'GET'[39m
  },
  {
    url: [32m'http://localhost:3000/api/ga4-funnel-user-behavior?path=funnel-2025-07-live&month=2025-07'[39m,
    method: [32m'GET'[39m
  },
  {
    url: [32m'http://localhost:3000/api/ga4-top-pages-2025-07'[39m,
    method: [32m'GET'[39m
  }
]
]]>
</system-out>
</testcase>
<testcase name="현재 가져올 수 있는 모든 데이터 확인 › 추가 GA4 데이터 확인" classname="current-data-check.spec.ts" time="3.188">
<system-out>
<![CDATA[/api/ga4-daily 응답 상태: [33m200[39m
/api/ga4-daily 데이터 샘플: [{"date":"2025-08-01","users":43,"pageViews":58,"events":206},{"date":"2025-08-02","users":55,"pageViews":78,"events":272},{"date":"2025-08-03","users":70,"pageViews":116,"events":378},{"date":"2025-0...
/api/ga4-hourly 응답 상태: [33m200[39m
/api/ga4-hourly 데이터 샘플: [{"hour":"00","users":3,"pageViews":3,"events":11},{"hour":"01","users":0,"pageViews":0,"events":0},{"hour":"02","users":1,"pageViews":1,"events":3},{"hour":"03","users":4,"pageViews":4,"events":18},{...
/api/ga4-monthly 응답 상태: [33m200[39m
/api/ga4-monthly 데이터 샘플: {"month":"2025-08","year":2025,"users":8626,"pageViews":12684,"events":45801,"tagStatus":"partial","workingDays":19,"totalDays":31,"dailyData":[{"date":"20250811","users":841,"pageViews":1190,"events"...
/api/ga4-campaign-metrics 응답 상태: [33m500[39m
]]>
</system-out>
</testcase>
<testcase name="현재 가져올 수 있는 모든 데이터 확인 › 현재 누락된 데이터 확인" classname="current-data-check.spec.ts" time="30.294">
<failure message="current-data-check.spec.ts:114:7 현재 누락된 데이터 확인" type="FAILURE">
<![CDATA[  [chromium] › current-data-check.spec.ts:114:7 › 현재 가져올 수 있는 모든 데이터 확인 › 현재 누락된 데이터 확인 ────────────

    Test timeout of 30000ms exceeded.

    Error: locator.textContent: Test timeout of 30000ms exceeded.
    Call log:
      - waiting for locator('text=/[0-9]+.[0-9]+ KB/').first()


      125 |       pageViews: await page.locator('text=/[0-9]+/').first().textContent(),
      126 |       conversionRate: await page.locator('text=/[0-9]+\.[0-9]+%/').first().textContent(),
    > 127 |       fileSize: await page.locator('text=/[0-9]+\.[0-9]+ KB/').first().textContent()
          |                                                                        ^
      128 |     };
      129 |     
      130 |     console.log('현재 표시되는 데이터:', currentData);
        at /Users/m2/MASLABS/win.masgolf.co.kr/tests/current-data-check.spec.ts:127:72

    attachment #1: screenshot (image/png) ──────────────────────────────────────────────────────────
    ../test-results/current-data-check-현재-가져올-수-있는-모든-데이터-확인-현재-누락된-데이터-확인-chromium/test-failed-1.png
    ────────────────────────────────────────────────────────────────────────────────────────────────

    attachment #2: video (video/webm) ──────────────────────────────────────────────────────────────
    ../test-results/current-data-check-현재-가져올-수-있는-모든-데이터-확인-현재-누락된-데이터-확인-chromium/video.webm
    ────────────────────────────────────────────────────────────────────────────────────────────────

    Error Context: ../test-results/current-data-check-현재-가져올-수-있는-모든-데이터-확인-현재-누락된-데이터-확인-chromium/error-context.md
]]>
</failure>
<system-out>
<![CDATA[
[[ATTACHMENT|current-data-check-현재-가져올-수-있는-모든-데이터-확인-현재-누락된-데이터-확인-chromium/test-failed-1.png]]

[[ATTACHMENT|current-data-check-현재-가져올-수-있는-모든-데이터-확인-현재-누락된-데이터-확인-chromium/video.webm]]

[[ATTACHMENT|current-data-check-현재-가져올-수-있는-모든-데이터-확인-현재-누락된-데이터-확인-chromium/error-context.md]]
]]>
</system-out>
</testcase>
<testcase name="현재 가져올 수 있는 모든 데이터 확인 › 성능 데이터 확인" classname="current-data-check.spec.ts" time="9.508">
<system-out>
<![CDATA[성능 데이터: { pageLoadTime: [32m'1.2s'[39m, firstPaint: [32m'0.8s'[39m, largestPaint: [32m'1.5s'[39m }
]]>
</system-out>
</testcase>
<testcase name="현재 가져올 수 있는 모든 데이터 확인 › 사용자 행동 데이터 확인" classname="current-data-check.spec.ts" time="10.194">
<system-out>
<![CDATA[사용자 행동 데이터: { scrollDepth: [32m'67.5%'[39m, sessionDuration: [32m'1분 6초'[39m, bounceRate: [32m'74.1%'[39m }
]]>
</system-out>
</testcase>
</testsuite>
<testsuite name="deployment-verification-final.spec.ts" timestamp="2025-08-19T09:15:42.464Z" hostname="chromium" tests="9" failures="5" skipped="0" time="92.402" errors="0">
<testcase name="배포 후 최종 검증 › 새로운 홈페이지가 정상적으로 로드되는지 확인" classname="deployment-verification-final.spec.ts" time="1.173">
</testcase>
<testcase name="배포 후 최종 검증 › 8월 퍼널이 정상적으로 작동하는지 확인" classname="deployment-verification-final.spec.ts" time="7.525">
<failure message="deployment-verification-final.spec.ts:24:7 8월 퍼널이 정상적으로 작동하는지 확인" type="FAILURE">
<![CDATA[  [chromium] › deployment-verification-final.spec.ts:24:7 › 배포 후 최종 검증 › 8월 퍼널이 정상적으로 작동하는지 확인 ─────

    Error: Timed out 5000ms waiting for expect(locator).toContainText(expected)

    Locator: locator('title')
    Expected string: "MAS Golf 8월 퍼널"
    Received string: ""
    Call log:
      - Expect "toContainText" with timeout 5000ms
      - waiting for locator('title')
        9 × locator resolved to <title>MAS Golf 8월 퍼널</title>
          - unexpected value ""


      29 |     
      30 |     // 퍼널 페이지 제목 확인
    > 31 |     await expect(page.locator('title')).toContainText('MAS Golf 8월 퍼널');
         |                                         ^
      32 |     
      33 |     // iframe이 로드되는지 확인
      34 |     const iframe = page.frameLocator('iframe');
        at /Users/m2/MASLABS/win.masgolf.co.kr/tests/deployment-verification-final.spec.ts:31:41

    attachment #1: screenshot (image/png) ──────────────────────────────────────────────────────────
    ../test-results/deployment-verification-fi-97fbb-최종-검증-8월-퍼널이-정상적으로-작동하는지-확인-chromium/test-failed-1.png
    ────────────────────────────────────────────────────────────────────────────────────────────────

    attachment #2: video (video/webm) ──────────────────────────────────────────────────────────────
    ../test-results/deployment-verification-fi-97fbb-최종-검증-8월-퍼널이-정상적으로-작동하는지-확인-chromium/video.webm
    ────────────────────────────────────────────────────────────────────────────────────────────────

    Error Context: ../test-results/deployment-verification-fi-97fbb-최종-검증-8월-퍼널이-정상적으로-작동하는지-확인-chromium/error-context.md
]]>
</failure>
<system-out>
<![CDATA[
[[ATTACHMENT|deployment-verification-fi-97fbb-최종-검증-8월-퍼널이-정상적으로-작동하는지-확인-chromium/test-failed-1.png]]

[[ATTACHMENT|deployment-verification-fi-97fbb-최종-검증-8월-퍼널이-정상적으로-작동하는지-확인-chromium/video.webm]]

[[ATTACHMENT|deployment-verification-fi-97fbb-최종-검증-8월-퍼널이-정상적으로-작동하는지-확인-chromium/error-context.md]]
]]>
</system-out>
</testcase>
<testcase name="배포 후 최종 검증 › 관리자 페이지 로그인이 정상적으로 작동하는지 확인" classname="deployment-verification-final.spec.ts" time="6.603">
<failure message="deployment-verification-final.spec.ts:38:7 관리자 페이지 로그인이 정상적으로 작동하는지 확인" type="FAILURE">
<![CDATA[  [chromium] › deployment-verification-final.spec.ts:38:7 › 배포 후 최종 검증 › 관리자 페이지 로그인이 정상적으로 작동하는지 확인 

    Error: Timed out 5000ms waiting for expect(locator).toBeVisible()

    Locator: locator('text=퍼널 관리')
    Expected: visible
    Received: <element(s) not found>
    Call log:
      - Expect "toBeVisible" with timeout 5000ms
      - waiting for locator('text=퍼널 관리')


      47 |     
      48 |     // 로그인 성공 후 대시보드 확인
    > 49 |     await expect(page.locator('text=퍼널 관리')).toBeVisible();
         |                                              ^
      50 |     await expect(page.locator('text=실시간 A/B 테스트 성능 비교')).toBeVisible();
      51 |   });
      52 |
        at /Users/m2/MASLABS/win.masgolf.co.kr/tests/deployment-verification-final.spec.ts:49:46

    attachment #1: screenshot (image/png) ──────────────────────────────────────────────────────────
    ../test-results/deployment-verification-fi-d7e3e-관리자-페이지-로그인이-정상적으로-작동하는지-확인-chromium/test-failed-1.png
    ────────────────────────────────────────────────────────────────────────────────────────────────

    attachment #2: video (video/webm) ──────────────────────────────────────────────────────────────
    ../test-results/deployment-verification-fi-d7e3e-관리자-페이지-로그인이-정상적으로-작동하는지-확인-chromium/video.webm
    ────────────────────────────────────────────────────────────────────────────────────────────────

    Error Context: ../test-results/deployment-verification-fi-d7e3e-관리자-페이지-로그인이-정상적으로-작동하는지-확인-chromium/error-context.md
]]>
</failure>
<system-out>
<![CDATA[
[[ATTACHMENT|deployment-verification-fi-d7e3e-관리자-페이지-로그인이-정상적으로-작동하는지-확인-chromium/test-failed-1.png]]

[[ATTACHMENT|deployment-verification-fi-d7e3e-관리자-페이지-로그인이-정상적으로-작동하는지-확인-chromium/video.webm]]

[[ATTACHMENT|deployment-verification-fi-d7e3e-관리자-페이지-로그인이-정상적으로-작동하는지-확인-chromium/error-context.md]]
]]>
</system-out>
</testcase>
<testcase name="배포 후 최종 검증 › 관리자 페이지 퍼널 관리 탭이 정상적으로 작동하는지 확인" classname="deployment-verification-final.spec.ts" time="30.139">
<failure message="deployment-verification-final.spec.ts:53:7 관리자 페이지 퍼널 관리 탭이 정상적으로 작동하는지 확인" type="FAILURE">
<![CDATA[  [chromium] › deployment-verification-final.spec.ts:53:7 › 배포 후 최종 검증 › 관리자 페이지 퍼널 관리 탭이 정상적으로 작동하는지 확인 

    Test timeout of 30000ms exceeded.

    Error: page.click: Test timeout of 30000ms exceeded.
    Call log:
      - waiting for locator('text=퍼널 관리')


      59 |     
      60 |     // 퍼널 관리 탭 클릭
    > 61 |     await page.click('text=퍼널 관리');
         |                ^
      62 |     
      63 |     // 2025-08 탭 확인
      64 |     await expect(page.locator('text=2025-08')).toBeVisible();
        at /Users/m2/MASLABS/win.masgolf.co.kr/tests/deployment-verification-final.spec.ts:61:16

    attachment #1: screenshot (image/png) ──────────────────────────────────────────────────────────
    ../test-results/deployment-verification-fi-8cf7d-페이지-퍼널-관리-탭이-정상적으로-작동하는지-확인-chromium/test-failed-1.png
    ────────────────────────────────────────────────────────────────────────────────────────────────

    attachment #2: video (video/webm) ──────────────────────────────────────────────────────────────
    ../test-results/deployment-verification-fi-8cf7d-페이지-퍼널-관리-탭이-정상적으로-작동하는지-확인-chromium/video.webm
    ────────────────────────────────────────────────────────────────────────────────────────────────

    Error Context: ../test-results/deployment-verification-fi-8cf7d-페이지-퍼널-관리-탭이-정상적으로-작동하는지-확인-chromium/error-context.md
]]>
</failure>
<system-out>
<![CDATA[
[[ATTACHMENT|deployment-verification-fi-8cf7d-페이지-퍼널-관리-탭이-정상적으로-작동하는지-확인-chromium/test-failed-1.png]]

[[ATTACHMENT|deployment-verification-fi-8cf7d-페이지-퍼널-관리-탭이-정상적으로-작동하는지-확인-chromium/video.webm]]

[[ATTACHMENT|deployment-verification-fi-8cf7d-페이지-퍼널-관리-탭이-정상적으로-작동하는지-확인-chromium/error-context.md]]
]]>
</system-out>
</testcase>
<testcase name="배포 후 최종 검증 › 관리자 페이지 GA4 데이터가 정상적으로 로드되는지 확인" classname="deployment-verification-final.spec.ts" time="30.158">
<failure message="deployment-verification-final.spec.ts:71:7 관리자 페이지 GA4 데이터가 정상적으로 로드되는지 확인" type="FAILURE">
<![CDATA[  [chromium] › deployment-verification-final.spec.ts:71:7 › 배포 후 최종 검증 › 관리자 페이지 GA4 데이터가 정상적으로 로드되는지 확인 

    Test timeout of 30000ms exceeded.

    Error: page.click: Test timeout of 30000ms exceeded.
    Call log:
      - waiting for locator('text=퍼널 관리')


      77 |     
      78 |     // 퍼널 관리 탭 클릭
    > 79 |     await page.click('text=퍼널 관리');
         |                ^
      80 |     
      81 |     // 2025-08 탭 클릭
      82 |     await page.click('text=2025-08');
        at /Users/m2/MASLABS/win.masgolf.co.kr/tests/deployment-verification-final.spec.ts:79:16

    attachment #1: screenshot (image/png) ──────────────────────────────────────────────────────────
    ../test-results/deployment-verification-fi-c20f1-페이지-GA4-데이터가-정상적으로-로드되는지-확인-chromium/test-failed-1.png
    ────────────────────────────────────────────────────────────────────────────────────────────────

    attachment #2: video (video/webm) ──────────────────────────────────────────────────────────────
    ../test-results/deployment-verification-fi-c20f1-페이지-GA4-데이터가-정상적으로-로드되는지-확인-chromium/video.webm
    ────────────────────────────────────────────────────────────────────────────────────────────────

    Error Context: ../test-results/deployment-verification-fi-c20f1-페이지-GA4-데이터가-정상적으로-로드되는지-확인-chromium/error-context.md
]]>
</failure>
<system-out>
<![CDATA[
[[ATTACHMENT|deployment-verification-fi-c20f1-페이지-GA4-데이터가-정상적으로-로드되는지-확인-chromium/test-failed-1.png]]

[[ATTACHMENT|deployment-verification-fi-c20f1-페이지-GA4-데이터가-정상적으로-로드되는지-확인-chromium/video.webm]]

[[ATTACHMENT|deployment-verification-fi-c20f1-페이지-GA4-데이터가-정상적으로-로드되는지-확인-chromium/error-context.md]]
]]>
</system-out>
</testcase>
<testcase name="배포 후 최종 검증 › 로컬 서버도 정상적으로 작동하는지 확인" classname="deployment-verification-final.spec.ts" time="1.544">
</testcase>
<testcase name="배포 후 최종 검증 › 로컬 8월 퍼널도 정상적으로 작동하는지 확인" classname="deployment-verification-final.spec.ts" time="2.417">
</testcase>
<testcase name="배포 후 최종 검증 › 로컬 관리자 페이지도 정상적으로 작동하는지 확인" classname="deployment-verification-final.spec.ts" time="6.7">
<failure message="deployment-verification-final.spec.ts:110:7 로컬 관리자 페이지도 정상적으로 작동하는지 확인" type="FAILURE">
<![CDATA[  [chromium] › deployment-verification-final.spec.ts:110:7 › 배포 후 최종 검증 › 로컬 관리자 페이지도 정상적으로 작동하는지 확인 

    Error: Timed out 5000ms waiting for expect(locator).toBeVisible()

    Locator: locator('text=로그아웃')
    Expected: visible
    Received: <element(s) not found>
    Call log:
      - Expect "toBeVisible" with timeout 5000ms
      - waiting for locator('text=로그아웃')


      123 |     
      124 |     // 로그인 성공 확인 (URL이 변경되었는지 또는 특정 요소가 표시되는지)
    > 125 |     await expect(page.locator('text=로그아웃')).toBeVisible();
          |                                             ^
      126 |   });
      127 |
      128 |   test('API 엔드포인트들이 정상적으로 작동하는지 확인', async ({ page }) => {
        at /Users/m2/MASLABS/win.masgolf.co.kr/tests/deployment-verification-final.spec.ts:125:45

    attachment #1: screenshot (image/png) ──────────────────────────────────────────────────────────
    ../test-results/deployment-verification-fi-27b8c--로컬-관리자-페이지도-정상적으로-작동하는지-확인-chromium/test-failed-1.png
    ────────────────────────────────────────────────────────────────────────────────────────────────

    attachment #2: video (video/webm) ──────────────────────────────────────────────────────────────
    ../test-results/deployment-verification-fi-27b8c--로컬-관리자-페이지도-정상적으로-작동하는지-확인-chromium/video.webm
    ────────────────────────────────────────────────────────────────────────────────────────────────

    Error Context: ../test-results/deployment-verification-fi-27b8c--로컬-관리자-페이지도-정상적으로-작동하는지-확인-chromium/error-context.md
]]>
</failure>
<system-out>
<![CDATA[
[[ATTACHMENT|deployment-verification-fi-27b8c--로컬-관리자-페이지도-정상적으로-작동하는지-확인-chromium/test-failed-1.png]]

[[ATTACHMENT|deployment-verification-fi-27b8c--로컬-관리자-페이지도-정상적으로-작동하는지-확인-chromium/video.webm]]

[[ATTACHMENT|deployment-verification-fi-27b8c--로컬-관리자-페이지도-정상적으로-작동하는지-확인-chromium/error-context.md]]
]]>
</system-out>
</testcase>
<testcase name="배포 후 최종 검증 › API 엔드포인트들이 정상적으로 작동하는지 확인" classname="deployment-verification-final.spec.ts" time="6.143">
</testcase>
</testsuite>
<testsuite name="deployment-verification.spec.ts" timestamp="2025-08-19T09:15:42.464Z" hostname="chromium" tests="7" failures="3" skipped="0" time="22.66" errors="0">
<testcase name="배포 검증 테스트 › 관리자 페이지 로그인 화면이 정상적으로 표시되는지 확인" classname="deployment-verification.spec.ts" time="1.367">
</testcase>
<testcase name="배포 검증 테스트 › 8월 퍼널 A 파일이 정상적으로 접근 가능한지 확인" classname="deployment-verification.spec.ts" time="6.971">
<failure message="deployment-verification.spec.ts:16:7 8월 퍼널 A 파일이 정상적으로 접근 가능한지 확인" type="FAILURE">
<![CDATA[  [chromium] › deployment-verification.spec.ts:16:7 › 배포 검증 테스트 › 8월 퍼널 A 파일이 정상적으로 접근 가능한지 확인 ─────

    Error: Timed out 5000ms waiting for expect(locator).toBeVisible()

    Locator: locator('title:has-text("MASGOLF")')
    Expected: visible
    Received: <element(s) not found>
    Call log:
      - Expect "toBeVisible" with timeout 5000ms
      - waiting for locator('title:has-text("MASGOLF")')


      18 |     
      19 |     // 페이지가 정상적으로 로드되는지 확인
    > 20 |     await expect(page.locator('title:has-text("MASGOLF")')).toBeVisible();
         |                                                             ^
      21 |     await expect(page.locator('meta[name="file-created"]')).toBeVisible();
      22 |   });
      23 |
        at /Users/m2/MASLABS/win.masgolf.co.kr/tests/deployment-verification.spec.ts:20:61

    attachment #1: screenshot (image/png) ──────────────────────────────────────────────────────────
    ../test-results/deployment-verification-배포-72845-월-퍼널-A-파일이-정상적으로-접근-가능한지-확인-chromium/test-failed-1.png
    ────────────────────────────────────────────────────────────────────────────────────────────────

    attachment #2: video (video/webm) ──────────────────────────────────────────────────────────────
    ../test-results/deployment-verification-배포-72845-월-퍼널-A-파일이-정상적으로-접근-가능한지-확인-chromium/video.webm
    ────────────────────────────────────────────────────────────────────────────────────────────────

    Error Context: ../test-results/deployment-verification-배포-72845-월-퍼널-A-파일이-정상적으로-접근-가능한지-확인-chromium/error-context.md
]]>
</failure>
<system-out>
<![CDATA[
[[ATTACHMENT|deployment-verification-배포-72845-월-퍼널-A-파일이-정상적으로-접근-가능한지-확인-chromium/test-failed-1.png]]

[[ATTACHMENT|deployment-verification-배포-72845-월-퍼널-A-파일이-정상적으로-접근-가능한지-확인-chromium/video.webm]]

[[ATTACHMENT|deployment-verification-배포-72845-월-퍼널-A-파일이-정상적으로-접근-가능한지-확인-chromium/error-context.md]]
]]>
</system-out>
</testcase>
<testcase name="배포 검증 테스트 › 8월 퍼널 B 파일이 정상적으로 접근 가능한지 확인" classname="deployment-verification.spec.ts" time="6.615">
<failure message="deployment-verification.spec.ts:24:7 8월 퍼널 B 파일이 정상적으로 접근 가능한지 확인" type="FAILURE">
<![CDATA[  [chromium] › deployment-verification.spec.ts:24:7 › 배포 검증 테스트 › 8월 퍼널 B 파일이 정상적으로 접근 가능한지 확인 ─────

    Error: Timed out 5000ms waiting for expect(locator).toBeVisible()

    Locator: locator('title:has-text("MASGOLF")')
    Expected: visible
    Received: <element(s) not found>
    Call log:
      - Expect "toBeVisible" with timeout 5000ms
      - waiting for locator('title:has-text("MASGOLF")')


      26 |     
      27 |     // 페이지가 정상적으로 로드되는지 확인
    > 28 |     await expect(page.locator('title:has-text("MASGOLF")')).toBeVisible();
         |                                                             ^
      29 |     await expect(page.locator('meta[name="file-created"]')).toBeVisible();
      30 |   });
      31 |
        at /Users/m2/MASLABS/win.masgolf.co.kr/tests/deployment-verification.spec.ts:28:61

    attachment #1: screenshot (image/png) ──────────────────────────────────────────────────────────
    ../test-results/deployment-verification-배포-851ca-월-퍼널-B-파일이-정상적으로-접근-가능한지-확인-chromium/test-failed-1.png
    ────────────────────────────────────────────────────────────────────────────────────────────────

    attachment #2: video (video/webm) ──────────────────────────────────────────────────────────────
    ../test-results/deployment-verification-배포-851ca-월-퍼널-B-파일이-정상적으로-접근-가능한지-확인-chromium/video.webm
    ────────────────────────────────────────────────────────────────────────────────────────────────

    Error Context: ../test-results/deployment-verification-배포-851ca-월-퍼널-B-파일이-정상적으로-접근-가능한지-확인-chromium/error-context.md
]]>
</failure>
<system-out>
<![CDATA[
[[ATTACHMENT|deployment-verification-배포-851ca-월-퍼널-B-파일이-정상적으로-접근-가능한지-확인-chromium/test-failed-1.png]]

[[ATTACHMENT|deployment-verification-배포-851ca-월-퍼널-B-파일이-정상적으로-접근-가능한지-확인-chromium/video.webm]]

[[ATTACHMENT|deployment-verification-배포-851ca-월-퍼널-B-파일이-정상적으로-접근-가능한지-확인-chromium/error-context.md]]
]]>
</system-out>
</testcase>
<testcase name="배포 검증 테스트 › API 엔드포인트들이 정상적으로 응답하는지 확인" classname="deployment-verification.spec.ts" time="4.446">
</testcase>
<testcase name="배포 검증 테스트 › 퍼널 관리 API가 8월 퍼널 파일들을 정확히 반환하는지 확인" classname="deployment-verification.spec.ts" time="0.535">
</testcase>
<testcase name="배포 검증 테스트 › GA4 사용자 행동 API가 올바른 데이터 구조를 반환하는지 확인" classname="deployment-verification.spec.ts" time="0.966">
</testcase>
<testcase name="배포 검증 테스트 › 성능 메트릭 API가 올바른 데이터 구조를 반환하는지 확인" classname="deployment-verification.spec.ts" time="1.76">
<failure message="deployment-verification.spec.ts:82:7 성능 메트릭 API가 올바른 데이터 구조를 반환하는지 확인" type="FAILURE">
<![CDATA[  [chromium] › deployment-verification.spec.ts:82:7 › 배포 검증 테스트 › 성능 메트릭 API가 올바른 데이터 구조를 반환하는지 확인 ─

    Error: expect(received).toHaveProperty(path)

    Expected path: "status"
    Received path: []

    Received value: {"abTestPerformance": {"versionA": {"fileSize": 201197, "firstContentfulPaint": 0.8, "largestContentfulPaint": 1.5, "pageLoadTime": 1.2, "performanceScore": 85}, "versionB": {"fileSize": 62754, "firstContentfulPaint": 0.7, "largestContentfulPaint": 1.3, "pageLoadTime": 1.1, "performanceScore": 92}}, "devicePerformance": [{"avgSessionDuration": 50.1392340500786, "bounceRate": 0.6700351822741223, "device": "mobile", "pageViews": 16768}, {"avgSessionDuration": 344.2459921125926, "bounceRate": 0.36, "device": "desktop", "pageViews": 1681}, {"avgSessionDuration": 194.10961953999998, "bounceRate": 0.38, "device": "tablet", "pageViews": 81}], "hourlyPerformance": [{"hour": "8", "pageViews": 1812, "sessions": 1537}, {"hour": "18", "pageViews": 1541, "sessions": 940}, {"hour": "11", "pageViews": 1473, "sessions": 1148}, {"hour": "15", "pageViews": 1380, "sessions": 1059}, {"hour": "10", "pageViews": 1369, "sessions": 1106}, {"hour": "12", "pageViews": 1329, "sessions": 1077}, {"hour": "14", "pageViews": 1310, "sessions": 1097}, {"hour": "13", "pageViews": 1113, "sessions": 915}, {"hour": "9", "pageViews": 1073, "sessions": 944}, {"hour": "6", "pageViews": 973, "sessions": 861}, …], "overallMetrics": {"avgBounceRate": 0.47001172742470737, "avgSessionDurationMinutes": 3.2694158094592844, "performanceScore": 66.83583017798244, "totalPageViews": 16242}, "pagePerformance": [{"avgSessionDuration": 36.939137318039435, "page": "/versions/funnel-2025-08-live.html", "pageViews": 6893}, {"avgSessionDuration": 55.59898386487084, "page": "/versions/funnel-2025-07-complete.html", "pageViews": 5970}, {"avgSessionDuration": 66.5757221812179, "page": "/versions/funnel-2025-08-live-b.html", "pageViews": 1729}, {"avgSessionDuration": 88.09605475582823, "page": "/", "pageViews": 878}, {"avgSessionDuration": 65.95544656704362, "page": "/versions/funnel-2025-08-live-a.html", "pageViews": 772}], "period": "30daysAgo to today", "timestamp": "2025-08-19T09:17:08.307Z"}

      90 |     expect(data).toHaveProperty('overallMetrics');
      91 |     expect(data).toHaveProperty('abTestPerformance');
    > 92 |     expect(data).toHaveProperty('status');
         |                  ^
      93 |     
      94 |     // A/B 테스트 성능 데이터가 있는지 확인
      95 |     expect(data.abTestPerformance).toHaveProperty('versionA');
        at /Users/m2/MASLABS/win.masgolf.co.kr/tests/deployment-verification.spec.ts:92:18

    attachment #1: screenshot (image/png) ──────────────────────────────────────────────────────────
    ../test-results/deployment-verification-배포-9e331-릭-API가-올바른-데이터-구조를-반환하는지-확인-chromium/test-failed-1.png
    ────────────────────────────────────────────────────────────────────────────────────────────────

    attachment #2: video (video/webm) ──────────────────────────────────────────────────────────────
    ../test-results/deployment-verification-배포-9e331-릭-API가-올바른-데이터-구조를-반환하는지-확인-chromium/video.webm
    ────────────────────────────────────────────────────────────────────────────────────────────────
]]>
</failure>
<system-out>
<![CDATA[
[[ATTACHMENT|deployment-verification-배포-9e331-릭-API가-올바른-데이터-구조를-반환하는지-확인-chromium/test-failed-1.png]]

[[ATTACHMENT|deployment-verification-배포-9e331-릭-API가-올바른-데이터-구조를-반환하는지-확인-chromium/video.webm]]
]]>
</system-out>
</testcase>
</testsuite>
<testsuite name="enhanced-data-test.spec.ts" timestamp="2025-08-19T09:15:42.464Z" hostname="chromium" tests="7" failures="1" skipped="0" time="66.712" errors="0">
<testcase name="고급 데이터 API 테스트 › GA4 월별 데이터 API 확인" classname="enhanced-data-test.spec.ts" time="1.431">
<system-out>
<![CDATA[GA4 월별 API 응답 상태: [33m200[39m
GA4 월별 데이터: {
  month: [32m'2025-08'[39m,
  users: [33m8626[39m,
  pageViews: [33m12684[39m,
  events: [33m45801[39m,
  tagStatus: [32m'partial'[39m
}
]]>
</system-out>
</testcase>
<testcase name="고급 데이터 API 테스트 › GA4 사용자 행동 데이터 API 확인" classname="enhanced-data-test.spec.ts" time="5.688">
<system-out>
<![CDATA[GA4 사용자 행동 API 응답 상태: [33m200[39m
GA4 사용자 행동 데이터: {
  sessionMetrics: {
    totalSessions: [33m9037[39m,
    avgSessionDuration: [33m69.37757105577073[39m,
    bounceRate: [33m0.6211132012836118[39m,
    pagesPerSession: [33m1.4035631293570876[39m
  },
  devicePerformance: [33m3[39m,
  hourlyPerformance: [33m24[39m,
  pagePerformance: [33m10[39m,
  eventAnalysis: [33m10[39m,
  calculatedMetrics: {
    avgSessionDurationMinutes: [33m1.156292850929512[39m,
    engagementRate: [33m99.3788867987164[39m,
    conversionRate: [33m0[39m
  }
}
]]>
</system-out>
</testcase>
<testcase name="고급 데이터 API 테스트 › 성능 메트릭 API 확인" classname="enhanced-data-test.spec.ts" time="3.901">
<system-out>
<![CDATA[성능 메트릭 API 응답 상태: [33m200[39m
성능 메트릭 데이터: {
  pagePerformance: [33m5[39m,
  devicePerformance: [33m3[39m,
  hourlyPerformance: [33m24[39m,
  overallMetrics: {
    totalPageViews: [33m11160[39m,
    avgSessionDurationMinutes: [33m4.385040429004312[39m,
    avgBounceRate: [33m0.35104662066102993[39m,
    performanceScore: [33m76[39m
  },
  abTestPerformance: {
    versionA: {
      pageLoadTime: [33m1.2[39m,
      firstContentfulPaint: [33m0.8[39m,
      largestContentfulPaint: [33m1.5[39m,
      fileSize: [33m201197[39m,
      performanceScore: [33m85[39m
    },
    versionB: {
      pageLoadTime: [33m1.1[39m,
      firstContentfulPaint: [33m0.7[39m,
      largestContentfulPaint: [33m1.3[39m,
      fileSize: [33m62754[39m,
      performanceScore: [33m92[39m
    }
  }
}
]]>
</system-out>
</testcase>
<testcase name="고급 데이터 API 테스트 › 실제 A/B 테스트 데이터 확인" classname="enhanced-data-test.spec.ts" time="30.462">
<failure message="enhanced-data-test.spec.ts:99:7 실제 A/B 테스트 데이터 확인" type="FAILURE">
<![CDATA[  [chromium] › enhanced-data-test.spec.ts:99:7 › 고급 데이터 API 테스트 › 실제 A/B 테스트 데이터 확인 ────────────────

    Test timeout of 30000ms exceeded.

    Error: locator.textContent: Test timeout of 30000ms exceeded.
    Call log:
      - waiting for locator('text=/[0-9]+.[0-9]+ KB/').first()


      107 |     
      108 |     // 실제 파일 크기 데이터 확인
    > 109 |     const liveASize = await page.locator('text=/[0-9]+\.[0-9]+ KB/').first().textContent();
          |                                                                              ^
      110 |     const liveBSize = await page.locator('text=/[0-9]+\.[0-9]+ KB/').nth(1)?.textContent();
      111 |     
      112 |     console.log('실제 파일 크기:', { liveA: liveASize, liveB: liveBSize });
        at /Users/m2/MASLABS/win.masgolf.co.kr/tests/enhanced-data-test.spec.ts:109:78

    attachment #1: screenshot (image/png) ──────────────────────────────────────────────────────────
    ../test-results/enhanced-data-test-고급-데이터-API-테스트-실제-A-B-테스트-데이터-확인-chromium/test-failed-1.png
    ────────────────────────────────────────────────────────────────────────────────────────────────

    attachment #2: video (video/webm) ──────────────────────────────────────────────────────────────
    ../test-results/enhanced-data-test-고급-데이터-API-테스트-실제-A-B-테스트-데이터-확인-chromium/video.webm
    ────────────────────────────────────────────────────────────────────────────────────────────────

    Error Context: ../test-results/enhanced-data-test-고급-데이터-API-테스트-실제-A-B-테스트-데이터-확인-chromium/error-context.md
]]>
</failure>
<system-out>
<![CDATA[
[[ATTACHMENT|enhanced-data-test-고급-데이터-API-테스트-실제-A-B-테스트-데이터-확인-chromium/test-failed-1.png]]

[[ATTACHMENT|enhanced-data-test-고급-데이터-API-테스트-실제-A-B-테스트-데이터-확인-chromium/video.webm]]

[[ATTACHMENT|enhanced-data-test-고급-데이터-API-테스트-실제-A-B-테스트-데이터-확인-chromium/error-context.md]]
]]>
</system-out>
</testcase>
<testcase name="고급 데이터 API 테스트 › 고급 사용자 행동 데이터 표시 확인" classname="enhanced-data-test.spec.ts" time="6.803">
<system-out>
<![CDATA[현재 표시되는 고급 데이터: {
  sessionDuration: [32m'1분 6초'[39m,
  bounceRate: [32m'67.5%'[39m,
  pagesPerSession: [32m'마지막 업데이트: 2025. 8. 19. 오후 6:17:11'[39m
}
추가로 표시할 수 있는 고급 데이터: [
  [32m'디바이스별 성능 (모바일 vs 데스크톱)'[39m,
  [32m'시간대별 성능 (피크 타임 분석)'[39m,
  [32m'페이지별 성능 (이탈 지점 분석)'[39m,
  [32m'이벤트 분석 (사용자 행동 흐름)'[39m,
  [32m'성능 점수 (종합 평가)'[39m,
  [32m'실제 파일 크기 비교'[39m,
  [32m'세션 지속 시간 분석'[39m,
  [32m'참여율 계산'[39m
]
]]>
</system-out>
</testcase>
<testcase name="고급 데이터 API 테스트 › API 통합 테스트" classname="enhanced-data-test.spec.ts" time="8.444">
<system-out>
<![CDATA[사용 중인 모든 API 엔드포인트: [
  { url: [32m'http://localhost:3000/api/funnel-management'[39m, method: [32m'GET'[39m },
  { url: [32m'http://localhost:3000/api/ga4-realtime'[39m, method: [32m'GET'[39m },
  {
    url: [32m'http://localhost:3000/api/ga4-user-behavior-filtered'[39m,
    method: [32m'GET'[39m
  },
  {
    url: [32m'http://localhost:3000/api/performance-metrics-filtered'[39m,
    method: [32m'GET'[39m
  },
  { url: [32m'http://localhost:3000/api/ga4-monthly'[39m, method: [32m'GET'[39m },
  {
    url: [32m'http://localhost:3000/api/page-tracking-dates'[39m,
    method: [32m'GET'[39m
  },
  {
    url: [32m'http://localhost:3000/api/funnel-daily-views'[39m,
    method: [32m'GET'[39m
  },
  {
    url: [32m'http://localhost:3000/api/ga4-funnel-user-behavior?path=funnel-2025-08-live-a&month=2025-08'[39m,
    method: [32m'GET'[39m
  },
  {
    url: [32m'http://localhost:3000/api/ga4-funnel-user-behavior?path=funnel-2025-08-live-b&month=2025-08'[39m,
    method: [32m'GET'[39m
  },
  {
    url: [32m'http://localhost:3000/api/ga4-funnel-user-behavior?path=funnel-2025-07-live&month=2025-07'[39m,
    method: [32m'GET'[39m
  },
  {
    url: [32m'http://localhost:3000/api/ga4-top-pages-2025-07'[39m,
    method: [32m'GET'[39m
  }
]
새로운 API 호출 상태: { userBehavior: [33mtrue[39m, performance: [33mtrue[39m, monthly: [33mtrue[39m }
]]>
</system-out>
</testcase>
<testcase name="고급 데이터 API 테스트 › 데이터 품질 확인" classname="enhanced-data-test.spec.ts" time="9.983">
<system-out>
<![CDATA[GA4 실시간 API 상태: [33m200[39m
GA4 실시간 데이터 크기: [33m373[39m bytes
GA4 월별 API 상태: [33m200[39m
GA4 월별 데이터 크기: [33m1313[39m bytes
GA4 사용자 행동 API 상태: [33m200[39m
GA4 사용자 행동 데이터 크기: [33m4995[39m bytes
성능 메트릭 API 상태: [33m200[39m
성능 메트릭 데이터 크기: [33m2428[39m bytes
퍼널 관리 API 상태: [33m200[39m
퍼널 관리 데이터 크기: [33m2341[39m bytes
]]>
</system-out>
</testcase>
</testsuite>
<testsuite name="funnel-management-2025-08.spec.ts" timestamp="2025-08-19T09:15:42.464Z" hostname="chromium" tests="11" failures="9" skipped="0" time="125.075" errors="0">
<testcase name="퍼널 관리 2025-08 탭 GA4 API 데이터 확인 › 퍼널 관리 탭 접근 확인" classname="funnel-management-2025-08.spec.ts" time="7.993">
</testcase>
<testcase name="퍼널 관리 2025-08 탭 GA4 API 데이터 확인 › 2025-08 퍼널 버전 목록 확인" classname="funnel-management-2025-08.spec.ts" time="6.938">
<failure message="funnel-management-2025-08.spec.ts:28:7 2025-08 퍼널 버전 목록 확인" type="FAILURE">
<![CDATA[  [chromium] › funnel-management-2025-08.spec.ts:28:7 › 퍼널 관리 2025-08 탭 GA4 API 데이터 확인 › 2025-08 퍼널 버전 목록 확인 

    Error: expect.toBeVisible: Error: strict mode violation: locator('text=2025-08') resolved to 47 elements:
        1) <button class="py-4 px-1 border-b-2 font-medium text-sm transition-colors border-blue-500 text-blue-600">2025-08</button> aka getByRole('button', { name: '-08' })
        2) <h3 class="text-lg font-medium text-gray-900 mb-4">2025-08 주력 페이지 성능 비교</h3> aka getByRole('heading', { name: '-08 주력 페이지 성능 비교' })
        3) <h4 class="text-xl font-bold text-blue-900">funnel-2025-08-live-a.html</h4> aka getByRole('heading', { name: 'funnel-2025-08-live-a.html', exact: true })
        4) <h4 class="text-xl font-bold text-green-900">funnel-2025-08-live-b.html</h4> aka getByRole('heading', { name: 'funnel-2025-08-live-b.html', exact: true })
        5) <span class="text-yellow-800 font-medium">🏆 현재 승자: funnel-2025-08-live-b.html - 전환율 +0.6%</span> aka getByText('🏆 현재 승자: funnel-2025-08-live')
        6) <h4 class="text-lg font-bold text-blue-900">funnel-2025-08-live-a.html 스크롤 깊이</h4> aka getByRole('heading', { name: 'funnel-2025-08-live-a.html 스크롤 깊이' })
        7) <h4 class="text-lg font-bold text-green-900">funnel-2025-08-live-b.html 스크롤 깊이</h4> aka getByRole('heading', { name: 'funnel-2025-08-live-b.html 스크롤 깊이' })
        8) <span class="text-yellow-800 font-medium">📊 funnel-2025-08-live-b.html이 평균 스크롤 깊이 +10% 우위</span> aka getByText('📊 funnel-2025-08-live-b.html')
        9) <div class="mt-2 text-sm text-gray-500 text-center">데이터 수집 기간: 8월 1일 ~ 2025-08-19</div> aka getByText('데이터 수집 기간: 8월 1일 ~ 2025-08-')
        10) <td class="px-6 py-4 whitespace-nowrap text-sm font-medium text-gray-900">funnel-2025-08-live</td> aka getByRole('cell', { name: 'funnel-2025-08-live', exact: true })
        ...

    Call log:
      - Expect "toBeVisible" with timeout 5000ms
      - waiting for locator('text=2025-08')


      32 |     
      33 |     // 2025-08 관련 퍼널 버전들 확인
    > 34 |     await expect(page.locator('text=2025-08')).toBeVisible();
         |                                                ^
      35 |     
      36 |     // live-a, live-b 버전 확인
      37 |     await expect(page.locator('text=live-a')).toBeVisible();
        at /Users/m2/MASLABS/win.masgolf.co.kr/tests/funnel-management-2025-08.spec.ts:34:48

    attachment #1: screenshot (image/png) ──────────────────────────────────────────────────────────
    ../test-results/funnel-management-2025-08--a3357--데이터-확인-2025-08-퍼널-버전-목록-확인-chromium/test-failed-1.png
    ────────────────────────────────────────────────────────────────────────────────────────────────

    attachment #2: video (video/webm) ──────────────────────────────────────────────────────────────
    ../test-results/funnel-management-2025-08--a3357--데이터-확인-2025-08-퍼널-버전-목록-확인-chromium/video.webm
    ────────────────────────────────────────────────────────────────────────────────────────────────

    Error Context: ../test-results/funnel-management-2025-08--a3357--데이터-확인-2025-08-퍼널-버전-목록-확인-chromium/error-context.md
]]>
</failure>
<system-out>
<![CDATA[
[[ATTACHMENT|funnel-management-2025-08--a3357--데이터-확인-2025-08-퍼널-버전-목록-확인-chromium/test-failed-1.png]]

[[ATTACHMENT|funnel-management-2025-08--a3357--데이터-확인-2025-08-퍼널-버전-목록-확인-chromium/video.webm]]

[[ATTACHMENT|funnel-management-2025-08--a3357--데이터-확인-2025-08-퍼널-버전-목록-확인-chromium/error-context.md]]
]]>
</system-out>
</testcase>
<testcase name="퍼널 관리 2025-08 탭 GA4 API 데이터 확인 › GA4 API 데이터 로딩 확인" classname="funnel-management-2025-08.spec.ts" time="8.877">
<failure message="funnel-management-2025-08.spec.ts:41:7 GA4 API 데이터 로딩 확인" type="FAILURE">
<![CDATA[  [chromium] › funnel-management-2025-08.spec.ts:41:7 › 퍼널 관리 2025-08 탭 GA4 API 데이터 확인 › GA4 API 데이터 로딩 확인 

    Error: expect(received).toBeGreaterThan(expected)

    Expected: > 0
    Received:   0

      62 |     // GA4 API 호출 확인
      63 |     console.log('GA4 API 호출:', ga4Requests);
    > 64 |     expect(ga4Requests.length).toBeGreaterThan(0);
         |                                ^
      65 |   });
      66 |
      67 |   test('실시간 사용자 데이터 확인', async ({ page }) => {
        at /Users/m2/MASLABS/win.masgolf.co.kr/tests/funnel-management-2025-08.spec.ts:64:32

    attachment #1: screenshot (image/png) ──────────────────────────────────────────────────────────
    ../test-results/funnel-management-2025-08--49032-PI-데이터-확인-GA4-API-데이터-로딩-확인-chromium/test-failed-1.png
    ────────────────────────────────────────────────────────────────────────────────────────────────

    attachment #2: video (video/webm) ──────────────────────────────────────────────────────────────
    ../test-results/funnel-management-2025-08--49032-PI-데이터-확인-GA4-API-데이터-로딩-확인-chromium/video.webm
    ────────────────────────────────────────────────────────────────────────────────────────────────

    Error Context: ../test-results/funnel-management-2025-08--49032-PI-데이터-확인-GA4-API-데이터-로딩-확인-chromium/error-context.md
]]>
</failure>
<system-out>
<![CDATA[GA4 API 호출: []

[[ATTACHMENT|funnel-management-2025-08--49032-PI-데이터-확인-GA4-API-데이터-로딩-확인-chromium/test-failed-1.png]]

[[ATTACHMENT|funnel-management-2025-08--49032-PI-데이터-확인-GA4-API-데이터-로딩-확인-chromium/video.webm]]

[[ATTACHMENT|funnel-management-2025-08--49032-PI-데이터-확인-GA4-API-데이터-로딩-확인-chromium/error-context.md]]
]]>
</system-out>
</testcase>
<testcase name="퍼널 관리 2025-08 탭 GA4 API 데이터 확인 › 실시간 사용자 데이터 확인" classname="funnel-management-2025-08.spec.ts" time="12.035">
<failure message="funnel-management-2025-08.spec.ts:67:7 실시간 사용자 데이터 확인" type="FAILURE">
<![CDATA[  [chromium] › funnel-management-2025-08.spec.ts:67:7 › 퍼널 관리 2025-08 탭 GA4 API 데이터 확인 › 실시간 사용자 데이터 확인 

    Error: Timed out 5000ms waiting for expect(locator).toBeVisible()

    Locator: locator('text=실시간 사용자')
    Expected: visible
    Received: <element(s) not found>
    Call log:
      - Expect "toBeVisible" with timeout 5000ms
      - waiting for locator('text=실시간 사용자')


      71 |     
      72 |     // 실시간 사용자 데이터 확인
    > 73 |     await expect(page.locator('text=실시간 사용자')).toBeVisible();
         |                                                ^
      74 |     await expect(page.locator('text=페이지뷰')).toBeVisible();
      75 |     
      76 |     // 데이터가 숫자로 표시되는지 확인
        at /Users/m2/MASLABS/win.masgolf.co.kr/tests/funnel-management-2025-08.spec.ts:73:48

    attachment #1: screenshot (image/png) ──────────────────────────────────────────────────────────
    ../test-results/funnel-management-2025-08--72977-4-API-데이터-확인-실시간-사용자-데이터-확인-chromium/test-failed-1.png
    ────────────────────────────────────────────────────────────────────────────────────────────────

    attachment #2: video (video/webm) ──────────────────────────────────────────────────────────────
    ../test-results/funnel-management-2025-08--72977-4-API-데이터-확인-실시간-사용자-데이터-확인-chromium/video.webm
    ────────────────────────────────────────────────────────────────────────────────────────────────

    Error Context: ../test-results/funnel-management-2025-08--72977-4-API-데이터-확인-실시간-사용자-데이터-확인-chromium/error-context.md
]]>
</failure>
<system-out>
<![CDATA[
[[ATTACHMENT|funnel-management-2025-08--72977-4-API-데이터-확인-실시간-사용자-데이터-확인-chromium/test-failed-1.png]]

[[ATTACHMENT|funnel-management-2025-08--72977-4-API-데이터-확인-실시간-사용자-데이터-확인-chromium/video.webm]]

[[ATTACHMENT|funnel-management-2025-08--72977-4-API-데이터-확인-실시간-사용자-데이터-확인-chromium/error-context.md]]
]]>
</system-out>
</testcase>
<testcase name="퍼널 관리 2025-08 탭 GA4 API 데이터 확인 › 퍼널 전환율 데이터 확인" classname="funnel-management-2025-08.spec.ts" time="6.829">
<failure message="funnel-management-2025-08.spec.ts:81:7 퍼널 전환율 데이터 확인" type="FAILURE">
<![CDATA[  [chromium] › funnel-management-2025-08.spec.ts:81:7 › 퍼널 관리 2025-08 탭 GA4 API 데이터 확인 › 퍼널 전환율 데이터 확인 

    Error: expect.toBeVisible: Error: strict mode violation: locator('text=전환율') resolved to 3 elements:
        1) <p class="text-sm text-gray-600">전환율</p> aka getByText('전환율').first()
        2) <p class="text-sm text-gray-600">전환율</p> aka getByText('전환율').nth(1)
        3) <span class="text-yellow-800 font-medium">🏆 현재 승자: funnel-2025-08-live-b.html - 전환율 +0.6%</span> aka getByText('🏆 현재 승자: funnel-2025-08-live')

    Call log:
      - Expect "toBeVisible" with timeout 5000ms
      - waiting for locator('text=전환율')


      85 |     
      86 |     // 퍼널 전환율 관련 데이터 확인
    > 87 |     await expect(page.locator('text=전환율')).toBeVisible();
         |                                            ^
      88 |     await expect(page.locator('text=히어로')).toBeVisible();
      89 |     await expect(page.locator('text=퀴즈')).toBeVisible();
      90 |     
        at /Users/m2/MASLABS/win.masgolf.co.kr/tests/funnel-management-2025-08.spec.ts:87:44

    attachment #1: screenshot (image/png) ──────────────────────────────────────────────────────────
    ../test-results/funnel-management-2025-08--09f88-A4-API-데이터-확인-퍼널-전환율-데이터-확인-chromium/test-failed-1.png
    ────────────────────────────────────────────────────────────────────────────────────────────────

    attachment #2: video (video/webm) ──────────────────────────────────────────────────────────────
    ../test-results/funnel-management-2025-08--09f88-A4-API-데이터-확인-퍼널-전환율-데이터-확인-chromium/video.webm
    ────────────────────────────────────────────────────────────────────────────────────────────────

    Error Context: ../test-results/funnel-management-2025-08--09f88-A4-API-데이터-확인-퍼널-전환율-데이터-확인-chromium/error-context.md
]]>
</failure>
<system-out>
<![CDATA[
[[ATTACHMENT|funnel-management-2025-08--09f88-A4-API-데이터-확인-퍼널-전환율-데이터-확인-chromium/test-failed-1.png]]

[[ATTACHMENT|funnel-management-2025-08--09f88-A4-API-데이터-확인-퍼널-전환율-데이터-확인-chromium/video.webm]]

[[ATTACHMENT|funnel-management-2025-08--09f88-A4-API-데이터-확인-퍼널-전환율-데이터-확인-chromium/error-context.md]]
]]>
</system-out>
</testcase>
<testcase name="퍼널 관리 2025-08 탭 GA4 API 데이터 확인 › 스크롤 깊이 데이터 확인" classname="funnel-management-2025-08.spec.ts" time="7.995">
<failure message="funnel-management-2025-08.spec.ts:96:7 스크롤 깊이 데이터 확인" type="FAILURE">
<![CDATA[  [chromium] › funnel-management-2025-08.spec.ts:96:7 › 퍼널 관리 2025-08 탭 GA4 API 데이터 확인 › 스크롤 깊이 데이터 확인 

    Error: expect.toBeVisible: Error: strict mode violation: locator('text=스크롤 깊이') resolved to 6 elements:
        1) <h3 class="text-lg font-medium text-gray-900 mb-4">스크롤 깊이 분석</h3> aka getByRole('heading', { name: '스크롤 깊이 분석' })
        2) <h4 class="text-lg font-bold text-blue-900">funnel-2025-08-live-a.html 스크롤 깊이</h4> aka getByRole('heading', { name: 'funnel-2025-08-live-a.html 스크롤 깊이' })
        3) <p>평균 스크롤 깊이: 55%</p> aka getByText('평균 스크롤 깊이: 55%')
        4) <h4 class="text-lg font-bold text-green-900">funnel-2025-08-live-b.html 스크롤 깊이</h4> aka getByRole('heading', { name: 'funnel-2025-08-live-b.html 스크롤 깊이' })
        5) <p>평균 스크롤 깊이: 65%</p> aka getByText('평균 스크롤 깊이: 65%')
        6) <span class="text-yellow-800 font-medium">📊 funnel-2025-08-live-b.html이 평균 스크롤 깊이 +10% 우위</span> aka getByText('📊 funnel-2025-08-live-b.html')

    Call log:
      - Expect "toBeVisible" with timeout 5000ms
      - waiting for locator('text=스크롤 깊이')


      100 |     
      101 |     // 스크롤 깊이 데이터 확인
    > 102 |     await expect(page.locator('text=스크롤 깊이')).toBeVisible();
          |                                               ^
      103 |     await expect(page.locator('text=25%')).toBeVisible();
      104 |     await expect(page.locator('text=50%')).toBeVisible();
      105 |     await expect(page.locator('text=75%')).toBeVisible();
        at /Users/m2/MASLABS/win.masgolf.co.kr/tests/funnel-management-2025-08.spec.ts:102:47

    attachment #1: screenshot (image/png) ──────────────────────────────────────────────────────────
    ../test-results/funnel-management-2025-08--66145-A4-API-데이터-확인-스크롤-깊이-데이터-확인-chromium/test-failed-1.png
    ────────────────────────────────────────────────────────────────────────────────────────────────

    attachment #2: video (video/webm) ──────────────────────────────────────────────────────────────
    ../test-results/funnel-management-2025-08--66145-A4-API-데이터-확인-스크롤-깊이-데이터-확인-chromium/video.webm
    ────────────────────────────────────────────────────────────────────────────────────────────────

    Error Context: ../test-results/funnel-management-2025-08--66145-A4-API-데이터-확인-스크롤-깊이-데이터-확인-chromium/error-context.md
]]>
</failure>
<system-out>
<![CDATA[
[[ATTACHMENT|funnel-management-2025-08--66145-A4-API-데이터-확인-스크롤-깊이-데이터-확인-chromium/test-failed-1.png]]

[[ATTACHMENT|funnel-management-2025-08--66145-A4-API-데이터-확인-스크롤-깊이-데이터-확인-chromium/video.webm]]

[[ATTACHMENT|funnel-management-2025-08--66145-A4-API-데이터-확인-스크롤-깊이-데이터-확인-chromium/error-context.md]]
]]>
</system-out>
</testcase>
<testcase name="퍼널 관리 2025-08 탭 GA4 API 데이터 확인 › 페이지 성능 데이터 확인" classname="funnel-management-2025-08.spec.ts" time="10.927">
<failure message="funnel-management-2025-08.spec.ts:109:7 페이지 성능 데이터 확인" type="FAILURE">
<![CDATA[  [chromium] › funnel-management-2025-08.spec.ts:109:7 › 퍼널 관리 2025-08 탭 GA4 API 데이터 확인 › 페이지 성능 데이터 확인 

    Error: Timed out 5000ms waiting for expect(locator).toBeVisible()

    Locator: locator('text=페이지 로드 시간')
    Expected: visible
    Received: <element(s) not found>
    Call log:
      - Expect "toBeVisible" with timeout 5000ms
      - waiting for locator('text=페이지 로드 시간')


      113 |     
      114 |     // 페이지 성능 데이터 확인
    > 115 |     await expect(page.locator('text=페이지 로드 시간')).toBeVisible();
          |                                                  ^
      116 |     await expect(page.locator('text=첫 번째 콘텐츠풀 페인트')).toBeVisible();
      117 |     await expect(page.locator('text=최대 콘텐츠풀 페인트')).toBeVisible();
      118 |     
        at /Users/m2/MASLABS/win.masgolf.co.kr/tests/funnel-management-2025-08.spec.ts:115:50

    attachment #1: screenshot (image/png) ──────────────────────────────────────────────────────────
    ../test-results/funnel-management-2025-08--76029-A4-API-데이터-확인-페이지-성능-데이터-확인-chromium/test-failed-1.png
    ────────────────────────────────────────────────────────────────────────────────────────────────

    attachment #2: video (video/webm) ──────────────────────────────────────────────────────────────
    ../test-results/funnel-management-2025-08--76029-A4-API-데이터-확인-페이지-성능-데이터-확인-chromium/video.webm
    ────────────────────────────────────────────────────────────────────────────────────────────────

    Error Context: ../test-results/funnel-management-2025-08--76029-A4-API-데이터-확인-페이지-성능-데이터-확인-chromium/error-context.md
]]>
</failure>
<system-out>
<![CDATA[
[[ATTACHMENT|funnel-management-2025-08--76029-A4-API-데이터-확인-페이지-성능-데이터-확인-chromium/test-failed-1.png]]

[[ATTACHMENT|funnel-management-2025-08--76029-A4-API-데이터-확인-페이지-성능-데이터-확인-chromium/video.webm]]

[[ATTACHMENT|funnel-management-2025-08--76029-A4-API-데이터-확인-페이지-성능-데이터-확인-chromium/error-context.md]]
]]>
</system-out>
</testcase>
<testcase name="퍼널 관리 2025-08 탭 GA4 API 데이터 확인 › A/B 테스트 데이터 확인" classname="funnel-management-2025-08.spec.ts" time="12.793">
<failure message="funnel-management-2025-08.spec.ts:124:7 A/B 테스트 데이터 확인" type="FAILURE">
<![CDATA[  [chromium] › funnel-management-2025-08.spec.ts:124:7 › 퍼널 관리 2025-08 탭 GA4 API 데이터 확인 › A/B 테스트 데이터 확인 

    Error: Timed out 5000ms waiting for expect(locator).toBeVisible()

    Locator: locator('text=A/B 테스트')
    Expected: visible
    Received: <element(s) not found>
    Call log:
      - Expect "toBeVisible" with timeout 5000ms
      - waiting for locator('text=A/B 테스트')


      128 |     
      129 |     // A/B 테스트 관련 데이터 확인
    > 130 |     await expect(page.locator('text=A/B 테스트')).toBeVisible();
          |                                                ^
      131 |     await expect(page.locator('text=live-a')).toBeVisible();
      132 |     await expect(page.locator('text=live-b')).toBeVisible();
      133 |     
        at /Users/m2/MASLABS/win.masgolf.co.kr/tests/funnel-management-2025-08.spec.ts:130:48

[...]
            feather.replace();
          250
]]>
</system-out>
</testcase>
</testsuite>
<testsuite name="test-admin.spec.ts" timestamp="2025-08-19T09:15:42.464Z" hostname="chromium" tests="5" failures="5" skipped="0" time="128.71" errors="0">
<testcase name="테스트 관리자 페이지 › 로그인 페이지 표시 확인" classname="test-admin.spec.ts" time="5.845">
<failure message="test-admin.spec.ts:8:7 로그인 페이지 표시 확인" type="FAILURE">
<![CDATA[  [chromium] › test-admin.spec.ts:8:7 › 테스트 관리자 페이지 › 로그인 페이지 표시 확인 ────────────────────────────────

    Error: Timed out 5000ms waiting for expect(locator).toBeVisible()

    Locator: locator('h1:has-text("MASGOLF Admin")')
    Expected: visible
    Received: <element(s) not found>
    Call log:
      - Expect "toBeVisible" with timeout 5000ms
      - waiting for locator('h1:has-text("MASGOLF Admin")')


       7 |
       8 |   test('로그인 페이지 표시 확인', async ({ page }) => {
    >  9 |     await expect(page.locator('h1:has-text("MASGOLF Admin")')).toBeVisible();
         |                                                                ^
      10 |     await expect(page.locator('input[type="text"]')).toBeVisible();
      11 |     await expect(page.locator('input[type="password"]')).toBeVisible();
      12 |     await expect(page.locator('button:has-text("로그인")')).toBeVisible();
        at /Users/m2/MASLABS/win.masgolf.co.kr/tests/test-admin.spec.ts:9:64

    attachment #1: screenshot (image/png) ──────────────────────────────────────────────────────────
    ../test-results/test-admin-테스트-관리자-페이지-로그인-페이지-표시-확인-chromium/test-failed-1.png
    ────────────────────────────────────────────────────────────────────────────────────────────────

    attachment #2: video (video/webm) ──────────────────────────────────────────────────────────────
    ../test-results/test-admin-테스트-관리자-페이지-로그인-페이지-표시-확인-chromium/video.webm
    ────────────────────────────────────────────────────────────────────────────────────────────────

    Error Context: ../test-results/test-admin-테스트-관리자-페이지-로그인-페이지-표시-확인-chromium/error-context.md
]]>
</failure>
<system-out>
<![CDATA[
[[ATTACHMENT|test-admin-테스트-관리자-페이지-로그인-페이지-표시-확인-chromium/test-failed-1.png]]

[[ATTACHMENT|test-admin-테스트-관리자-페이지-로그인-페이지-표시-확인-chromium/video.webm]]

[[ATTACHMENT|test-admin-테스트-관리자-페이지-로그인-페이지-표시-확인-chromium/error-context.md]]
]]>
</system-out>
</testcase>
<testcase name="테스트 관리자 페이지 › 로그인 성공" classname="test-admin.spec.ts" time="30.704">
<failure message="test-admin.spec.ts:15:7 로그인 성공" type="FAILURE">
<![CDATA[  [chromium] › test-admin.spec.ts:15:7 › 테스트 관리자 페이지 › 로그인 성공 ──────────────────────────────────────

    Test timeout of 30000ms exceeded.

    Error: page.fill: Test timeout of 30000ms exceeded.
    Call log:
      - waiting for locator('input[type="text"]')


      14 |
      15 |   test('로그인 성공', async ({ page }) => {
    > 16 |     await page.fill('input[type="text"]', 'admin');
         |                ^
      17 |     await page.fill('input[type="password"]', 'password');
      18 |     await page.click('button:has-text("로그인")');
      19 |     
        at /Users/m2/MASLABS/win.masgolf.co.kr/tests/test-admin.spec.ts:16:16

    attachment #1: screenshot (image/png) ──────────────────────────────────────────────────────────
    ../test-results/test-admin-테스트-관리자-페이지-로그인-성공-chromium/test-failed-1.png
    ────────────────────────────────────────────────────────────────────────────────────────────────

    attachment #2: video (video/webm) ──────────────────────────────────────────────────────────────
    ../test-results/test-admin-테스트-관리자-페이지-로그인-성공-chromium/video.webm
    ────────────────────────────────────────────────────────────────────────────────────────────────

    Error Context: ../test-results/test-admin-테스트-관리자-페이지-로그인-성공-chromium/error-context.md
]]>
</failure>
<system-out>
<![CDATA[
[[ATTACHMENT|test-admin-테스트-관리자-페이지-로그인-성공-chromium/test-failed-1.png]]

[[ATTACHMENT|test-admin-테스트-관리자-페이지-로그인-성공-chromium/video.webm]]

[[ATTACHMENT|test-admin-테스트-관리자-페이지-로그인-성공-chromium/error-context.md]]
]]>
</system-out>
</testcase>
<testcase name="테스트 관리자 페이지 › 로그인 실패" classname="test-admin.spec.ts" time="30.712">
<failure message="test-admin.spec.ts:24:7 로그인 실패" type="FAILURE">
<![CDATA[  [chromium] › test-admin.spec.ts:24:7 › 테스트 관리자 페이지 › 로그인 실패 ──────────────────────────────────────

    Test timeout of 30000ms exceeded.

    Error: page.fill: Test timeout of 30000ms exceeded.
    Call log:
      - waiting for locator('input[type="text"]')


      23 |
      24 |   test('로그인 실패', async ({ page }) => {
    > 25 |     await page.fill('input[type="text"]', 'wrong');
         |                ^
      26 |     await page.fill('input[type="password"]', 'wrong');
      27 |     await page.click('button:has-text("로그인")');
      28 |     
        at /Users/m2/MASLABS/win.masgolf.co.kr/tests/test-admin.spec.ts:25:16

    attachment #1: screenshot (image/png) ──────────────────────────────────────────────────────────
    ../test-results/test-admin-테스트-관리자-페이지-로그인-실패-chromium/test-failed-1.png
    ────────────────────────────────────────────────────────────────────────────────────────────────

    attachment #2: video (video/webm) ──────────────────────────────────────────────────────────────
    ../test-results/test-admin-테스트-관리자-페이지-로그인-실패-chromium/video.webm
    ────────────────────────────────────────────────────────────────────────────────────────────────

    Error Context: ../test-results/test-admin-테스트-관리자-페이지-로그인-실패-chromium/error-context.md
]]>
</failure>
<system-out>
<![CDATA[
[[ATTACHMENT|test-admin-테스트-관리자-페이지-로그인-실패-chromium/test-failed-1.png]]

[[ATTACHMENT|test-admin-테스트-관리자-페이지-로그인-실패-chromium/video.webm]]

[[ATTACHMENT|test-admin-테스트-관리자-페이지-로그인-실패-chromium/error-context.md]]
]]>
</system-out>
</testcase>
<testcase name="테스트 관리자 페이지 › 로그아웃" classname="test-admin.spec.ts" time="30.737">
<failure message="test-admin.spec.ts:36:7 로그아웃" type="FAILURE">
<![CDATA[  [chromium] › test-admin.spec.ts:36:7 › 테스트 관리자 페이지 › 로그아웃 ────────────────────────────────────────

    Test timeout of 30000ms exceeded.

    Error: page.fill: Test timeout of 30000ms exceeded.
    Call log:
      - waiting for locator('input[type="text"]')


      36 |   test('로그아웃', async ({ page }) => {
      37 |     // 먼저 로그인
    > 38 |     await page.fill('input[type="text"]', 'admin');
         |                ^
      39 |     await page.fill('input[type="password"]', 'password');
      40 |     await page.click('button:has-text("로그인")');
      41 |     
        at /Users/m2/MASLABS/win.masgolf.co.kr/tests/test-admin.spec.ts:38:16

    attachment #1: screenshot (image/png) ──────────────────────────────────────────────────────────
    ../test-results/test-admin-테스트-관리자-페이지-로그아웃-chromium/test-failed-1.png
    ────────────────────────────────────────────────────────────────────────────────────────────────

    attachment #2: video (video/webm) ──────────────────────────────────────────────────────────────
    ../test-results/test-admin-테스트-관리자-페이지-로그아웃-chromium/video.webm
    ────────────────────────────────────────────────────────────────────────────────────────────────

    Error Context: ../test-results/test-admin-테스트-관리자-페이지-로그아웃-chromium/error-context.md
]]>
</failure>
<system-out>
<![CDATA[
[[ATTACHMENT|test-admin-테스트-관리자-페이지-로그아웃-chromium/test-failed-1.png]]

[[ATTACHMENT|test-admin-테스트-관리자-페이지-로그아웃-chromium/video.webm]]

[[ATTACHMENT|test-admin-테스트-관리자-페이지-로그아웃-chromium/error-context.md]]
]]>
</system-out>
</testcase>
<testcase name="테스트 관리자 페이지 › 대시보드 요소 확인" classname="test-admin.spec.ts" time="30.712">
<failure message="test-admin.spec.ts:49:7 대시보드 요소 확인" type="FAILURE">
<![CDATA[  [chromium] › test-admin.spec.ts:49:7 › 테스트 관리자 페이지 › 대시보드 요소 확인 ──────────────────────────────────

    Test timeout of 30000ms exceeded.

    Error: page.fill: Test timeout of 30000ms exceeded.
    Call log:
      - waiting for locator('input[type="text"]')


      49 |   test('대시보드 요소 확인', async ({ page }) => {
      50 |     // 먼저 로그인
    > 51 |     await page.fill('input[type="text"]', 'admin');
         |                ^
      52 |     await page.fill('input[type="password"]', 'password');
      53 |     await page.click('button:has-text("로그인")');
      54 |     
        at /Users/m2/MASLABS/win.masgolf.co.kr/tests/test-admin.spec.ts:51:16

    attachment #1: screenshot (image/png) ──────────────────────────────────────────────────────────
    ../test-results/test-admin-테스트-관리자-페이지-대시보드-요소-확인-chromium/test-failed-1.png
    ────────────────────────────────────────────────────────────────────────────────────────────────

    attachment #2: video (video/webm) ──────────────────────────────────────────────────────────────
    ../test-results/test-admin-테스트-관리자-페이지-대시보드-요소-확인-chromium/video.webm
    ────────────────────────────────────────────────────────────────────────────────────────────────

    Error Context: ../test-results/test-admin-테스트-관리자-페이지-대시보드-요소-확인-chromium/error-context.md
]]>
</failure>
<system-out>
<![CDATA[
[[ATTACHMENT|test-admin-테스트-관리자-페이지-대시보드-요소-확인-chromium/test-failed-1.png]]

[[ATTACHMENT|test-admin-테스트-관리자-페이지-대시보드-요소-확인-chromium/video.webm]]

[[ATTACHMENT|test-admin-테스트-관리자-페이지-대시보드-요소-확인-chromium/error-context.md]]
]]>
</system-out>
</testcase>
</testsuite>
<testsuite name="world-class-dashboard.spec.ts" timestamp="2025-08-19T09:15:42.464Z" hostname="chromium" tests="8" failures="3" skipped="0" time="56.06" errors="0">
<testcase name="세계적인 A/B 테스트 대시보드 테스트 › 고급 사용자 행동 분석 섹션 확인" classname="world-class-dashboard.spec.ts" time="6.95">
<failure message="world-class-dashboard.spec.ts:17:7 고급 사용자 행동 분석 섹션 확인" type="FAILURE">
<![CDATA[  [chromium] › world-class-dashboard.spec.ts:17:7 › 세계적인 A/B 테스트 대시보드 테스트 › 고급 사용자 행동 분석 섹션 확인 ─────

    Error: expect.toBeVisible: Error: strict mode violation: locator('text=/평균 세션:/') resolved to 4 elements:
        1) <span class="text-sm text-gray-600">평균 세션:</span> aka getByText('평균 세션:').first()
        2) <span class="text-sm text-gray-600">평균 세션:</span> aka getByText('평균 세션:').nth(1)
        3) <span class="text-sm text-gray-600">평균 세션:</span> aka getByText('평균 세션:').nth(2)
        4) <span class="text-sm text-gray-600">평균 세션:</span> aka getByText('평균 세션:').nth(3)

    Call log:
      - Expect "toBeVisible" with timeout 5000ms
      - waiting for locator('text=/평균 세션:/')


      30 |     await expect(page.locator('h4:has-text("세션 분석")')).toBeVisible();
      31 |     await expect(page.locator('text=/총 세션:/')).toBeVisible();
    > 32 |     await expect(page.locator('text=/평균 세션:/')).toBeVisible();
         |                                                 ^
      33 |     await expect(page.locator('text=/바운스율:/')).toBeVisible();
      34 |     await expect(page.locator('text=/참여율:/')).toBeVisible();
      35 |     
        at /Users/m2/MASLABS/win.masgolf.co.kr/tests/world-class-dashboard.spec.ts:32:49

    attachment #1: screenshot (image/png) ──────────────────────────────────────────────────────────
    ../test-results/world-class-dashboard-세계적인-f3bec-대시보드-테스트-고급-사용자-행동-분석-섹션-확인-chromium/test-failed-1.png
    ────────────────────────────────────────────────────────────────────────────────────────────────

    attachment #2: video (video/webm) ──────────────────────────────────────────────────────────────
    ../test-results/world-class-dashboard-세계적인-f3bec-대시보드-테스트-고급-사용자-행동-분석-섹션-확인-chromium/video.webm
    ────────────────────────────────────────────────────────────────────────────────────────────────

    Error Context: ../test-results/world-class-dashboard-세계적인-f3bec-대시보드-테스트-고급-사용자-행동-분석-섹션-확인-chromium/error-context.md
]]>
</failure>
<system-out>
<![CDATA[
[[ATTACHMENT|world-class-dashboard-세계적인-f3bec-대시보드-테스트-고급-사용자-행동-분석-섹션-확인-chromium/test-failed-1.png]]

[[ATTACHMENT|world-class-dashboard-세계적인-f3bec-대시보드-테스트-고급-사용자-행동-분석-섹션-확인-chromium/video.webm]]

[[ATTACHMENT|world-class-dashboard-세계적인-f3bec-대시보드-테스트-고급-사용자-행동-분석-섹션-확인-chromium/error-context.md]]
]]>
</system-out>
</testcase>
<testcase name="세계적인 A/B 테스트 대시보드 테스트 › 고급 성능 분석 섹션 확인" classname="world-class-dashboard.spec.ts" time="8.454">
<failure message="world-class-dashboard.spec.ts:48:7 고급 성능 분석 섹션 확인" type="FAILURE">
<![CDATA[  [chromium] › world-class-dashboard.spec.ts:48:7 › 세계적인 A/B 테스트 대시보드 테스트 › 고급 성능 분석 섹션 확인 ─────────

    Error: expect.toBeVisible: Error: strict mode violation: locator('text=/평균 세션:/') resolved to 4 elements:
        1) <span class="text-sm text-gray-600">평균 세션:</span> aka getByText('평균 세션:').first()
        2) <span class="text-sm text-gray-600">평균 세션:</span> aka getByText('평균 세션:').nth(1)
        3) <span class="text-sm text-gray-600">평균 세션:</span> aka getByText('평균 세션:').nth(2)
        4) <span class="text-sm text-gray-600">평균 세션:</span> aka getByText('평균 세션:').nth(3)

    Call log:
      - Expect "toBeVisible" with timeout 5000ms
      - waiting for locator('text=/평균 세션:/')


      61 |     await expect(page.locator('h4:has-text("종합 성능 지표")')).toBeVisible();
      62 |     await expect(page.locator('text=/총 페이지뷰:/')).toBeVisible();
    > 63 |     await expect(page.locator('text=/평균 세션:/')).toBeVisible();
         |                                                 ^
      64 |     await expect(page.locator('text=/평균 바운스율:/')).toBeVisible();
      65 |     await expect(page.locator('text=/성능 점수:/')).toBeVisible();
      66 |     
        at /Users/m2/MASLABS/win.masgolf.co.kr/tests/world-class-dashboard.spec.ts:63:49

    attachment #1: screenshot (image/png) ──────────────────────────────────────────────────────────
    ../test-results/world-class-dashboard-세계적인-A-B-테스트-대시보드-테스트-고급-성능-분석-섹션-확인-chromium/test-failed-1.png
    ────────────────────────────────────────────────────────────────────────────────────────────────

    attachment #2: video (video/webm) ──────────────────────────────────────────────────────────────
    ../test-results/world-class-dashboard-세계적인-A-B-테스트-대시보드-테스트-고급-성능-분석-섹션-확인-chromium/video.webm
    ────────────────────────────────────────────────────────────────────────────────────────────────

    Error Context: ../test-results/world-class-dashboard-세계적인-A-B-테스트-대시보드-테스트-고급-성능-분석-섹션-확인-chromium/error-context.md
]]>
</failure>
<system-out>
<![CDATA[
[[ATTACHMENT|world-class-dashboard-세계적인-A-B-테스트-대시보드-테스트-고급-성능-분석-섹션-확인-chromium/test-failed-1.png]]

[[ATTACHMENT|world-class-dashboard-세계적인-A-B-테스트-대시보드-테스트-고급-성능-분석-섹션-확인-chromium/video.webm]]

[[ATTACHMENT|world-class-dashboard-세계적인-A-B-테스트-대시보드-테스트-고급-성능-분석-섹션-확인-chromium/error-context.md]]
]]>
</system-out>
</testcase>
<testcase name="세계적인 A/B 테스트 대시보드 테스트 › 월별 데이터 요약 섹션 확인" classname="world-class-dashboard.spec.ts" time="7.701">
<failure message="world-class-dashboard.spec.ts:78:7 월별 데이터 요약 섹션 확인" type="FAILURE">
<![CDATA[  [chromium] › world-class-dashboard.spec.ts:78:7 › 세계적인 A/B 테스트 대시보드 테스트 › 월별 데이터 요약 섹션 확인 ────────

    Error: expect.toBeVisible: Error: strict mode violation: locator('text=총 사용자') resolved to 3 elements:
        1) <p class="text-sm text-gray-600">총 사용자: 770명</p> aka getByText('총 사용자: 770명')
        2) <p class="text-sm text-gray-600">총 사용자: 1465명</p> aka getByText('총 사용자: 1465명')
        3) <p class="text-sm text-gray-600">총 사용자</p> aka getByText('총 사용자', { exact: true })

    Call log:
      - Expect "toBeVisible" with timeout 5000ms
      - waiting for locator('text=총 사용자')


      89 |     
      90 |     // 4개의 주요 지표 카드 확인
    > 91 |     await expect(page.locator('text=총 사용자')).toBeVisible();
         |                                              ^
      92 |     await expect(page.locator('text=총 페이지뷰')).toBeVisible();
      93 |     await expect(page.locator('text=총 이벤트')).toBeVisible();
      94 |     await expect(page.locator('text=작동일/총일')).toBeVisible();
        at /Users/m2/MASLABS/win.masgolf.co.kr/tests/world-class-dashboard.spec.ts:91:46

    attachment #1: screenshot (image/png) ──────────────────────────────────────────────────────────
    ../test-results/world-class-dashboard-세계적인-A-B-테스트-대시보드-테스트-월별-데이터-요약-섹션-확인-chromium/test-failed-1.png
    ────────────────────────────────────────────────────────────────────────────────────────────────

    attachment #2: video (video/webm) ──────────────────────────────────────────────────────────────
    ../test-results/world-class-dashboard-세계적인-A-B-테스트-대시보드-테스트-월별-데이터-요약-섹션-확인-chromium/video.webm
    ────────────────────────────────────────────────────────────────────────────────────────────────

    Error Context: ../test-results/world-class-dashboard-세계적인-A-B-테스트-대시보드-테스트-월별-데이터-요약-섹션-확인-chromium/error-context.md
]]>
</failure>
<system-out>
<![CDATA[
[[ATTACHMENT|world-class-dashboard-세계적인-A-B-테스트-대시보드-테스트-월별-데이터-요약-섹션-확인-chromium/test-failed-1.png]]

[[ATTACHMENT|world-class-dashboard-세계적인-A-B-테스트-대시보드-테스트-월별-데이터-요약-섹션-확인-chromium/video.webm]]

[[ATTACHMENT|world-class-dashboard-세계적인-A-B-테스트-대시보드-테스트-월별-데이터-요약-섹션-확인-chromium/error-context.md]]
]]>
</system-out>
</testcase>
<testcase name="세계적인 A/B 테스트 대시보드 테스트 › 실제 데이터 값 확인" classname="world-class-dashboard.spec.ts" time="6.703">
<system-out>
<![CDATA[실제 데이터 값들: {
  totalUsers: [32m'총 5개의 퍼널 파일'[39m,
  totalPageViews: [32m'마지막 업데이트: 2025. 8. 19. 오후 6:20:04'[39m,
  totalEvents: [32m'2025-05'[39m
}
✅ 실제 데이터 값들이 정상적으로 표시됩니다.
]]>
</system-out>
</testcase>
<testcase name="세계적인 A/B 테스트 대시보드 테스트 › API 호출 모니터링" classname="world-class-dashboard.spec.ts" time="6.505">
<system-out>
<![CDATA[사용 중인 모든 API 엔드포인트: [
  { url: [32m'http://localhost:3000/api/funnel-management'[39m, method: [32m'GET'[39m },
  { url: [32m'http://localhost:3000/api/ga4-realtime'[39m, method: [32m'GET'[39m },
  {
    url: [32m'http://localhost:3000/api/ga4-user-behavior-filtered'[39m,
    method: [32m'GET'[39m
  },
  {
    url: [32m'http://localhost:3000/api/performance-metrics-filtered'[39m,
    method: [32m'GET'[39m
  },
  { url: [32m'http://localhost:3000/api/ga4-monthly'[39m, method: [32m'GET'[39m },
  {
    url: [32m'http://localhost:3000/api/page-tracking-dates'[39m,
    method: [32m'GET'[39m
  },
  {
    url: [32m'http://localhost:3000/api/funnel-daily-views'[39m,
    method: [32m'GET'[39m
  },
  {
    url: [32m'http://localhost:3000/api/ga4-funnel-user-behavior?path=funnel-2025-08-live-a&month=2025-08'[39m,
    method: [32m'GET'[39m
  },
  {
    url: [32m'http://localhost:3000/api/ga4-funnel-user-behavior?path=funnel-2025-08-live-b&month=2025-08'[39m,
    method: [32m'GET'[39m
  },
  {
    url: [32m'http://localhost:3000/api/ga4-funnel-user-behavior?path=funnel-2025-07-live&month=2025-07'[39m,
    method: [32m'GET'[39m
  },
  {
    url: [32m'http://localhost:3000/api/ga4-top-pages-2025-07'[39m,
    method: [32m'GET'[39m
  }
]
고급 API 호출 상태: { userBehavior: [33mtrue[39m, performance: [33mtrue[39m, monthly: [33mtrue[39m }
✅ 모든 고급 API들이 정상적으로 호출됩니다.
]]>
</system-out>
</testcase>
<testcase name="세계적인 A/B 테스트 대시보드 테스트 › 차트 및 그래프 렌더링 확인" classname="world-class-dashboard.spec.ts" time="6.264">
<system-out>
<![CDATA[렌더링된 차트 개수: [33m19[39m
✅ 모든 차트와 그래프가 정상적으로 렌더링됩니다.
]]>
</system-out>
</testcase>
<testcase name="세계적인 A/B 테스트 대시보드 테스트 › 반응형 레이아웃 확인" classname="world-class-dashboard.spec.ts" time="6.865">
<system-out>
<![CDATA[그리드 레이아웃 개수: [33m8[39m
✅ 반응형 레이아웃이 정상적으로 작동합니다.
]]>
</system-out>
</testcase>
<testcase name="세계적인 A/B 테스트 대시보드 테스트 › 데이터 업데이트 시간 확인" classname="world-class-dashboard.spec.ts" time="6.618">
<system-out>
<![CDATA[데이터 업데이트 시간: 마지막 업데이트: 2025. 8. 19. 오후 6:20:16
✅ 데이터 업데이트 시간이 정상적으로 표시됩니다.
]]>
</system-out>
</testcase>
</testsuite>
</testsuites>